
                         MODELLER 9.17, 2016/07/02, r10881

     PROTEIN STRUCTURE MODELLING BY SATISFACTION OF SPATIAL RESTRAINTS


                     Copyright(c) 1989-2016 Andrej Sali
                            All Rights Reserved

                             Written by A. Sali
                               with help from
              B. Webb, M.S. Madhusudhan, M-Y. Shen, G.Q. Dong,
          M.A. Marti-Renom, N. Eswar, F. Alber, M. Topf, B. Oliva,
             A. Fiser, R. Sanchez, B. Yerkovich, A. Badretdinov,
                     F. Melo, J.P. Overington, E. Feyfant
                 University of California, San Francisco, USA
                    Rockefeller University, New York, USA
                      Harvard University, Cambridge, USA
                   Imperial Cancer Research Fund, London, UK
              Birkbeck College, University of London, London, UK


Kind, OS, HostName, Kernel, Processor: 4, Windows Vista build 9200, DESKTOP-1UJTGNF, SMP, x86 Family 6 Model 142 Stepping 9

Date and time of compilation         : 2016/07/01 22:10:06
MODELLER executable type             : i386-w32
Job starting time (YY/MM/DD HH:MM:SS): 2017/02/02 13:46:43


Multiple dynamic programming alignment (MALIGN):
  Residue-residue metric  : $(LIB)/as1.sim.mat
  ALIGN_BLOCK             :            1
  Gap introduction penalty:    -900.0000
  Gap extension penalty   :     -50.0000
  Length of alignment     :          428
# Sequence alignment of the structurally conserved regions
# [average distance and standard deviation are with respect
#  to the framework (i.e., average structure)]
#
#  N av ds st dv   3n2gD  1tubB  
# ===============================
   1 1.066 0.000 * R   2  R   2  
   2 0.707 0.000 * E   3  E   3  
   3 0.842 0.000 * I   4  I   4  
   4 0.422 0.000 * V   5  V   5  
   5 0.473 0.000 * H   6  H   6  
   6 0.230 0.000 * I   7  I   7  
   7 0.243 0.000 * Q   8  Q   8  
   8 0.344 0.000 * A   9  A   9  
   9 0.343 0.000 * G  10  G  10  
  10 0.562 0.000 * Q  11  Q  11  
  11 0.466 0.000 * C  12  C  12  
  12 0.329 0.000 * G  13  G  13  
  13 0.318 0.000 * N  14  N  14  
  14 0.354 0.000 * Q  15  Q  15  
  15 0.377 0.000 * I  16  I  16  
  16 0.636 0.000 * G  17  G  17  
  17 0.792 0.000 * A  18  A  18  
  18 0.483 0.000 * K  19  K  19  
  19 0.298 0.000 * F  20  F  20  
  20 0.412 0.000 * W  21  W  21  
  21 0.500 0.000 * E  22  E  22  
  22 0.208 0.000 * V  23  V  23  
  23 1.069 0.000 * I  24  I  24  
  24 1.010 0.000 * S  25  S  25  
  25 0.692 0.000 * D  26  D  26  
# ===============================
  26 0.881 0.000   H  28  E  27  
# ===============================
  27 0.737 0.000   D  31  L  42  
  28 0.467 0.000   P  32  Q  43  
# ===============================
  29 1.061 0.000   T  33  E  47  
  30 0.540 0.000   G  34  R  48  
# ===============================
  31 0.835 0.000   N  54  E  55  
  32 0.968 0.000   E  55  A  56  
# ===============================
  33 0.898 0.000   K  60  Y  61  
# ===============================
  34 0.749 0.000 * V  62  V  62  
  35 1.321 0.000 * P  63  P  63  
  36 1.201 0.000 * R  64  R  64  
  37 0.319 0.000 * A  65  A  65  
  38 0.484 0.000 * I  66  I  66  
  39 0.467 0.000 * L  67  L  67  
  40 0.517 0.000 * V  68  V  68  
  41 0.724 0.000 * D  69  D  69  
  42 0.808 0.000 * L  70  L  70  
  43 0.865 0.000 * E  71  E  71  
  44 0.880 0.000 * P  72  P  72  
  45 1.394 0.000 * G  73  G  73  
  46 1.064 0.000 * T  74  T  74  
  47 0.773 0.000 * M  75  M  75  
  48 0.871 0.000 * D  76  D  76  
  49 0.638 0.000 * S  77  S  77  
  50 0.660 0.000 * V  78  V  78  
  51 0.629 0.000 * R  79  R  79  
  52 1.129 0.000 * S  80  S  80  
# ===============================
  53 0.666 0.000   G  81  P  82  
# ===============================
  54 0.919 0.000 * F  83  F  83  
  55 0.716 0.000 * G  84  G  84  
  56 0.371 0.000 * Q  85  Q  85  
# ===============================
  57 1.362 0.000   F  87  I  86  
  58 1.300 0.000   R  88  F  87  
  59 0.148 0.000   P  89  R  88  
  60 0.594 0.000   D  90  P  89  
  61 0.377 0.000   N  91  D  90  
  62 0.281 0.000   F  92  N  91  
  63 0.619 0.000   V  93  F  92  
  64 0.480 0.000   F  94  V  93  
  65 0.363 0.000   G  95  F  94  
# ===============================
  66 0.834 0.000 * Q  96  Q  96  
  67 0.703 0.000 * S  97  S  97  
  68 0.661 0.000 * G  98  G  98  
  69 0.755 0.000 * A  99  A  99  
  70 1.097 0.000 * G 100  G 100  
  71 0.808 0.000 * N 101  N 101  
  72 0.679 0.000 * N 102  N 102  
  73 0.551 0.000 * W 103  W 103  
  74 0.562 0.000 * A 104  A 104  
  75 0.604 0.000 * K 105  K 105  
  76 0.656 0.000 * G 106  G 106  
  77 0.548 0.000 * H 107  H 107  
  78 0.504 0.000 * Y 108  Y 108  
  79 0.719 0.000 * T 109  T 109  
  80 0.731 0.000 * E 110  E 110  
  81 0.675 0.000 * G 111  G 111  
  82 0.497 0.000 * A 112  A 112  
  83 1.042 0.000 * E 113  E 113  
  84 0.771 0.000 * L 114  L 114  
  85 0.648 0.000 * V 115  V 115  
  86 0.599 0.000 * D 116  D 116  
  87 0.548 0.000 * S 117  S 117  
  88 0.593 0.000 * V 118  V 118  
  89 0.270 0.000 * L 119  L 119  
  90 0.595 0.000 * D 120  D 120  
  91 0.762 0.000 * V 121  V 121  
  92 0.506 0.000 * V 122  V 122  
  93 0.530 0.000 * R 123  R 123  
  94 0.711 0.000 * K 124  K 124  
  95 0.724 0.000 * E 125  E 125  
  96 0.379 0.000 * S 126  S 126  
# ===============================
  97 1.030 0.000   S 128  E 127  
  98 1.057 0.000   C 129  S 128  
  99 1.171 0.000   D 130  C 129  
# ===============================
 100 0.981 0.000 * C 131  C 131  
 101 1.193 0.000 * L 132  L 132  
 102 1.185 0.000 * Q 133  Q 133  
 103 1.702 0.000 * G 134  G 134  
 104 0.653 0.000 * F 135  F 135  
 105 0.756 0.000 * Q 136  Q 136  
 106 0.415 0.000 * L 137  L 137  
 107 0.439 0.000 * T 138  T 138  
 108 0.527 0.000 * H 139  H 139  
 109 0.426 0.000 * S 140  S 140  
 110 0.673 0.000 * L 141  L 141  
 111 0.442 0.000 * G 142  G 142  
 112 0.928 0.000 * G 143  G 143  
 113 0.355 0.000 * G 144  G 144  
 114 0.395 0.000 * T 145  T 145  
 115 0.299 0.000 * G 146  G 146  
 116 0.559 0.000 * S 147  S 147  
 117 0.450 0.000 * G 148  G 148  
 118 0.390 0.000 * M 149  M 149  
 119 0.552 0.000 * G 150  G 150  
 120 0.101 0.000 * T 151  T 151  
 121 0.222 0.000 * L 152  L 152  
 122 0.449 0.000 * L 153  L 153  
 123 0.570 0.000 * I 154  I 154  
 124 0.602 0.000 * S 155  S 155  
 125 0.859 0.000 * K 156  K 156  
 126 0.861 0.000 * I 157  I 157  
 127 1.190 0.000 * R 158  R 158  
 128 1.153 0.000 * E 159  E 159  
 129 1.146 0.000 * E 160  E 160  
 130 1.033 0.000 * Y 161  Y 161  
 131 1.233 0.000 * P 162  P 162  
 132 1.435 0.000 * D 163  D 163  
 133 1.066 0.000 * R 164  R 164  
 134 0.949 0.000 * I 165  I 165  
 135 0.731 0.000 * M 166  M 166  
 136 0.786 0.000 * N 167  N 167  
 137 0.069 0.000 * T 168  T 168  
 138 0.188 0.000 * F 169  F 169  
 139 0.533 0.000 * S 170  S 170  
 140 0.224 0.000 * V 171  V 171  
 141 0.380 0.000   M 172  V 172  
 142 1.211 0.000 * P 173  P 173  
 143 1.255 0.000 * S 174  S 174  
# ===============================
 144 0.512 0.000 * K 176  K 176  
# ===============================
 145 1.331 0.000 * S 178  S 178  
# ===============================
 146 0.591 0.000   T 180  D 179  
 147 0.700 0.000   V 181  T 180  
 148 0.507 0.000 * V 182  V 181  
 149 0.513 0.000   E 183  V 182  
 150 0.493 0.000   P 184  E 183  
 151 0.790 0.000   Y 185  P 184  
 152 0.329 0.000   N 186  Y 185  
 153 0.260 0.000   A 187  N 186  
 154 0.225 0.000   T 188  A 187  
 155 0.158 0.000   L 189  T 188  
 156 0.375 0.000   S 190  L 189  
 157 0.488 0.000   V 191  S 190  
 158 0.372 0.000   H 192  V 191  
 159 0.258 0.000   Q 193  H 192  
 160 0.376 0.000   L 194  Q 193  
 161 0.163 0.000   V 195  L 194  
 162 0.159 0.000   E 196  V 195  
 163 0.767 0.000   N 197  E 196  
# ===============================
 164 0.544 0.000 * T 198  T 198  
 165 0.549 0.000 * D 199  D 199  
 166 0.391 0.000 * E 200  E 200  
 167 0.333 0.000 * T 201  T 201  
 168 0.426 0.000 * Y 202  Y 202  
 169 0.854 0.000   S 203  C 203  
 170 0.933 0.000 * I 204  I 204  
 171 0.600 0.000 * D 205  D 205  
 172 0.690 0.000 * N 206  N 206  
 173 0.830 0.000 * E 207  E 207  
 174 0.376 0.000 * A 208  A 208  
 175 0.420 0.000 * L 209  L 209  
 176 1.060 0.000 * Y 210  Y 210  
 177 1.202 0.000 * D 211  D 211  
 178 0.973 0.000 * I 212  I 212  
# ===============================
 179 1.239 0.000   C 213  F 214  
# ===============================
 180 0.245 0.000   T 216  R 215  
# ===============================
 181 1.446 0.000   L 217  K 218  
# ===============================
 182 1.635 0.000   L 219  T 220  
# ===============================
 183 1.452 0.000 * P 222  P 222  
 184 1.066 0.000 * T 223  T 223  
 185 0.723 0.000 * Y 224  Y 224  
 186 0.764 0.000 * G 225  G 225  
 187 0.822 0.000 * D 226  D 226  
 188 0.814 0.000 * L 227  L 227  
 189 1.180 0.000 * N 228  N 228  
 190 1.005 0.000 * H 229  H 229  
 191 0.380 0.000 * L 230  L 230  
 192 0.615 0.000 * V 231  V 231  
 193 0.956 0.000 * S 232  S 232  
 194 0.862 0.000 * A 233  A 233  
 195 0.685 0.000 * T 234  T 234  
 196 0.614 0.000 * M 235  M 235  
 197 0.569 0.000 * S 236  S 236  
 198 0.986 0.000 * G 237  G 237  
 199 0.929 0.000 * V 238  V 238  
 200 0.808 0.000 * T 239  T 239  
# ===============================
 201 0.653 0.000   T 240  C 241  
 202 0.415 0.000   C 241  L 242  
# ===============================
 203 1.073 0.000 * R 243  R 243  
 204 0.262 0.000 * F 244  F 244  
 205 0.570 0.000 * P 245  P 245  
# ===============================
 206 1.146 0.000 * Q 247  Q 247  
# ===============================
 207 0.773 0.000   L 248  N 249  
# ===============================
 208 0.669 0.000   A 250  D 251  
# ===============================
 209 1.189 0.000 * L 252  L 252  
 210 1.364 0.000 * R 253  R 253  
# ===============================
 211 0.602 0.000   L 255  K 254  
# ===============================
 212 0.680 0.000 * A 256  A 256  
# ===============================
 213 1.222 0.000   N 258  V 257  
 214 0.816 0.000   M 259  N 258  
# ===============================
 215 0.851 0.000 * V 260  V 260  
 216 0.707 0.000 * P 261  P 261  
 217 0.440 0.000 * F 262  F 262  
 218 0.145 0.000 * P 263  P 263  
 219 0.197 0.000 * R 264  R 264  
# ===============================
 220 0.570 0.000 * H 266  H 266  
 221 0.270 0.000 * F 267  F 267  
 222 0.596 0.000 * F 268  F 268  
 223 0.479 0.000 * M 269  M 269  
 224 0.372 0.000 * P 270  P 270  
 225 0.577 0.000 * G 271  G 271  
 226 0.702 0.000 * F 272  F 272  
 227 0.213 0.000 * A 273  A 273  
 228 1.016 0.000 * P 274  P 274  
 229 0.998 0.000 * L 275  L 275  
# ===============================
 230 0.823 0.000   Q 281  R 278  
# ===============================
 231 0.715 0.000 * Q 282  Q 281  
 232 0.447 0.000   Y 283  Q 282  
# ===============================
 233 0.929 0.000   A 285  R 284  
# ===============================
 234 1.363 0.000 * L 286  L 286  
 235 1.037 0.000 * T 287  T 287  
 236 0.759 0.000 * V 288  V 288  
 237 0.726 0.000 * P 289  P 289  
 238 1.060 0.000 * E 290  E 290  
 239 0.772 0.000 * L 291  L 291  
 240 0.441 0.000 * T 292  T 292  
 241 0.695 0.000 * Q 293  Q 293  
 242 0.526 0.000 * Q 294  Q 294  
 243 0.316 0.000 * M 295  M 295  
 244 0.631 0.000 * F 296  F 296  
 245 0.355 0.000 * D 297  D 297  
 246 0.858 0.000   S 298  A 298  
 247 0.509 0.000 * K 299  K 299  
 248 0.435 0.000 * N 300  N 300  
 249 0.524 0.000 * M 301  M 301  
 250 1.021 0.000 * M 302  M 302  
 251 0.980 0.000 * A 303  A 303  
 252 0.933 0.000 * A 304  A 304  
 253 0.884 0.000 * C 305  C 305  
 254 1.335 0.000 * D 306  D 306  
 255 1.271 0.000 * P 307  P 307  
 256 1.268 0.000 * R 308  R 308  
 257 1.169 0.000 * H 309  H 309  
 258 1.042 0.000 * G 310  G 310  
 259 0.675 0.000 * R 311  R 311  
 260 0.939 0.000 * Y 312  Y 312  
 261 0.781 0.000 * L 313  L 313  
 262 0.615 0.000 * T 314  T 314  
 263 0.580 0.000 * V 315  V 315  
 264 0.674 0.000 * A 316  A 316  
 265 0.521 0.000 * A 317  A 317  
 266 0.513 0.000 * V 318  V 318  
 267 0.436 0.000 * F 319  F 319  
 268 1.065 0.000 * R 320  R 320  
 269 0.809 0.000 * G 321  G 321  
 270 1.347 0.000 * R 322  R 322  
 271 1.227 0.000 * M 323  M 323  
# ===============================
 272 0.809 0.000   M 325  S 324  
# ===============================
 273 1.461 0.000 * K 326  K 326  
 274 1.159 0.000 * E 327  E 327  
 275 0.933 0.000 * V 328  V 328  
 276 0.934 0.000 * D 329  D 329  
 277 0.946 0.000 * E 330  E 330  
 278 0.732 0.000 * Q 331  Q 331  
 279 0.732 0.000 * M 332  M 332  
 280 1.010 0.000 * L 333  L 333  
 281 0.996 0.000 * N 334  N 334  
 282 0.913 0.000 * V 335  V 335  
 283 0.939 0.000 * Q 336  Q 336  
 284 1.062 0.000 * N 337  N 337  
 285 1.363 0.000 * K 338  K 338  
 286 1.166 0.000 * N 339  N 339  
# ===============================
 287 0.624 0.000 * S 341  S 340  
# ===============================
 288 0.896 0.000 * Y 342  Y 342  
 289 0.669 0.000 * F 343  F 343  
 290 0.970 0.000 * V 344  V 344  
 291 1.469 0.000 * E 345  E 345  
 292 1.155 0.000 * W 346  W 346  
 293 1.218 0.000 * I 347  I 347  
 294 1.094 0.000 * P 348  P 348  
 295 1.056 0.000 * N 349  N 349  
 296 1.450 0.000 * N 350  N 350  
 297 0.589 0.000 * V 351  V 351  
 298 0.932 0.000 * K 352  K 352  
 299 0.451 0.000 * T 353  T 353  
 300 1.048 0.000 * A 354  A 354  
 301 0.853 0.000 * V 355  V 355  
 302 0.922 0.000 * C 356  C 356  
 303 1.546 0.000 * D 357  D 357  
 304 0.786 0.000 * I 358  I 358  
 305 0.868 0.000 * P 359  P 359  
 306 0.807 0.000 * P 360  P 360  
# ===============================
 307 1.267 0.000 * G 370  G 370  
 308 0.696 0.000 * L 371  L 371  
 309 0.923 0.000 * K 372  K 372  
 310 0.884 0.000 * M 373  M 373  
 311 0.966 0.000 * S 374  S 374  
 312 0.326 0.000 * A 375  A 375  
 313 0.391 0.000 * T 376  T 376  
 314 0.269 0.000 * F 377  F 377  
 315 0.402 0.000 * I 378  I 378  
 316 0.336 0.000 * G 379  G 379  
 317 0.934 0.000 * N 380  N 380  
 318 0.739 0.000 * S 381  S 381  
 319 1.070 0.000 * T 382  T 382  
 320 0.575 0.000 * A 383  A 383  
 321 0.828 0.000 * I 384  I 384  
 322 0.665 0.000 * Q 385  Q 385  
 323 0.695 0.000 * E 386  E 386  
 324 0.378 0.000 * L 387  L 387  
 325 0.570 0.000 * F 388  F 388  
 326 0.566 0.000 * K 389  K 389  
 327 0.806 0.000 * R 390  R 390  
 328 0.680 0.000 * I 391  I 391  
 329 0.588 0.000 * S 392  S 392  
 330 1.077 0.000 * E 393  E 393  
 331 1.045 0.000 * Q 394  Q 394  
 332 0.982 0.000 * F 395  F 395  
 333 0.947 0.000 * T 396  T 396  
 334 1.168 0.000 * A 397  A 397  
 335 0.561 0.000 * M 398  M 398  
# ===============================
 336 1.455 0.000   F 399  R 400  
 337 1.226 0.000 * R 400  R 401  
 338 0.774 0.000   R 401  K 402  
 339 0.849 0.000   K 402  A 403  
# ===============================
 340 1.323 0.000 * F 404  F 404  
 341 0.942 0.000 * L 405  L 405  
 342 0.759 0.000 * H 406  H 406  
 343 0.309 0.000 * W 407  W 407  
 344 0.785 0.000 * Y 408  Y 408  
 345 1.015 0.000 * T 409  T 409  
# ===============================
 346 0.657 0.000   E 411  G 410  
# ===============================
 347 1.032 0.000 * G 412  G 412  
 348 0.807 0.000 * M 413  M 413  
 349 0.432 0.000 * D 414  D 414  
 350 0.977 0.000 * E 415  E 415  
# ===============================
 351 0.717 0.000   E 417  M 416  
# ===============================
 352 0.499 0.000 * F 418  F 418  
 353 0.802 0.000 * T 419  T 419  
 354 0.853 0.000 * E 420  E 420  
 355 0.507 0.000 * A 421  A 421  
 356 0.567 0.000 * E 422  E 422  
 357 0.449 0.000 * S 423  S 423  
 358 0.424 0.000 * N 424  N 424  
 359 0.554 0.000 * M 425  M 425  
 360 0.476 0.000 * N 426  N 426  
 361 0.333 0.000 * D 427  D 427  
 362 0.295 0.000 * L 428  L 428  
 363 0.307 0.000 * V 429  V 429  
 364 0.271 0.000 * S 430  S 430  
 365 0.413 0.000 * E 431  E 431  
 366 0.663 0.000 * Y 432  Y 432  
 367 0.465 0.000 * Q 433  Q 433  
 368 0.313 0.000 * Q 434  Q 434  
 369 0.522 0.000 * Y 435  Y 435  
 370 0.388 0.000 * Q 436  Q 436  
# ===============================
# Sequence alignment of the structurally conserved regions
# [average distance and standard deviation are with respect
#  to the framework (i.e., average structure)]
#
#  N av ds st dv   3n2gD  1tubB  
# ===============================
   1 1.064 0.000 * R   2  R   2  
   2 0.712 0.000 * E   3  E   3  
   3 0.882 0.000 * I   4  I   4  
   4 0.473 0.000 * V   5  V   5  
   5 0.506 0.000 * H   6  H   6  
   6 0.245 0.000 * I   7  I   7  
   7 0.295 0.000 * Q   8  Q   8  
   8 0.404 0.000 * A   9  A   9  
   9 0.425 0.000 * G  10  G  10  
  10 0.631 0.000 * Q  11  Q  11  
  11 0.480 0.000 * C  12  C  12  
  12 0.268 0.000 * G  13  G  13  
  13 0.328 0.000 * N  14  N  14  
  14 0.391 0.000 * Q  15  Q  15  
  15 0.404 0.000 * I  16  I  16  
  16 0.651 0.000 * G  17  G  17  
  17 0.828 0.000 * A  18  A  18  
  18 0.523 0.000 * K  19  K  19  
  19 0.327 0.000 * F  20  F  20  
  20 0.446 0.000 * W  21  W  21  
  21 0.550 0.000 * E  22  E  22  
  22 0.240 0.000 * V  23  V  23  
  23 1.108 0.000 * I  24  I  24  
  24 1.018 0.000 * S  25  S  25  
  25 0.651 0.000 * D  26  D  26  
# ===============================
  26 0.971 0.000   H  28  E  27  
# ===============================
  27 0.727 0.000   D  31  L  42  
  28 0.431 0.000   P  32  Q  43  
# ===============================
  29 0.979 0.000   T  33  E  47  
  30 0.431 0.000   G  34  R  48  
# ===============================
  31 0.923 0.000   N  54  E  55  
  32 1.000 0.000   E  55  A  56  
# ===============================
  33 0.867 0.000   K  60  Y  61  
# ===============================
  34 0.704 0.000 * V  62  V  62  
  35 1.363 0.000 * P  63  P  63  
  36 1.225 0.000 * R  64  R  64  
  37 0.283 0.000 * A  65  A  65  
  38 0.396 0.000 * I  66  I  66  
  39 0.378 0.000 * L  67  L  67  
  40 0.467 0.000 * V  68  V  68  
  41 0.655 0.000 * D  69  D  69  
  42 0.770 0.000 * L  70  L  70  
  43 0.958 0.000 * E  71  E  71  
  44 0.985 0.000 * P  72  P  72  
  45 1.427 0.000 * G  73  G  73  
  46 0.985 0.000 * T  74  T  74  
  47 0.780 0.000 * M  75  M  75  
  48 0.987 0.000 * D  76  D  76  
  49 0.754 0.000 * S  77  S  77  
  50 0.722 0.000 * V  78  V  78  
  51 0.741 0.000 * R  79  R  79  
  52 1.063 0.000 * S  80  S  80  
# ===============================
  53 0.562 0.000   G  81  P  82  
# ===============================
  54 0.992 0.000 * F  83  F  83  
  55 0.622 0.000 * G  84  G  84  
  56 0.452 0.000 * Q  85  Q  85  
# ===============================
  57 1.446 0.000   F  87  I  86  
  58 1.365 0.000   R  88  F  87  
  59 0.112 0.000   P  89  R  88  
  60 0.454 0.000   D  90  P  89  
  61 0.332 0.000   N  91  D  90  
  62 0.238 0.000   F  92  N  91  
  63 0.658 0.000   V  93  F  92  
  64 0.533 0.000   F  94  V  93  
  65 0.265 0.000   G  95  F  94  
  66 0.939 0.000   Q  96  G  95  
# ===============================
  67 0.697 0.000 * S  97  S  97  
  68 0.577 0.000 * G  98  G  98  
  69 0.666 0.000 * A  99  A  99  
  70 1.024 0.000 * G 100  G 100  
  71 0.831 0.000 * N 101  N 101  
  72 0.735 0.000 * N 102  N 102  
  73 0.579 0.000 * W 103  W 103  
  74 0.583 0.000 * A 104  A 104  
  75 0.631 0.000 * K 105  K 105  
  76 0.588 0.000 * G 106  G 106  
  77 0.473 0.000 * H 107  H 107  
  78 0.478 0.000 * Y 108  Y 108  
  79 0.672 0.000 * T 109  T 109  
  80 0.619 0.000 * E 110  E 110  
  81 0.576 0.000 * G 111  G 111  
  82 0.424 0.000 * A 112  A 112  
  83 0.926 0.000 * E 113  E 113  
  84 0.692 0.000 * L 114  L 114  
  85 0.668 0.000 * V 115  V 115  
  86 0.631 0.000 * D 116  D 116  
  87 0.557 0.000 * S 117  S 117  
  88 0.578 0.000 * V 118  V 118  
  89 0.183 0.000 * L 119  L 119  
  90 0.495 0.000 * D 120  D 120  
  91 0.734 0.000 * V 121  V 121  
  92 0.453 0.000 * V 122  V 122  
  93 0.435 0.000 * R 123  R 123  
  94 0.641 0.000 * K 124  K 124  
  95 0.661 0.000 * E 125  E 125  
  96 0.257 0.000 * S 126  S 126  
# ===============================
  97 0.998 0.000   S 128  E 127  
  98 1.139 0.000   C 129  S 128  
  99 1.262 0.000   D 130  C 129  
# ===============================
 100 0.913 0.000 * C 131  C 131  
 101 1.128 0.000 * L 132  L 132  
 102 1.124 0.000 * Q 133  Q 133  
 103 1.657 0.000 * G 134  G 134  
 104 0.633 0.000 * F 135  F 135  
 105 0.759 0.000 * Q 136  Q 136  
 106 0.431 0.000 * L 137  L 137  
 107 0.466 0.000 * T 138  T 138  
 108 0.575 0.000 * H 139  H 139  
 109 0.487 0.000 * S 140  S 140  
 110 0.702 0.000 * L 141  L 141  
 111 0.413 0.000 * G 142  G 142  
 112 0.882 0.000 * G 143  G 143  
 113 0.446 0.000 * G 144  G 144  
 114 0.480 0.000 * T 145  T 145  
 115 0.369 0.000 * G 146  G 146  
 116 0.612 0.000 * S 147  S 147  
 117 0.510 0.000 * G 148  G 148  
 118 0.441 0.000 * M 149  M 149  
 119 0.580 0.000 * G 150  G 150  
 120 0.142 0.000 * T 151  T 151  
 121 0.160 0.000 * L 152  L 152  
 122 0.410 0.000 * L 153  L 153  
 123 0.549 0.000 * I 154  I 154  
 124 0.556 0.000 * S 155  S 155  
 125 0.794 0.000 * K 156  K 156  
 126 0.793 0.000 * I 157  I 157  
 127 1.133 0.000 * R 158  R 158  
 128 1.106 0.000 * E 159  E 159  
 129 1.065 0.000 * E 160  E 160  
 130 0.950 0.000 * Y 161  Y 161  
 131 1.148 0.000 * P 162  P 162  
 132 1.341 0.000 * D 163  D 163  
 133 0.995 0.000 * R 164  R 164  
 134 0.884 0.000 * I 165  I 165  
 135 0.682 0.000 * M 166  M 166  
 136 0.742 0.000 * N 167  N 167  
 137 0.031 0.000 * T 168  T 168  
 138 0.177 0.000 * F 169  F 169  
 139 0.523 0.000 * S 170  S 170  
 140 0.216 0.000 * V 171  V 171  
 141 0.345 0.000   M 172  V 172  
 142 1.291 0.000 * P 173  P 173  
 143 1.348 0.000 * S 174  S 174  
# ===============================
 144 0.599 0.000 * K 176  K 176  
# ===============================
 145 1.355 0.000 * S 178  S 178  
# ===============================
 146 0.684 0.000   T 180  D 179  
 147 0.792 0.000   V 181  T 180  
 148 0.549 0.000 * V 182  V 181  
 149 0.615 0.000   E 183  V 182  
 150 0.564 0.000   P 184  E 183  
 151 0.887 0.000   Y 185  P 184  
 152 0.403 0.000   N 186  Y 185  
 153 0.207 0.000   A 187  N 186  
 154 0.190 0.000   T 188  A 187  
 155 0.193 0.000   L 189  T 188  
 156 0.334 0.000   S 190  L 189  
 157 0.495 0.000   V 191  S 190  
 158 0.396 0.000   H 192  V 191  
 159 0.243 0.000   Q 193  H 192  
 160 0.343 0.000   L 194  Q 193  
 161 0.151 0.000   V 195  L 194  
 162 0.161 0.000   E 196  V 195  
 163 0.784 0.000   N 197  E 196  
# ===============================
 164 0.523 0.000 * T 198  T 198  
 165 0.512 0.000 * D 199  D 199  
 166 0.334 0.000 * E 200  E 200  
 167 0.286 0.000 * T 201  T 201  
 168 0.389 0.000 * Y 202  Y 202  
 169 0.802 0.000   S 203  C 203  
 170 0.882 0.000 * I 204  I 204  
 171 0.535 0.000 * D 205  D 205  
 172 0.629 0.000 * N 206  N 206  
 173 0.742 0.000 * E 207  E 207  
 174 0.304 0.000 * A 208  A 208  
 175 0.427 0.000 * L 209  L 209  
 176 1.080 0.000 * Y 210  Y 210  
 177 1.238 0.000 * D 211  D 211  
 178 1.001 0.000 * I 212  I 212  
# ===============================
 179 1.242 0.000   C 213  F 214  
# ===============================
 180 0.213 0.000   T 216  R 215  
# ===============================
 181 1.397 0.000   L 217  K 218  
# ===============================
 182 1.568 0.000   L 219  T 220  
 183 1.699 0.000 * T 220  T 221  
# ===============================
 184 1.434 0.000 * P 222  P 222  
 185 1.061 0.000 * T 223  T 223  
 186 0.697 0.000 * Y 224  Y 224  
 187 0.703 0.000 * G 225  G 225  
 188 0.783 0.000 * D 226  D 226  
 189 0.781 0.000 * L 227  L 227  
 190 1.138 0.000 * N 228  N 228  
 191 0.980 0.000 * H 229  H 229  
 192 0.364 0.000 * L 230  L 230  
 193 0.600 0.000 * V 231  V 231  
 194 0.942 0.000 * S 232  S 232  
 195 0.874 0.000 * A 233  A 233  
 196 0.732 0.000 * T 234  T 234  
 197 0.638 0.000 * M 235  M 235  
 198 0.581 0.000 * S 236  S 236  
 199 1.032 0.000 * G 237  G 237  
 200 0.991 0.000 * V 238  V 238  
 201 0.881 0.000 * T 239  T 239  
# ===============================
 202 0.593 0.000   T 240  C 241  
 203 0.420 0.000   C 241  L 242  
# ===============================
 204 1.002 0.000 * R 243  R 243  
 205 0.328 0.000 * F 244  F 244  
 206 0.699 0.000 * P 245  P 245  
# ===============================
 207 1.015 0.000 * Q 247  Q 247  
# ===============================
 208 0.739 0.000   L 248  N 249  
# ===============================
 209 0.703 0.000   A 250  D 251  
# ===============================
 210 1.132 0.000 * L 252  L 252  
 211 1.289 0.000 * R 253  R 253  
# ===============================
 212 0.532 0.000   L 255  K 254  
# ===============================
 213 0.637 0.000 * A 256  A 256  
 214 1.147 0.000 * V 257  V 257  
# ===============================
 215 0.816 0.000   M 259  N 258  
# ===============================
 216 0.784 0.000 * V 260  V 260  
 217 0.626 0.000 * P 261  P 261  
 218 0.506 0.000 * F 262  F 262  
 219 0.108 0.000 * P 263  P 263  
 220 0.208 0.000 * R 264  R 264  
# ===============================
 221 0.517 0.000 * H 266  H 266  
 222 0.232 0.000 * F 267  F 267  
 223 0.527 0.000 * F 268  F 268  
 224 0.439 0.000 * M 269  M 269  
 225 0.353 0.000 * P 270  P 270  
 226 0.575 0.000 * G 271  G 271  
 227 0.724 0.000 * F 272  F 272  
 228 0.186 0.000 * A 273  A 273  
 229 1.068 0.000 * P 274  P 274  
 230 1.041 0.000 * L 275  L 275  
# ===============================
 231 0.783 0.000   Q 281  R 278  
# ===============================
 232 0.667 0.000 * Q 282  Q 281  
 233 0.444 0.000   Y 283  Q 282  
# ===============================
 234 0.958 0.000   A 285  R 284  
# ===============================
 235 1.459 0.000 * L 286  L 286  
 236 1.117 0.000 * T 287  T 287  
 237 0.844 0.000 * V 288  V 288  
 238 0.782 0.000 * P 289  P 289  
 239 1.159 0.000 * E 290  E 290  
 240 0.871 0.000 * L 291  L 291  
 241 0.524 0.000 * T 292  T 292  
 242 0.705 0.000 * Q 293  Q 293  
 243 0.553 0.000 * Q 294  Q 294  
 244 0.375 0.000 * M 295  M 295  
 245 0.550 0.000 * F 296  F 296  
 246 0.272 0.000 * D 297  D 297  
 247 0.788 0.000   S 298  A 298  
 248 0.519 0.000 * K 299  K 299  
 249 0.421 0.000 * N 300  N 300  
 250 0.495 0.000 * M 301  M 301  
 251 0.971 0.000 * M 302  M 302  
 252 0.923 0.000 * A 303  A 303  
 253 0.867 0.000 * A 304  A 304  
 254 0.823 0.000 * C 305  C 305  
 255 1.232 0.000 * D 306  D 306  
 256 1.167 0.000 * P 307  P 307  
 257 1.158 0.000 * R 308  R 308  
 258 1.045 0.000 * H 309  H 309  
 259 0.950 0.000 * G 310  G 310  
 260 0.536 0.000 * R 311  R 311  
 261 0.827 0.000 * Y 312  Y 312  
 262 0.667 0.000 * L 313  L 313  
 263 0.524 0.000 * T 314  T 314  
 264 0.472 0.000 * V 315  V 315  
 265 0.642 0.000 * A 316  A 316  
 266 0.490 0.000 * A 317  A 317  
 267 0.506 0.000 * V 318  V 318  
 268 0.490 0.000 * F 319  F 319  
 269 1.138 0.000 * R 320  R 320  
 270 0.823 0.000 * G 321  G 321  
 271 1.396 0.000 * R 322  R 322  
 272 1.288 0.000 * M 323  M 323  
# ===============================
 273 0.906 0.000   M 325  S 324  
# ===============================
 274 1.546 0.000 * K 326  K 326  
 275 1.291 0.000 * E 327  E 327  
 276 1.019 0.000 * V 328  V 328  
 277 1.026 0.000 * D 329  D 329  
 278 1.080 0.000 * E 330  E 330  
 279 0.865 0.000 * Q 331  Q 331  
 280 0.706 0.000 * M 332  M 332  
 281 0.941 0.000 * L 333  L 333  
 282 0.924 0.000 * N 334  N 334  
 283 0.875 0.000 * V 335  V 335  
 284 0.869 0.000 * Q 336  Q 336  
 285 0.994 0.000 * N 337  N 337  
 286 1.288 0.000 * K 338  K 338  
 287 1.124 0.000 * N 339  N 339  
# ===============================
 288 0.638 0.000 * S 341  S 340  
# ===============================
 289 0.800 0.000 * Y 342  Y 342  
 290 0.533 0.000 * F 343  F 343  
 291 0.834 0.000 * V 344  V 344  
 292 1.312 0.000 * E 345  E 345  
 293 1.015 0.000 * W 346  W 346  
 294 1.066 0.000 * I 347  I 347  
 295 0.963 0.000 * P 348  P 348  
 296 0.927 0.000 * N 349  N 349  
 297 1.299 0.000 * N 350  N 350  
 298 0.470 0.000 * V 351  V 351  
 299 0.897 0.000 * K 352  K 352  
 300 0.491 0.000 * T 353  T 353  
 301 1.105 0.000 * A 354  A 354  
 302 0.941 0.000 * V 355  V 355  
 303 1.005 0.000 * C 356  C 356  
 304 1.639 0.000 * D 357  D 357  
 305 0.821 0.000 * I 358  I 358  
 306 0.875 0.000 * P 359  P 359  
 307 0.798 0.000 * P 360  P 360  
# ===============================
 308 1.283 0.000 * G 370  G 370  
 309 0.750 0.000 * L 371  L 371  
 310 1.003 0.000 * K 372  K 372  
 311 0.977 0.000 * M 373  M 373  
 312 1.051 0.000 * S 374  S 374  
 313 0.416 0.000 * A 375  A 375  
 314 0.471 0.000 * T 376  T 376  
 315 0.304 0.000 * F 377  F 377  
 316 0.337 0.000 * I 378  I 378  
 317 0.368 0.000 * G 379  G 379  
 318 0.842 0.000 * N 380  N 380  
 319 0.699 0.000 * S 381  S 381  
 320 1.009 0.000 * T 382  T 382  
 321 0.473 0.000 * A 383  A 383  
 322 0.782 0.000 * I 384  I 384  
 323 0.657 0.000 * Q 385  Q 385  
 324 0.656 0.000 * E 386  E 386  
 325 0.352 0.000 * L 387  L 387  
 326 0.548 0.000 * F 388  F 388  
 327 0.572 0.000 * K 389  K 389  
 328 0.797 0.000 * R 390  R 390  
 329 0.698 0.000 * I 391  I 391  
 330 0.647 0.000 * S 392  S 392  
 331 1.108 0.000 * E 393  E 393  
 332 1.089 0.000 * Q 394  Q 394  
 333 1.031 0.000 * F 395  F 395  
 334 1.028 0.000 * T 396  T 396  
 335 1.210 0.000 * A 397  A 397  
 336 0.611 0.000 * M 398  M 398  
# ===============================
 337 1.466 0.000   F 399  R 400  
 338 1.207 0.000 * R 400  R 401  
 339 0.712 0.000   R 401  K 402  
 340 0.756 0.000   K 402  A 403  
# ===============================
 341 1.407 0.000 * F 404  F 404  
 342 0.850 0.000 * L 405  L 405  
 343 0.640 0.000 * H 406  H 406  
 344 0.181 0.000 * W 407  W 407  
 345 0.715 0.000 * Y 408  Y 408  
 346 0.901 0.000 * T 409  T 409  
 347 1.217 0.000 * G 410  G 410  
 348 1.146 0.000 * E 411  E 411  
 349 0.959 0.000 * G 412  G 412  
 350 0.784 0.000 * M 413  M 413  
 351 0.333 0.000 * D 414  D 414  
 352 0.967 0.000 * E 415  E 415  
# ===============================
 353 0.686 0.000   E 417  M 416  
# ===============================
 354 0.497 0.000 * F 418  F 418  
 355 0.805 0.000 * T 419  T 419  
 356 0.859 0.000 * E 420  E 420  
 357 0.479 0.000 * A 421  A 421  
 358 0.636 0.000 * E 422  E 422  
 359 0.526 0.000 * S 423  S 423  
 360 0.494 0.000 * N 424  N 424  
 361 0.588 0.000 * M 425  M 425  
 362 0.479 0.000 * N 426  N 426  
 363 0.351 0.000 * D 427  D 427  
 364 0.252 0.000 * L 428  L 428  
 365 0.339 0.000 * V 429  V 429  
 366 0.307 0.000 * S 430  S 430  
 367 0.433 0.000 * E 431  E 431  
 368 0.664 0.000 * Y 432  Y 432  
 369 0.466 0.000 * Q 433  Q 433  
 370 0.235 0.000 * Q 434  Q 434  
 371 0.416 0.000 * Y 435  Y 435  
 372 0.312 0.000 * Q 436  Q 436  
# ===============================
# Sequence alignment of the structurally conserved regions
# [average distance and standard deviation are with respect
#  to the framework (i.e., average structure)]
#
#  N av ds st dv   3n2gD  1tubB  
# ===============================
   1 1.081 0.000 * R   2  R   2  
   2 0.727 0.000 * E   3  E   3  
   3 0.898 0.000 * I   4  I   4  
   4 0.501 0.000 * V   5  V   5  
   5 0.520 0.000 * H   6  H   6  
   6 0.266 0.000 * I   7  I   7  
   7 0.321 0.000 * Q   8  Q   8  
   8 0.431 0.000 * A   9  A   9  
   9 0.455 0.000 * G  10  G  10  
  10 0.651 0.000 * Q  11  Q  11  
  11 0.478 0.000 * C  12  C  12  
  12 0.242 0.000 * G  13  G  13  
  13 0.337 0.000 * N  14  N  14  
  14 0.407 0.000 * Q  15  Q  15  
  15 0.420 0.000 * I  16  I  16  
  16 0.664 0.000 * G  17  G  17  
  17 0.853 0.000 * A  18  A  18  
  18 0.549 0.000 * K  19  K  19  
  19 0.350 0.000 * F  20  F  20  
  20 0.472 0.000 * W  21  W  21  
  21 0.577 0.000 * E  22  E  22  
  22 0.250 0.000 * V  23  V  23  
  23 1.114 0.000 * I  24  I  24  
  24 1.018 0.000 * S  25  S  25  
  25 0.637 0.000 * D  26  D  26  
# ===============================
  26 0.997 0.000   H  28  E  27  
# ===============================
  27 0.744 0.000   D  31  L  42  
  28 0.441 0.000   P  32  Q  43  
# ===============================
  29 0.956 0.000   T  33  E  47  
  30 0.395 0.000   G  34  R  48  
# ===============================
  31 0.936 0.000   N  54  E  55  
  32 1.027 0.000   E  55  A  56  
# ===============================
  33 0.876 0.000   K  60  Y  61  
# ===============================
  34 0.692 0.000 * V  62  V  62  
  35 1.378 0.000 * P  63  P  63  
  36 1.238 0.000 * R  64  R  64  
  37 0.285 0.000 * A  65  A  65  
  38 0.368 0.000 * I  66  I  66  
  39 0.345 0.000 * L  67  L  67  
  40 0.459 0.000 * V  68  V  68  
  41 0.639 0.000 * D  69  D  69  
  42 0.761 0.000 * L  70  L  70  
  43 0.985 0.000 * E  71  E  71  
  44 1.016 0.000 * P  72  P  72  
  45 1.434 0.000 * G  73  G  73  
  46 0.954 0.000 * T  74  T  74  
  47 0.788 0.000 * M  75  M  75  
  48 1.030 0.000 * D  76  D  76  
  49 0.794 0.000 * S  77  S  77  
  50 0.751 0.000 * V  78  V  78  
  51 0.773 0.000 * R  79  R  79  
  52 1.036 0.000 * S  80  S  80  
# ===============================
  53 0.525 0.000   G  81  P  82  
  54 1.018 0.000   P  82  F  83  
# ===============================
  55 0.589 0.000 * G  84  G  84  
  56 0.474 0.000 * Q  85  Q  85  
# ===============================
  57 1.480 0.000   F  87  I  86  
  58 1.397 0.000   R  88  F  87  
  59 0.145 0.000   P  89  R  88  
  60 0.420 0.000   D  90  P  89  
  61 0.338 0.000   N  91  D  90  
  62 0.247 0.000   F  92  N  91  
  63 0.685 0.000   V  93  F  92  
  64 0.563 0.000   F  94  V  93  
  65 0.235 0.000   G  95  F  94  
  66 0.895 0.000   Q  96  G  95  
# ===============================
  67 0.689 0.000 * S  97  S  97  
  68 0.569 0.000 * G  98  G  98  
  69 0.653 0.000 * A  99  A  99  
  70 0.994 0.000 * G 100  G 100  
  71 0.838 0.000 * N 101  N 101  
  72 0.740 0.000 * N 102  N 102  
  73 0.575 0.000 * W 103  W 103  
  74 0.577 0.000 * A 104  A 104  
  75 0.632 0.000 * K 105  K 105  
  76 0.573 0.000 * G 106  G 106  
  77 0.455 0.000 * H 107  H 107  
  78 0.464 0.000 * Y 108  Y 108  
  79 0.657 0.000 * T 109  T 109  
  80 0.583 0.000 * E 110  E 110  
  81 0.543 0.000 * G 111  G 111  
  82 0.399 0.000 * A 112  A 112  
  83 0.886 0.000 * E 113  E 113  
  84 0.671 0.000 * L 114  L 114  
  85 0.676 0.000 * V 115  V 115  
  86 0.648 0.000 * D 116  D 116  
  87 0.567 0.000 * S 117  S 117  
  88 0.576 0.000 * V 118  V 118  
  89 0.154 0.000 * L 119  L 119  
  90 0.476 0.000 * D 120  D 120  
  91 0.739 0.000 * V 121  V 121  
  92 0.443 0.000 * V 122  V 122  
  93 0.415 0.000 * R 123  R 123  
  94 0.637 0.000 * K 124  K 124  
  95 0.659 0.000 * E 125  E 125  
  96 0.229 0.000 * S 126  S 126  
# ===============================
  97 0.998 0.000   S 128  E 127  
  98 1.160 0.000   C 129  S 128  
  99 1.286 0.000   D 130  C 129  
# ===============================
 100 0.913 0.000 * C 131  C 131  
 101 1.126 0.000 * L 132  L 132  
 102 1.124 0.000 * Q 133  Q 133  
 103 1.656 0.000 * G 134  G 134  
 104 0.645 0.000 * F 135  F 135  
 105 0.769 0.000 * Q 136  Q 136  
 106 0.450 0.000 * L 137  L 137  
 107 0.487 0.000 * T 138  T 138  
 108 0.587 0.000 * H 139  H 139  
 109 0.505 0.000 * S 140  S 140  
 110 0.722 0.000 * L 141  L 141  
 111 0.418 0.000 * G 142  G 142  
 112 0.858 0.000 * G 143  G 143  
 113 0.473 0.000 * G 144  G 144  
 114 0.504 0.000 * T 145  T 145  
 115 0.391 0.000 * G 146  G 146  
 116 0.637 0.000 * S 147  S 147  
 117 0.522 0.000 * G 148  G 148  
 118 0.461 0.000 * M 149  M 149  
 119 0.597 0.000 * G 150  G 150  
 120 0.154 0.000 * T 151  T 151  
 121 0.138 0.000 * L 152  L 152  
 122 0.404 0.000 * L 153  L 153  
 123 0.553 0.000 * I 154  I 154  
 124 0.542 0.000 * S 155  S 155  
 125 0.770 0.000 * K 156  K 156  
 126 0.774 0.000 * I 157  I 157  
 127 1.123 0.000 * R 158  R 158  
 128 1.103 0.000 * E 159  E 159  
 129 1.045 0.000 * E 160  E 160  
 130 0.933 0.000 * Y 161  Y 161  
 131 1.129 0.000 * P 162  P 162  
 132 1.321 0.000 * D 163  D 163  
 133 0.988 0.000 * R 164  R 164  
 134 0.880 0.000 * I 165  I 165  
 135 0.678 0.000 * M 166  M 166  
 136 0.730 0.000 * N 167  N 167  
 137 0.039 0.000 * T 168  T 168  
 138 0.176 0.000 * F 169  F 169  
 139 0.526 0.000 * S 170  S 170  
 140 0.231 0.000 * V 171  V 171  
 141 0.354 0.000   M 172  V 172  
 142 1.313 0.000 * P 173  P 173  
 143 1.364 0.000 * S 174  S 174  
# ===============================
 144 0.621 0.000 * K 176  K 176  
# ===============================
 145 1.364 0.000 * S 178  S 178  
# ===============================
 146 0.699 0.000   T 180  D 179  
 147 0.807 0.000   V 181  T 180  
 148 0.555 0.000 * V 182  V 181  
 149 0.639 0.000   E 183  V 182  
 150 0.589 0.000   P 184  E 183  
 151 0.901 0.000   Y 185  P 184  
 152 0.424 0.000   N 186  Y 185  
 153 0.190 0.000   A 187  N 186  
 154 0.172 0.000   T 188  A 187  
 155 0.191 0.000   L 189  T 188  
 156 0.338 0.000   S 190  L 189  
 157 0.498 0.000   V 191  S 190  
 158 0.393 0.000   H 192  V 191  
 159 0.225 0.000   Q 193  H 192  
 160 0.347 0.000   L 194  Q 193  
 161 0.137 0.000   V 195  L 194  
 162 0.173 0.000   E 196  V 195  
 163 0.804 0.000   N 197  E 196  
# ===============================
 164 0.522 0.000 * T 198  T 198  
 165 0.513 0.000 * D 199  D 199  
 166 0.334 0.000 * E 200  E 200  
 167 0.287 0.000 * T 201  T 201  
 168 0.394 0.000 * Y 202  Y 202  
 169 0.794 0.000   S 203  C 203  
 170 0.870 0.000 * I 204  I 204  
 171 0.519 0.000 * D 205  D 205  
 172 0.611 0.000 * N 206  N 206  
 173 0.723 0.000 * E 207  E 207  
 174 0.298 0.000 * A 208  A 208  
 175 0.424 0.000 * L 209  L 209  
 176 1.078 0.000 * Y 210  Y 210  
 177 1.236 0.000 * D 211  D 211  
 178 0.991 0.000 * I 212  I 212  
# ===============================
 179 1.244 0.000   C 213  F 214  
# ===============================
 180 0.206 0.000   T 216  R 215  
# ===============================
 181 1.379 0.000   L 217  K 218  
# ===============================
 182 1.552 0.000   L 219  T 220  
 183 1.668 0.000 * T 220  T 221  
# ===============================
 184 1.419 0.000 * P 222  P 222  
 185 1.053 0.000 * T 223  T 223  
 186 0.689 0.000 * Y 224  Y 224  
 187 0.674 0.000 * G 225  G 225  
 188 0.757 0.000 * D 226  D 226  
 189 0.758 0.000 * L 227  L 227  
 190 1.115 0.000 * N 228  N 228  
 191 0.961 0.000 * H 229  H 229  
 192 0.346 0.000 * L 230  L 230  
 193 0.582 0.000 * V 231  V 231  
 194 0.926 0.000 * S 232  S 232  
 195 0.871 0.000 * A 233  A 233  
 196 0.734 0.000 * T 234  T 234  
 197 0.628 0.000 * M 235  M 235  
 198 0.569 0.000 * S 236  S 236  
 199 1.027 0.000 * G 237  G 237  
 200 0.990 0.000 * V 238  V 238  
 201 0.890 0.000 * T 239  T 239  
# ===============================
 202 0.576 0.000   T 240  C 241  
 203 0.408 0.000   C 241  L 242  
# ===============================
 204 0.985 0.000 * R 243  R 243  
 205 0.352 0.000 * F 244  F 244  
 206 0.719 0.000 * P 245  P 245  
# ===============================
 207 0.992 0.000 * Q 247  Q 247  
# ===============================
 208 0.749 0.000   L 248  N 249  
# ===============================
 209 0.724 0.000   A 250  D 251  
# ===============================
 210 1.128 0.000 * L 252  L 252  
 211 1.277 0.000 * R 253  R 253  
# ===============================
 212 0.511 0.000   L 255  K 254  
# ===============================
 213 0.645 0.000 * A 256  A 256  
 214 1.135 0.000 * V 257  V 257  
# ===============================
 215 0.804 0.000   M 259  N 258  
# ===============================
 216 0.786 0.000 * V 260  V 260  
 217 0.619 0.000 * P 261  P 261  
 218 0.506 0.000 * F 262  F 262  
 219 0.121 0.000 * P 263  P 263  
 220 0.220 0.000 * R 264  R 264  
# ===============================
 221 0.520 0.000 * H 266  H 266  
 222 0.231 0.000 * F 267  F 267  
 223 0.529 0.000 * F 268  F 268  
 224 0.427 0.000 * M 269  M 269  
 225 0.341 0.000 * P 270  P 270  
 226 0.563 0.000 * G 271  G 271  
 227 0.715 0.000 * F 272  F 272  
 228 0.181 0.000 * A 273  A 273  
 229 1.062 0.000 * P 274  P 274  
 230 1.044 0.000 * L 275  L 275  
# ===============================
 231 0.779 0.000   Q 281  R 278  
# ===============================
 232 0.654 0.000 * Q 282  Q 281  
 233 0.456 0.000   Y 283  Q 282  
# ===============================
 234 0.972 0.000   A 285  R 284  
# ===============================
 235 1.461 0.000 * L 286  L 286  
 236 1.130 0.000 * T 287  T 287  
 237 0.860 0.000 * V 288  V 288  
 238 0.796 0.000 * P 289  P 289  
 239 1.166 0.000 * E 290  E 290  
 240 0.881 0.000 * L 291  L 291  
 241 0.539 0.000 * T 292  T 292  
 242 0.697 0.000 * Q 293  Q 293  
 243 0.552 0.000 * Q 294  Q 294  
 244 0.389 0.000 * M 295  M 295  
 245 0.552 0.000 * F 296  F 296  
 246 0.275 0.000 * D 297  D 297  
 247 0.788 0.000   S 298  A 298  
 248 0.512 0.000 * K 299  K 299  
 249 0.413 0.000 * N 300  N 300  
 250 0.484 0.000 * M 301  M 301  
 251 0.961 0.000 * M 302  M 302  
 252 0.909 0.000 * A 303  A 303  
 253 0.854 0.000 * A 304  A 304  
 254 0.809 0.000 * C 305  C 305  
 255 1.215 0.000 * D 306  D 306  
 256 1.154 0.000 * P 307  P 307  
 257 1.138 0.000 * R 308  R 308  
 258 1.023 0.000 * H 309  H 309  
 259 0.938 0.000 * G 310  G 310  
 260 0.518 0.000 * R 311  R 311  
 261 0.819 0.000 * Y 312  Y 312  
 262 0.659 0.000 * L 313  L 313  
 263 0.522 0.000 * T 314  T 314  
 264 0.468 0.000 * V 315  V 315  
 265 0.652 0.000 * A 316  A 316  
 266 0.500 0.000 * A 317  A 317  
 267 0.518 0.000 * V 318  V 318  
 268 0.503 0.000 * F 319  F 319  
 269 1.144 0.000 * R 320  R 320  
 270 0.832 0.000 * G 321  G 321  
 271 1.407 0.000 * R 322  R 322  
 272 1.300 0.000 * M 323  M 323  
# ===============================
 273 0.910 0.000   M 325  S 324  
# ===============================
 274 1.567 0.000 * K 326  K 326  
 275 1.313 0.000 * E 327  E 327  
 276 1.037 0.000 * V 328  V 328  
 277 1.046 0.000 * D 329  D 329  
 278 1.104 0.000 * E 330  E 330  
 279 0.886 0.000 * Q 331  Q 331  
 280 0.714 0.000 * M 332  M 332  
 281 0.944 0.000 * L 333  L 333  
 282 0.925 0.000 * N 334  N 334  
 283 0.878 0.000 * V 335  V 335  
 284 0.869 0.000 * Q 336  Q 336  
 285 0.996 0.000 * N 337  N 337  
 286 1.291 0.000 * K 338  K 338  
 287 1.130 0.000 * N 339  N 339  
# ===============================
 288 0.636 0.000 * S 341  S 340  
# ===============================
 289 0.788 0.000 * Y 342  Y 342  
 290 0.526 0.000 * F 343  F 343  
 291 0.823 0.000 * V 344  V 344  
 292 1.299 0.000 * E 345  E 345  
 293 0.999 0.000 * W 346  W 346  
 294 1.045 0.000 * I 347  I 347  
 295 0.946 0.000 * P 348  P 348  
 296 0.916 0.000 * N 349  N 349  
 297 1.281 0.000 * N 350  N 350  
 298 0.459 0.000 * V 351  V 351  
 299 0.905 0.000 * K 352  K 352  
 300 0.509 0.000 * T 353  T 353  
 301 1.123 0.000 * A 354  A 354  
 302 0.957 0.000 * V 355  V 355  
 303 1.016 0.000 * C 356  C 356  
 304 1.646 0.000 * D 357  D 357  
 305 0.824 0.000 * I 358  I 358  
 306 0.872 0.000 * P 359  P 359  
 307 0.785 0.000 * P 360  P 360  
# ===============================
 308 1.269 0.000 * G 370  G 370  
 309 0.745 0.000 * L 371  L 371  
 310 1.004 0.000 * K 372  K 372  
 311 0.981 0.000 * M 373  M 373  
 312 1.054 0.000 * S 374  S 374  
 313 0.422 0.000 * A 375  A 375  
 314 0.474 0.000 * T 376  T 376  
 315 0.309 0.000 * F 377  F 377  
 316 0.342 0.000 * I 378  I 378  
 317 0.379 0.000 * G 379  G 379  
 318 0.840 0.000 * N 380  N 380  
 319 0.704 0.000 * S 381  S 381  
 320 1.007 0.000 * T 382  T 382  
 321 0.470 0.000 * A 383  A 383  
 322 0.790 0.000 * I 384  I 384  
 323 0.669 0.000 * Q 385  Q 385  
 324 0.662 0.000 * E 386  E 386  
 325 0.359 0.000 * L 387  L 387  
 326 0.561 0.000 * F 388  F 388  
 327 0.587 0.000 * K 389  K 389  
 328 0.807 0.000 * R 390  R 390  
 329 0.707 0.000 * I 391  I 391  
 330 0.662 0.000 * S 392  S 392  
 331 1.121 0.000 * E 393  E 393  
 332 1.095 0.000 * Q 394  Q 394  
 333 1.039 0.000 * F 395  F 395  
 334 1.040 0.000 * T 396  T 396  
 335 1.220 0.000 * A 397  A 397  
 336 0.612 0.000 * M 398  M 398  
# ===============================
 337 1.459 0.000   F 399  R 400  
 338 1.194 0.000 * R 400  R 401  
 339 0.689 0.000   R 401  K 402  
 340 0.727 0.000   K 402  A 403  
# ===============================
 341 1.418 0.000 * F 404  F 404  
 342 0.821 0.000 * L 405  L 405  
 343 0.606 0.000 * H 406  H 406  
 344 0.150 0.000 * W 407  W 407  
 345 0.698 0.000 * Y 408  Y 408  
 346 0.868 0.000 * T 409  T 409  
 347 1.186 0.000 * G 410  G 410  
 348 1.117 0.000 * E 411  E 411  
 349 0.932 0.000 * G 412  G 412  
 350 0.765 0.000 * M 413  M 413  
 351 0.320 0.000 * D 414  D 414  
 352 0.949 0.000 * E 415  E 415  
# ===============================
 353 0.677 0.000   E 417  M 416  
# ===============================
 354 0.482 0.000 * F 418  F 418  
 355 0.794 0.000 * T 419  T 419  
 356 0.844 0.000 * E 420  E 420  
 357 0.463 0.000 * A 421  A 421  
 358 0.635 0.000 * E 422  E 422  
 359 0.528 0.000 * S 423  S 423  
 360 0.495 0.000 * N 424  N 424  
 361 0.581 0.000 * M 425  M 425  
 362 0.469 0.000 * N 426  N 426  
 363 0.354 0.000 * D 427  D 427  
 364 0.255 0.000 * L 428  L 428  
 365 0.351 0.000 * V 429  V 429  
 366 0.322 0.000 * S 430  S 430  
 367 0.446 0.000 * E 431  E 431  
 368 0.672 0.000 * Y 432  Y 432  
 369 0.465 0.000 * Q 433  Q 433  
 370 0.219 0.000 * Q 434  Q 434  
 371 0.399 0.000 * Y 435  Y 435  
 372 0.299 0.000 * Q 436  Q 436  
# ===============================

Least-squares dynamic programming alignment:
     FIT_ATOMS atoms for alignment     : CA
     Max dist from frw for equivalence :    3.5000
     Gap introduction penalty          :    0.0000
     Gap extension penalty             :    1.7500
     Numb of residues in framework     :       372




COMPARISON OF SEVERAL 3D STRUCTURES:


  #  ALGNMT CODE      ATOM FILE                          

  1  3n2gD
  2  1tubB



Variability at a given position is calculated as: 
VAR = 1/Nij * sum_ij (feat_i - feat_j)
sum runs over all pairs of proteins with residues present.



>> Least-squares superposition (FIT)           :       T

   Atom types for superposition/RMS (FIT_ATOMS): CA
   Atom type for position average/variability (VARATOM): CA


   Position comparison (FIT_ATOMS): 

       Cutoff for RMS calculation:     3.5000

       Upper = RMS, Lower = numb equiv positions

        3n2gD   1tubB   
3n2gD      0.000   1.593
1tubB        372   0.000



   Distance comparison (FIT_ATOMS): 

       Cutoff for rms calculation:     3.5000

       Upper = Distance RMS, Lower = numb equiv distances

        3n2gD   1tubB   
3n2gD      0.000   1.242
1tubB      68450   0.000

>> Sequence comparison: 

       Diag=numb res, Upper=numb equiv res, Lower = % seq ID


            3n2gD   1tubB
3n2gD         427     311
1tubB          73     427


>> Dihedral angle comparison: Alph


       Cutoff for rms comparison:    60.0000

       Upper = RMS Alph, Lower = numb of equiv angles

        3n2gD   1tubB   
3n2gD      0.000  21.626
1tubB        331   0.000


>> Dihedral angle comparison: Phi 


       Cutoff for rms comparison:    60.0000

       Upper = RMS Phi , Lower = numb of equiv angles

        3n2gD   1tubB   
3n2gD      0.000  25.069
1tubB        306   0.000


>> Dihedral angle comparison: Psi 


       Cutoff for rms comparison:    15.0000

       Upper = RMS Psi , Lower = numb of equiv angles

        3n2gD   1tubB   
3n2gD      0.000   8.540
1tubB        117   0.000


>> Dihedral angle comparison: Omeg


       Cutoff for rms comparison:    60.0000

       Upper = RMS Omeg, Lower = numb of equiv angles

        3n2gD   1tubB   
3n2gD      0.000  14.921
1tubB        365   0.000


>> Dihedral angle comparison: chi1


       Cutoff for rms comparison:    60.0000

       Upper = RMS chi1, Lower = numb of equiv angles

        3n2gD   1tubB   
3n2gD      0.000  28.755
1tubB        168   0.000


>> Dihedral angle comparison: chi2


       Cutoff for rms comparison:    60.0000

       Upper = RMS chi2, Lower = numb of equiv angles

        3n2gD   1tubB   
3n2gD      0.000  30.493
1tubB        109   0.000


>> Dihedral angle comparison: chi3


       Cutoff for rms comparison:    60.0000

       Upper = RMS chi3, Lower = numb of equiv angles

        3n2gD   1tubB   
3n2gD      0.000  33.894
1tubB         48   0.000


>> Dihedral angle comparison: chi4


       Cutoff for rms comparison:    60.0000

       Upper = RMS chi4, Lower = numb of equiv angles

        3n2gD   1tubB   
3n2gD      0.000  38.854
1tubB         13   0.000


>> Dihedral angle comparison: chi5


       Cutoff for rms comparison:    60.0000

       Upper = RMS chi5, Lower = numb of equiv angles

        3n2gD   1tubB   
3n2gD      0.000   0.000
1tubB          0   0.000



>> Ramachandran mainchain class substitution
   prot 1 --> prot 2; class on vert --> class on horiz

              A      P      B      L      E      U
      A     192     15     11      8      1      0
      P       8     10     19      5      1      0
      B       5      9     58      4      4      0
      L       5      2      3      2      0      0
      E       5      0      2      1      1      0
      U       0      0      0      1      0      0


   Summary (% does not count undefined):

   CODE   # ID # NID # TOT   % ID  % NID  % TOT
      A    192    35   227   51.8    9.4   61.2
      P     10    33    43    2.7    8.9   11.6
      B     58    22    80   15.6    5.9   21.6
      L      2    10    12    0.5    2.7    3.2
      E      1     8     9    0.3    2.2    2.4
   --------------------------------------------
   SUMS    263   108   371   70.9   29.1  100.0
   --------------------------------------------
      U      0     1     1    0.0    0.3    0.3



>> Dihedral class substitution: Alph
   prot 1 --> prot 2; class on vert --> class on horiz

              1      2      3      4
      1       6      2      4      0
      2       6    211     12      0
      3       8     11    110      1
      4       0      0      1      0


   Summary (% does not count undefined):

   CODE   # ID # NID # TOT   % ID  % NID  % TOT
      1      6     6    12    1.6    1.6    3.2
      2    211    18   229   56.9    4.9   61.7
      3    110    20   130   29.6    5.4   35.0
   --------------------------------------------
   SUMS    327    44   371   88.1   11.9  100.0
   --------------------------------------------
      4      0     1     1    0.0    0.3    0.3



>> Dihedral class substitution: Phi 
   prot 1 --> prot 2; class on vert --> class on horiz

              1      2      3      4
      1     159     10     49      0
      2       9      3      6      0
      3      38      7     90      0
      4       1      0      0      0


   Summary (% does not count undefined):

   CODE   # ID # NID # TOT   % ID  % NID  % TOT
      1    159    59   218   42.9   15.9   58.8
      2      3    15    18    0.8    4.0    4.9
      3     90    45   135   24.3   12.1   36.4
   --------------------------------------------
   SUMS    252   119   371   67.9   32.1  100.0
   --------------------------------------------
      4      0     1     1    0.0    0.3    0.3



>> Dihedral class substitution: Psi 
   prot 1 --> prot 2; class on vert --> class on horiz

              1      2      3      4
      1     171     18     18      0
      2      12     19      8      0
      3      13     14     99      0
      4       0      0      0      0


   Summary (% does not count undefined):

   CODE   # ID # NID # TOT   % ID  % NID  % TOT
      1    171    36   207   46.0    9.7   55.6
      2     19    20    39    5.1    5.4   10.5
      3     99    27   126   26.6    7.3   33.9
   --------------------------------------------
   SUMS    289    83   372   77.7   22.3  100.0
   --------------------------------------------
      4      0     0     0    0.0    0.0    0.0



>> Dihedral class substitution: Omeg
   prot 1 --> prot 2; class on vert --> class on horiz

              1      2      3      4
      1     370      2      0      0
      2       0      0      0      0
      3       0      0      0      0
      4       0      0      0      0


   Summary (% does not count undefined):

   CODE   # ID # NID # TOT   % ID  % NID  % TOT
      1    370     2   372   99.5    0.5  100.0
      2      0     0     0    0.0    0.0    0.0
      3      0     0     0    0.0    0.0    0.0
   --------------------------------------------
   SUMS    370     2   372   99.5    0.5  100.0
   --------------------------------------------
      4      0     0     0    0.0    0.0    0.0



>> Dihedral class substitution: chi1
   prot 1 --> prot 2; class on vert --> class on horiz

              1      2      3      4
      1     114     30      7      3
      2      69     44      4      0
      3      25     13      3      1
      4      10      3      1     45


   Summary (% does not count undefined):

   CODE   # ID # NID # TOT   % ID  % NID  % TOT
      1    114    40   154   36.4   12.8   49.2
      2     44    73   117   14.1   23.3   37.4
      3      3    39    42    1.0   12.5   13.4
   --------------------------------------------
   SUMS    161   152   313   51.4   48.6  100.0
   --------------------------------------------
      4     45    14    59   12.1    3.8   15.9



>> Dihedral class substitution: chi2
   prot 1 --> prot 2; class on vert --> class on horiz

              1      2      3      4
      1      82     16      6      5
      2      62     33      2      2
      3      11      5      4      3
      4      16      3      0    122


   Summary (% does not count undefined):

   CODE   # ID # NID # TOT   % ID  % NID  % TOT
      1     82    27   109   35.5   11.7   47.2
      2     33    66    99   14.3   28.6   42.9
      3      4    19    23    1.7    8.2   10.0
   --------------------------------------------
   SUMS    119   112   231   51.5   48.5  100.0
   --------------------------------------------
      4    122    19   141   32.8    5.1   37.9



>> Dihedral class substitution: chi3
   prot 1 --> prot 2; class on vert --> class on horiz

              1      2      3      4
      1      45      7      0      7
      2      24      4      4      1
      3       8      1      3      3
      4      17      2      0    246


   Summary (% does not count undefined):

   CODE   # ID # NID # TOT   % ID  % NID  % TOT
      1     45    14    59   42.1   13.1   55.1
      2      4    29    33    3.7   27.1   30.8
      3      3    12    15    2.8   11.2   14.0
   --------------------------------------------
   SUMS     52    55   107   48.6   51.4  100.0
   --------------------------------------------
      4    246    19   265   66.1    5.1   71.2



>> Dihedral class substitution: chi4
   prot 1 --> prot 2; class on vert --> class on horiz

              1      2      3      4
      1      13      0      0      0
      2       5      0      1      1
      3       5      0      0      2
      4      10      0      1    334


   Summary (% does not count undefined):

   CODE   # ID # NID # TOT   % ID  % NID  % TOT
      1     13     0    13   48.1    0.0   48.1
      2      0     7     7    0.0   25.9   25.9
      3      0     7     7    0.0   25.9   25.9
   --------------------------------------------
   SUMS     13    14    27   48.1   51.9  100.0
   --------------------------------------------
      4    334    11   345   89.8    3.0   92.7



>> Dihedral class substitution: chi5
   prot 1 --> prot 2; class on vert --> class on horiz

              1      2      3      4
      1       0      0      0      0
      2       0      0      0      0
      3       0      0      0      0
      4       0      0      0    372


   Summary (% does not count undefined):

   CODE   # ID # NID # TOT   % ID  % NID  % TOT
      1      0     0     0    0.0    0.0    0.0
      2      0     0     0    0.0    0.0    0.0
      3      0     0     0    0.0    0.0    0.0
   --------------------------------------------
   SUMS      0     0     0    0.0    0.0    0.0
   --------------------------------------------
      4    372     0   372  100.0    0.0  100.0



>> Detailed comparison:


       Structure :  1
       Structure :  2
       ALN      ... alignment position
       RESID... ... residue numbers 1/2/3
       AAA      ... amino acid types 1/2/3
       MNC      ... mainchain classes 1/2/3
       ALP...   ... dihedral angle classes (alpha,phi,psi,...)

ALN RESIDUE_NUMBERS AAA MNC ALP PHI PSI OMG CH1 CH2 CH3 CH4 CH5 
---------------------------------------------------------------
  1       ----   1   -M  -U  -4  -4  -2  -1  -1  -1  -1  -4  -4
  2         2    2   RR  UL  43  41  12  11  13  12  21  11  44
  3         3    3   EE  BP  33  31  33  11  12  11  11  44  44
  4         4    4   II  BB  33  33  33  11  21  11  44  44  44
  5         5    5   VV  PB  33  33  33  11  21  44  44  44  44
  6         6    6   HH  BB  33  33  33  11  21  11  44  44  44
  7         7    7   II  PB  33  33  33  11  11  11  44  44  44
  8         8    8   QQ  BB  33  33  33  11  21  11  21  44  44
  9         9    9   AA  BB  21  33  33  11  44  44  44  44  44
 10        10   10   GG  EE  11  22  33  11  44  44  44  44  44
 11        11   11   QQ  AA  22  13  11  11  22  13  11  44  44
 12        12   12   CC  AA  22  11  11  11  21  44  44  44  44
 13        13   13   GG  AA  22  11  11  11  44  44  44  44  44
 14        14   14   NN  AA  22  11  11  11  11  21  44  44  44
 15        15   15   QQ  AA  22  11  11  11  22  31  11  44  44
 16        16   16   II  AA  22  11  11  11  11  32  44  44  44
 17        17   17   GG  AA  22  11  11  11  44  44  44  44  44
 18        18   18   AA  AA  22  11  11  11  44  44  44  44  44
 19        19   19   KK  AA  22  13  11  11  11  22  11  21  44
 20        20   20   FF  AA  22  11  11  11  22  11  44  44  44
 21        21   21   WW  AA  22  11  11  11  11  11  44  44  44
 22        22   22   EE  AA  22  13  12  11  31  11  11  44  44
 23        23   23   VV  AA  22  11  12  11  11  44  44  44  44
 24        24   24   II  AA  22  13  11  11  21  11  44  44  44
 25        25   25   SS  AA  22  11  12  11  31  44  44  44  44
 26        26   26   DD  AA  23  11  11  11  22  21  44  44  44
 27        27  ----  E-  A-  2-  1-  1-  1-  1-  1-  1-  4-  4-
 28        28   27   HE  AL  32  12  13  11  11  11  41  44  44
 29       ----  28   -H  -A  -3  -3  -1  -1  -3  -1  -4  -4  -4
 30       ----  29   -G  -P  -1  -1  -3  -1  -4  -4  -4  -4  -4
 31       ----  30   -I  -L  -1  -2  -1  -1  -1  -1  -4  -4  -4
 32       ----  31   -D  -A  -2  -3  -2  -1  -3  -1  -4  -4  -4
 33       ----  32   -P  -A  -3  -1  -1  -1  -3  -1  -2  -4  -4
 34       ----  33   -T  -E  -2  -2  -3  -1  -1  -4  -4  -4  -4
 35       ----  34   -G  -E  -2  -2  -3  -1  -4  -4  -4  -4  -4
 36       ----  35   -S  -E  -2  -2  -3  -1  -1  -4  -4  -4  -4
 37       ----  36   -Y  -A  -2  -1  -2  -1  -3  -2  -4  -4  -4
 38       ----  37   -H  -A  -2  -1  -1  -1  -1  -1  -4  -4  -4
 39       ----  38   -G  -A  -3  -3  -2  -1  -4  -4  -4  -4  -4
 40       ----  39   -D  -E  -3  -2  -3  -1  -1  -1  -4  -4  -4
 41       ----  40   -S  -E  -2  -2  -3  -1  -1  -4  -4  -4  -4
 42       ----  41   -D  -B  -3  -3  -3  -1  -1  -1  -4  -4  -4
 43        29  ----  G-  L-  3-  2-  2-  1-  4-  4-  4-  4-  4-
 44        30  ----  I-  B-  3-  3-  3-  1-  1-  3-  4-  4-  4-
 45        31   42   DL  PE  32  13  33  11  11  11  44  44  44
 46        32   43   PQ  AB  11  13  13  11  11  21  11  44  44
 47       ----  44   -L  -A  -1  -3  -2  -1  -2  -2  -4  -4  -4
 48        33   47   TE  AB  23  33  13  11  11  41  41  44  44
 49        34   48   GR  PB  11  13  33  11  41  41  41  41  44
 50       ----  49   -I  -B  -2  -3  -3  -1  -1  -1  -4  -4  -4
 51       ----  50   -N  -B  -1  -3  -3  -1  -1  -1  -4  -4  -4
 52       ----  51   -V  -B  -3  -3  -3  -1  -1  -4  -4  -4  -4
 53       ----  52   -Y  -P  -2  -3  -3  -1  -3  -1  -4  -4  -4
 54       ----  53   -Y  -E  -1  -2  -3  -1  -1  -1  -4  -4  -4
 55       ----  54   -N  -L  -2  -2  -1  -1  -1  -1  -4  -4  -4
 56        35  ----  S-  P-  1-  3-  3-  1-  1-  4-  4-  4-  4-
 57        36  ----  Y-  P-  3-  1-  3-  1-  2-  2-  4-  4-  4-
 58        37  ----  H-  B-  2-  3-  3-  1-  4-  4-  4-  4-  4-
 59        38  ----  G-  B-  3-  3-  3-  1-  4-  4-  4-  4-  4-
 60        39  ----  D-  A-  2-  1-  1-  1-  2-  2-  4-  4-  4-
 61        40  ----  S-  P-  3-  1-  3-  1-  2-  4-  4-  4-  4-
 62        41  ----  D-  A-  2-  3-  1-  1-  2-  1-  4-  4-  4-
 63        42  ----  L-  A-  2-  1-  1-  1-  1-  1-  4-  4-  4-
 64        43  ----  Q-  E-  2-  2-  1-  1-  3-  2-  1-  4-  4-
 65        44  ----  L-  A-  2-  1-  1-  1-  1-  1-  4-  4-  4-
 66        47  ----  E-  A-  2-  1-  1-  1-  1-  2-  1-  4-  4-
 67        48  ----  R-  A-  2-  3-  2-  1-  1-  2-  2-  3-  4-
 68        49  ----  I-  A-  2-  1-  1-  1-  3-  1-  4-  4-  4-
 69        50  ----  N-  A-  2-  1-  1-  1-  2-  1-  4-  4-  4-
 70        51  ----  V-  A-  2-  1-  1-  1-  3-  4-  4-  4-  4-
 71        52  ----  Y-  A-  2-  3-  2-  1-  1-  2-  4-  4-  4-
 72        53  ----  Y-  B-  3-  3-  3-  1-  1-  2-  4-  4-  4-
 73        54   55   NE  PA  32  11  31  11  21  11  41  44  44
 74        55   56   EA  BA  33  31  32  11  34  34  14  44  44
 75       ----  57   -A  -E  -1  -2  -3  -1  -4  -4  -4  -4  -4
 76       ----  58   -G  -A  -2  -1  -2  -1  -4  -4  -4  -4  -4
 77       ----  59   -N  -B  -1  -3  -3  -1  -2  -1  -4  -4  -4
 78       ----  60   -K  -P  -2  -1  -3  -1  -1  -1  -1  -1  -4
 79        56  ----  A-  P-  1-  3-  3-  1-  4-  4-  4-  4-  4-
 80        57  ----  T-  P-  2-  1-  3-  1-  4-  4-  4-  4-  4-
 81        58  ----  G-  E-  1-  2-  3-  1-  4-  4-  4-  4-  4-
 82        59  ----  N-  A-  3-  1-  1-  1-  4-  4-  4-  4-  4-
 83        60   61   KY  EA  32  21  31  11  12  21  34  34  44
 84        61  ----  Y-  A-  3-  3-  1-  1-  1-  2-  4-  4-  4-
 85        62   62   VV  EB  33  23  33  11  31  44  44  44  44
 86        63   63   PP  PB  33  11  22  11  22  11  22  44  44
 87        64   64   RR  BB  33  33  33  11  22  11  31  11  44
 88        65   65   AA  BB  33  33  33  11  44  44  44  44  44
 89        66   66   II  BB  33  33  33  11  13  11  44  44  44
 90        67   67   LL  BB  33  33  33  11  12  22  44  44  44
 91        68   68   VV  BB  33  33  33  11  11  44  44  44  44
 92        69   69   DD  BB  33  33  33  11  21  21  44  44  44
 93        70   70   LL  AA  22  33  22  11  12  22  44  44  44
 94        71   71   EE  BB  33  33  33  11  21  21  11  44  44
 95        72   72   PP  AA  22  11  11  11  32  11  22  44  44
 96        73   73   GG  AA  22  21  11  11  44  44  44  44  44
 97        74   74   TT  AA  22  11  11  11  21  44  44  44  44
 98        75   75   MM  AA  22  11  11  11  12  23  11  44  44
 99        76   76   DD  AA  22  11  21  11  11  11  44  44  44
100        77   77   SS  AA  22  31  11  11  21  44  44  44  44
101        78   78   VV  AA  22  13  11  11  11  44  44  44  44
102        79   79   RR  AB  22  11  13  11  22  11  21  11  44
103        80   80   SS  AB  22  33  23  11  31  44  44  44  44
104       ----  81   -G  -A  -2  -1  -1  -1  -4  -4  -4  -4  -4
105        81   82   GP  AP  11  11  32  11  43  42  41  44  44
106        82   83   PF  AA  22  11  11  11  22  12  14  44  44
107        83  ----  F-  B-  3-  3-  3-  1-  1-  1-  4-  4-  4-
108        84   84   GG  AP  23  13  33  11  44  44  44  44  44
109        85   85   QQ  AA  23  13  21  11  11  31  21  44  44
110        86  ----  I-  A-  2-  3-  1-  1-  3-  3-  4-  4-  4-
111        87   86   FI  PL  31  12  31  11  11  11  44  44  44
112        88   87   RF  PB  33  13  33  11  22  11  34  34  44
113        89   88   PR  AP  22  13  13  11  11  21  11  41  44
114        90   89   DP  AL  22  31  22  11  32  11  42  44  44
115        91   90   ND  AL  22  33  22  11  11  21  44  44  44
116        92   91   FN  BB  33  33  33  11  11  21  44  44  44
117        93   92   VF  BB  33  33  33  11  11  42  44  44  44
118        94   93   FV  PB  33  13  33  11  11  24  44  44  44
119        95   94   GF  AA  33  31  12  11  42  41  44  44  44
120        96   95   QG  LL  21  22  12  11  14  34  14  44  44
121       ----  96   -Q  -L  -3  -2  -1  -1  -1  -2  -1  -4  -4
122        97   97   SS  PA  13  11  31  11  11  44  44  44  44
123        98   98   GG  PL  33  12  32  11  44  44  44  44  44
124        99   99   AA  AE  33  32  13  11  44  44  44  44  44
125       100  100   GG  LB  33  23  23  11  44  44  44  44  44
126       101  101   NN  LB  32  23  23  11  11  22  44  44  44
127       102  102   NN  BE  33  33  33  11  21  11  44  44  44
128       103  103   WW  AA  22  11  11  11  22  11  44  44  44
129       104  104   AA  AA  22  11  11  11  44  44  44  44  44
130       105  105   KK  AP  22  13  11  11  11  11  11  11  44
131       106  106   GG  AA  22  11  22  11  44  44  44  44  44
132       107  107   HH  AA  22  31  11  11  22  21  44  44  44
133       108  108   YY  AA  22  31  11  11  11  21  44  44  44
134       109  109   TT  AA  22  11  11  11  22  44  44  44  44
135       110  110   EE  AA  22  11  11  11  11  21  11  44  44
136       111  111   GG  AA  22  11  11  11  44  44  44  44  44
137       112  112   AA  AA  22  11  11  11  44  44  44  44  44
138       113  113   EE  AA  22  11  11  11  21  11  11  44  44
139       114  114   LL  AA  22  33  11  11  22  22  44  44  44
140       115  115   VV  EA  22  21  11  11  11  44  44  44  44
141       116  116   DD  AA  22  11  11  11  11  21  44  44  44
142       117  117   SS  AA  22  11  11  11  21  44  44  44  44
143       118  118   VV  AA  22  11  11  11  11  44  44  44  44
144       119  119   LL  AA  22  11  11  11  11  21  44  44  44
145       120  120   DD  AA  22  11  11  11  11  21  44  44  44
146       121  121   VV  AA  22  11  11  11  11  44  44  44  44
147       122  122   VV  AA  22  11  11  11  21  44  44  44  44
148       123  123   RR  AA  22  11  11  11  21  11  21  31  44
149       124  124   KK  AA  22  11  11  11  21  11  21  11  44
150       125  125   EE  AA  22  11  11  11  11  21  11  44  44
151       126  126   SS  AA  22  11  11  11  41  44  44  44  44
152       127  ----  E-  A-  2-  1-  1-  1-  1-  1-  1-  4-  4-
153       128  127   SE  AA  23  11  11  11  31  41  41  44  44
154       129  128   CS  PA  33  11  31  11  21  44  44  44  44
155       130  129   DC  AL  22  12  12  11  21  24  44  44  44
156       ---- 130   -D  -B  -3  -3  -3  -1  -1  -1  -4  -4  -4
157       131  131   CC  BB  33  33  33  11  21  44  44  44  44
158       132  132   LL  PP  33  11  33  11  21  21  44  44  44
159       133  133   QQ  AA  12  33  11  11  32  11  11  44  44
160       134  134   GG  BB  33  33  33  11  44  44  44  44  44
161       135  135   FF  BB  33  33  33  11  11  22  44  44  44
162       136  136   QQ  BB  33  33  33  11  31  11  11  44  44
163       137  137   LL  BB  33  33  33  11  21  21  44  44  44
164       138  138   TT  BP  33  33  33  11  22  44  44  44  44
165       139  139   HH  BB  13  33  33  11  32  11  44  44  44
166       140  140   SS  PB  33  13  33  11  11  44  44  44  44
167       141  141   LL  AP  22  31  13  11  21  21  44  44  44
168       142  142   GG  BL  23  32  32  11  44  44  44  44  44
169       143  143   GG  EA  33  31  32  11  44  44  44  44  44
170       144  144   GG  AA  22  11  11  11  44  44  44  44  44
171       145  145   TT  AA  22  11  11  11  22  44  44  44  44
172       146  146   GG  AA  22  11  11  11  44  44  44  44  44
173       147  147   SS  AA  22  11  11  11  12  44  44  44  44
174       148  148   GG  AA  22  13  12  11  44  44  44  44  44
175       149  149   MM  AA  22  11  11  11  12  21  33  44  44
176       150  150   GG  AA  22  11  11  11  44  44  44  44  44
177       151  151   TT  AA  22  11  11  11  22  44  44  44  44
178       152  152   LL  AA  22  11  11  11  21  21  44  44  44
179       153  153   LL  AA  22  11  11  11  11  11  44  44  44
180       154  154   II  AA  22  11  11  11  21  11  44  44  44
181       155  155   SS  AA  22  11  11  11  21  44  44  44  44
182       156  156   KK  AA  22  11  11  11  11  11  31  11  44
183       157  157   II  AA  22  11  11  11  11  21  44  44  44
184       158  158   RR  PA  22  11  31  11  12  21  21  31  44
185       159  159   EE  LA  22  21  11  11  21  11  21  44  44
186       160  160   EE  AA  22  13  11  11  11  21  11  44  44
187       161  161   YY  BB  33  33  32  11  11  22  44  44  44
188       162  162   PP  AA  22  11  11  11  22  11  22  44  44
189       163  163   DD  EA  22  21  11  11  21  21  44  44  44
190       164  164   RR  PB  33  33  33  11  11  21  31  11  44
191       165  165   II  PP  33  31  33  11  21  11  44  44  44
192       166  166   MM  BP  33  31  33  11  21  22  21  44  44
193       167  167   NN  BB  33  33  33  11  11  11  44  44  44
194       168  168   TT  BB  33  33  33  11  22  44  44  44  44
195       169  169   FF  BP  33  31  33  11  11  21  44  44  44
196       170  170   SS  BB  33  33  33  11  21  44  44  44  44
197       171  171   VV  BB  33  33  33  11  11  44  44  44  44
198       172  172   MV  PB  31  13  33  11  41  44  44  44  44
199       173  173   PP  PB  33  11  22  11  22  11  12  44  44
200       174  174   SS  BB  31  33  33  11  31  44  44  44  44
201       ---- 175   -P  -P  -2  -1  -2  -1  -3  -2  -1  -4  -4
202       175  ----  P-  A-  2-  1-  1-  1-  2-  1-  2-  4-  4-
203       176  176   KK  BA  23  33  31  11  31  12  31  11  44
204       ---- 177   -V  -E  -3  -2  -3  -1  -2  -4  -4  -4  -4
205       177  ----  V-  L-  2-  2-  2-  1-  1-  4-  4-  4-  4-
206       178  178   SS  BB  32  33  33  11  11  44  44  44  44
207       179  ----  D-  A-  2-  3-  1-  1-  3-  1-  4-  4-  4-
208       180  179   TD  BE  33  32  33  11  11  41  44  44  44
209       181  180   VT  AA  22  13  11  11  12  44  44  44  44
210       182  181   VV  AA  22  11  11  11  21  44  44  44  44
211       183  182   EV  AB  22  11  13  11  11  14  14  44  44
212       184  183   PE  AA  22  11  11  11  31  12  21  44  44
213       185  184   YP  AA  22  11  11  11  13  22  42  44  44
214       186  185   NY  AA  22  11  11  11  12  11  44  44  44
215       187  186   AN  AA  22  11  11  11  41  41  44  44  44
216       188  187   TA  AA  22  11  11  11  14  44  44  44  44
217       189  188   LT  AA  22  11  11  11  12  14  44  44  44
218       190  189   SL  AA  22  31  11  11  21  41  44  44  44
219       191  190   VS  AA  22  11  11  11  11  44  44  44  44
220       192  191   HV  AA  22  11  11  11  21  14  44  44  44
221       193  192   QH  AA  22  11  11  11  22  31  24  44  44
222       194  193   LQ  AA  22  13  11  11  11  11  41  44  44
223       195  194   VL  AA  22  11  11  12  31  41  44  44  44
224       196  195   EV  AL  22  32  12  11  11  14  14  44  44
225       197  196   NE  AA  23  33  12  11  11  12  41  44  44
226       ---- 197   -N  -L  -3  -2  -2  -1  -2  -1  -4  -4  -4
227       198  198   TT  PB  33  33  33  11  22  44  44  44  44
228       199  199   DD  AA  22  31  11  11  12  21  44  44  44
229       200  200   EE  BB  33  33  33  11  11  11  21  44  44
230       201  201   TT  BB  33  33  33  11  12  44  44  44  44
231       202  202   YY  PP  33  13  33  11  11  21  44  44  44
232       203  203   SC  BB  33  13  33  11  21  44  44  44  44
233       204  204   II  BL  33  33  32  11  11  11  44  44  44
234       205  205   DD  PP  33  11  33  11  21  11  44  44  44
235       206  206   NN  AA  22  11  11  11  11  11  44  44  44
236       207  207   EE  AA  22  11  11  11  22  33  11  44  44
237       208  208   AA  AA  22  13  11  11  44  44  44  44  44
238       209  209   LL  AA  22  11  11  11  11  21  44  44  44
239       210  210   YY  AA  22  11  11  11  21  11  44  44  44
240       211  211   DD  AA  22  11  11  11  11  11  44  44  44
241       212  212   II  AA  22  11  11  11  11  31  44  44  44
242       ---- 213   -C  -A  -2  -1  -2  -1  -1  -4  -4  -4  -4
243       213  214   CF  AA  22  33  11  11  12  42  44  44  44
244       214  ----  F-  A-  2-  3-  1-  1-  2-  1-  4-  4-  4-
245       215  ----  R-  A-  2-  3-  1-  1-  4-  4-  4-  4-  4-
246       216  215   TR  AA  22  33  21  11  11  41  41  41  44
247       ---- 216   -T  -A  -2  -1  -1  -1  -2  -4  -4  -4  -4
248       ---- 217   -L  -P  -3  -3  -3  -1  -1  -1  -4  -4  -4
249       217  218   LK  AA  33  33  11  11  42  41  41  41  44
250       ---- 219   -L  -E  -3  -2  -3  -1  -1  -1  -4  -4  -4
251       218  ----  K-  L-  3-  2-  2-  1-  1-  1-  2-  1-  4-
252       219  220   LT  PA  32  11  31  11  42  44  44  44  44
253       220  221   TT  AB  23  13  13  11  12  44  44  44  44
254       221  ----  T-  B-  3-  3-  3-  1-  1-  4-  4-  4-  4-
255       222  222   PP  PP  33  11  22  11  13  21  12  44  44
256       223  223   TT  PB  33  13  33  11  12  44  44  44  44
257       224  224   YY  AA  22  11  21  11  11  21  44  44  44
258       225  225   GG  AA  22  11  32  11  44  44  44  44  44
259       226  226   DD  PA  22  11  31  11  32  11  44  44  44
260       227  227   LL  LA  22  31  11  11  22  22  44  44  44
261       228  228   NN  AA  22  11  11  11  11  11  44  44  44
262       229  229   HH  AA  22  11  11  11  21  31  44  44  44
263       230  230   LL  AA  22  11  11  11  12  32  44  44  44
264       231  231   VV  AA  22  11  11  11  11  44  44  44  44
265       232  232   SS  AA  22  11  11  11  11  44  44  44  44
266       233  233   AA  AA  22  11  11  11  44  44  44  44  44
267       234  234   TT  AA  22  11  11  11  11  44  44  44  44
268       235  235   MM  AA  22  13  11  11  11  11  11  44  44
269       236  236   SS  AA  22  11  11  11  31  44  44  44  44
270       237  237   GG  AA  22  11  11  11  44  44  44  44  44
271       238  238   VV  AA  22  11  11  11  11  44  44  44  44
272       239  239   TT  AA  22  11  11  11  22  44  44  44  44
273       ---- 240   -T  -A  -2  -1  -1  -1  -1  -4  -4  -4  -4
274       240  241   TC  AP  22  11  13  11  21  44  44  44  44
275       241  242   CL  AL  22  12  11  11  11  41  44  44  44
276       242  ----  L-  A-  2-  3-  1-  1-  3-  1-  4-  4-  4-
277       243  243   RR  AA  22  33  21  11  31  11  11  31  44
278       244  244   FF  AP  21  31  13  11  12  22  44  44  44
279       245  245   PP  AP  33  11  12  11  23  11  22  44  44
280       ---- 246   -G  -E  -3  -2  -3  -1  -4  -4  -4  -4  -4
281       246  ----  G-  L-  2-  3-  2-  1-  4-  4-  4-  4-  4-
282       247  247   QQ  AB  22  31  13  11  31  31  11  44  44
283       ---- 248   -L  -P  -3  -1  -3  -1  -2  -2  -4  -4  -4
284       248  249   LN  PB  33  33  33  11  13  11  44  44  44
285       ---- 250   -A  -B  -3  -3  -3  -1  -4  -4  -4  -4  -4
286       249  ----  N-  A-  3-  3-  2-  1-  3-  1-  4-  4-  4-
287       250  251   AD  LP  33  21  23  11  41  41  44  44  44
288       251  ----  D-  A-  3-  1-  1-  1-  2-  1-  4-  4-  4-
289       252  252   LL  LA  22  21  11  11  21  21  44  44  44
290       253  253   RR  AA  22  11  11  11  22  11  32  23  44
291       254  ----  K-  A-  2-  1-  1-  1-  1-  1-  1-  3-  4-
292       255  254   LK  AA  22  11  11  11  11  21  41  41  44
293       ---- 255   -L  -A  -2  -1  -1  -1  -1  -1  -4  -4  -4
294       256  256   AA  AA  22  11  11  11  44  44  44  44  44
295       257  257   VV  AA  22  13  11  11  11  44  44  44  44
296       258  ----  N-  A-  2-  3-  2-  1-  1-  2-  4-  4-  4-
297       259  258   MN  AA  22  31  11  11  11  22  14  44  44
298       ---- 259   -M  -A  -2  -3  -1  -1  -1  -2  -1  -4  -4
299       260  260   VV  BB  33  33  33  11  21  44  44  44  44
300       261  261   PP  AA  22  11  11  11  23  12  21  44  44
301       262  262   FF  BB  31  33  33  11  11  22  44  44  44
302       263  263   PP  AA  22  11  11  11  33  22  11  44  44
303       264  264   RR  PP  21  11  33  11  11  11  31  21  44
304       ---- 265   -L  -P  -3  -1  -3  -1  -2  -2  -4  -4  -4
305       265  ----  L-  L-  3-  2-  2-  1-  3-  2-  4-  4-  4-
306       266  266   HH  AP  33  31  23  11  31  22  44  44  44
307       267  267   FF  BB  33  33  33  11  11  21  44  44  44
308       268  268   FF  PB  33  13  33  11  11  21  44  44  44
309       269  269   MM  BB  33  13  33  11  31  12  11  44  44
310       270  270   PP  PB  33  11  22  11  32  21  12  44  44
311       271  271   GG  BB  33  33  33  11  44  44  44  44  44
312       272  272   FF  BB  33  33  33  11  22  21  44  44  44
313       273  273   AA  AB  22  13  13  11  44  44  44  44  44
314       274  274   PP  PL  33  11  21  11  32  21  12  44  44
315       275  275   LL  BA  23  31  31  12  11  11  44  44  44
316       ---- 276   -T  -L  -3  -3  -1  -1  -2  -4  -4  -4  -4
317       ---- 277   -S  -E  -3  -2  -3  -1  -2  -4  -4  -4  -4
318       276  ----  T-  E-  3-  2-  3-  1-  1-  4-  4-  4-  4-
319       277  ----  S-  A-  2-  3-  1-  1-  1-  4-  4-  4-  4-
320       278  ----  R-  P-  2-  1-  3-  1-  4-  4-  4-  4-  4-
321       279  ----  G-  A-  2-  1-  2-  1-  4-  4-  4-  4-  4-
322       280  ----  S-  B-  3-  3-  3-  1-  3-  4-  4-  4-  4-
323       281  278   QR  PA  32  31  31  11  32  31  11  43  44
324       ---- 279   -G  -A  -2  -1  -1  -1  -4  -4  -4  -4  -4
325       ---- 280   -S  -A  -3  -1  -2  -1  -2  -4  -4  -4  -4
326       282  281   QQ  BA  32  31  31  11  33  21  11  44  44
327       283  282   YQ  AA  32  13  21  11  41  22  41  44  44
328       ---- 283   -Y  -P  -1  -3  -3  -1  -1  -2  -4  -4  -4
329       284  ----  R-  L-  3-  2-  1-  1-  2-  3-  3-  2-  4-
330       285  284   AR  AL  33  12  23  11  41  41  41  41  44
331       ---- 285   -A  -P  -1  -1  -2  -1  -4  -4  -4  -4  -4
332       286  286   LL  PL  33  12  32  11  11  21  44  44  44
333       287  287   TT  AP  33  31  13  11  31  44  44  44  44
334       288  288   VV  LA  22  21  11  11  11  44  44  44  44
335       289  289   PP  AA  22  11  11  11  12  21  12  44  44
336       290  290   EE  AA  22  11  11  11  12  13  11  44  44
337       291  291   LL  AA  22  31  11  11  21  21  44  44  44
338       292  292   TT  AA  22  31  11  11  12  44  44  44  44
339       293  293   QQ  AA  22  11  21  11  32  13  11  44  44
340       294  294   QQ  AA  22  31  11  11  22  31  21  44  44
341       295  295   MM  AA  22  13  11  11  21  11  23  44  44
342       296  296   FF  AA  23  33  21  11  11  22  44  44  44
343       297  297   DD  BP  33  31  33  11  21  11  44  44  44
344       298  298   SA  AA  22  11  11  11  44  44  44  44  44
345       299  299   KK  AA  22  13  22  11  21  11  21  11  44
346       300  300   NN  AA  22  33  22  11  22  12  44  44  44
347       301  301   MM  BP  33  31  33  11  11  22  31  44  44
348       302  302   MM  AA  22  13  12  11  12  21  23  44  44
349       303  303   AA  BB  33  33  33  11  44  44  44  44  44
350       304  304   AA  BA  22  13  32  11  44  44  44  44  44
351       305  305   CC  PB  33  33  33  11  11  44  44  44  44
352       306  306   DD  LB  33  33  33  11  21  11  44  44  44
353       307  307   PP  AA  22  11  11  11  23  12  21  44  44
354       308  308   RR  AA  22  31  11  11  12  23  23  21  44
355       309  309   HH  PB  21  11  33  11  32  11  44  44  44
356       310  310   GG  EB  31  23  33  11  44  44  44  44  44
357       311  311   RR  BB  33  33  33  11  11  11  31  11  44
358       312  312   YY  PP  33  11  33  11  11  22  44  44  44
359       313  313   LL  AB  12  13  13  11  11  11  44  44  44
360       314  314   TT  BE  33  32  33  11  22  44  44  44  44
361       315  315   VV  BB  33  33  33  11  11  44  44  44  44
362       316  316   AA  BB  33  33  33  11  44  44  44  44  44
363       317  317   AA  BB  33  33  33  11  44  44  44  44  44
364       318  318   VV  BB  33  33  33  11  31  44  44  44  44
365       319  319   FF  BB  33  33  33  11  11  22  44  44  44
366       320  320   RR  BB  22  33  32  11  23  11  11  21  44
367       321  321   GG  EA  13  33  32  11  44  44  44  44  44
368       322  322   RR  PL  33  13  22  11  41  41  41  41  44
369       323  323   MM  BP  31  31  33  11  32  21  33  44  44
370       324  ----  S-  P-  3-  1-  3-  1-  1-  4-  4-  4-  4-
371       325  324   MS  AP  23  11  13  11  31  34  14  44  44
372       ---- 325   -M  -A  -2  -1  -1  -1  -1  -2  -1  -4  -4
373       326  326   KK  AA  22  11  11  11  41  41  41  41  44
374       327  327   EE  AA  22  31  11  11  22  13  11  44  44
375       328  328   VV  AA  22  11  11  11  11  44  44  44  44
376       329  329   DD  AA  22  11  11  11  11  11  44  44  44
377       330  330   EE  AA  22  11  11  11  21  11  21  44  44
378       331  331   QQ  AA  22  11  11  11  11  22  11  44  44
379       332  332   MM  AA  22  11  11  11  21  32  11  44  44
380       333  333   LL  AA  22  11  11  11  22  12  44  44  44
381       334  334   NN  AA  22  11  11  11  21  21  44  44  44
382       335  335   VV  AA  22  11  11  11  21  44  44  44  44
383       336  336   QQ  AA  22  11  11  11  11  11  11  44  44
384       337  337   NN  AA  22  33  11  11  11  11  44  44  44
385       338  338   KK  AA  22  13  12  11  41  41  41  41  44
386       339  339   NN  AA  33  33  22  11  21  21  44  44  44
387       340  ----  S-  A-  2-  1-  1-  1-  1-  4-  4-  4-  4-
388       341  340   SS  AA  22  11  11  11  21  44  44  44  44
389       ---- 341   -S  -A  -2  -1  -1  -1  -1  -4  -4  -4  -4
390       342  342   YY  AA  22  33  22  11  11  22  44  44  44
391       343  343   FF  BB  33  33  33  11  11  21  44  44  44
392       344  344   VV  PA  33  11  32  11  11  44  44  44  44
393       345  345   EE  AA  22  31  11  11  11  31  11  44  44
394       346  346   WW  AP  22  13  13  11  33  22  44  44  44
395       347  347   II  BE  33  32  33  11  21  11  44  44  44
396       348  348   PP  AB  22  11  12  11  13  22  11  44  44
397       349  349   NN  BL  33  12  23  11  11  21  44  44  44
398       350  350   NN  AA  22  33  21  11  32  21  44  44  44
399       351  351   VV  BB  33  33  33  11  31  44  44  44  44
400       352  352   KK  BB  33  33  33  11  12  21  11  31  44
401       353  353   TT  BB  33  33  33  11  21  44  44  44  44
402       354  354   AA  BB  33  33  33  11  44  44  44  44  44
403       355  355   VV  BB  33  33  33  11  21  44  44  44  44
404       356  356   CC  BP  33  33  33  11  21  44  44  44  44
405       357  357   DD  AA  22  33  22  11  31  21  44  44  44
406       358  358   II  BB  33  33  33  11  31  11  44  44  44
407       359  359   PP  PP  31  11  22  11  12  21  12  44  44
408       360  360   PP  PP  11  11  22  11  21  12  21  44  44
409       ---- 369   -R  -P  -1  -1  -3  -1  -2  -1  -1  -1  -4
410       369  ----  R-  P-  1-  1-  3-  1-  4-  4-  4-  4-  4-
411       370  370   GG  EL  22  22  32  11  44  44  44  44  44
412       371  371   LL  LA  33  23  31  11  12  22  44  44  44
413       372  372   KK  AL  22  12  11  11  11  12  11  11  44
414       373  373   MM  BB  33  33  33  11  22  11  21  44  44
415       374  374   SS  BB  33  33  33  11  11  44  44  44  44
416       375  375   AA  BB  33  33  33  11  44  44  44  44  44
417       376  376   TT  BB  33  33  33  11  21  44  44  44  44
418       377  377   FF  BB  33  33  33  11  22  21  44  44  44
419       378  378   II  PB  33  33  33  11  11  12  44  44  44
420       379  379   GG  BB  33  33  33  11  44  44  44  44  44
421       380  380   NN  PB  33  13  33  11  21  21  44  44  44
422       381  381   SS  BP  33  33  33  11  31  44  44  44  44
423       382  382   TT  AA  22  11  11  11  21  44  44  44  44
424       383  383   AA  AA  22  11  11  11  44  44  44  44  44
425       384  384   II  AA  22  11  11  11  11  22  44  44  44
426       385  385   QQ  AA  22  11  11  11  22  11  11  44  44
427       386  386   EE  AA  22  13  11  11  11  21  11  44  44
428       387  387   LL  AA  22  11  11  11  22  12  44  44  44
429       388  388   FF  AA  22  13  11  11  11  21  44  44  44
430       389  389   KK  AA  22  11  12  11  11  11  11  21  44
431       390  390   RR  AA  22  13  11  11  32  11  21  11  44
432       391  391   II  AA  22  11  11  11  21  31  44  44  44
433       392  392   SS  AA  22  13  11  11  31  44  44  44  44
434       393  393   EE  AA  22  11  11  11  21  32  11  44  44
435       394  394   QQ  AA  22  31  11  11  11  32  11  44  44
436       395  395   FF  AA  22  11  11  11  22  22  44  44  44
437       396  396   TT  AA  22  11  11  11  11  44  44  44  44
438       397  397   AA  AA  22  13  11  11  44  44  44  44  44
439       398  398   MM  AP  22  33  11  11  22  11  33  44  44
440       ---- 399   -F  -A  -2  -1  -1  -1  -1  -1  -4  -4  -4
441       399  400   FR  AA  22  11  21  11  22  21  41  41  44
442       400  401   RR  PP  11  11  33  11  22  33  21  11  44
443       401  402   RK  AA  33  13  22  11  21  21  21  31  44
444       402  403   KA  LP  33  21  33  11  14  14  34  24  44
445       403  ----  A-  P-  2-  1-  3-  1-  4-  4-  4-  4-  4-
446       404  404   FF  AB  22  13  12  11  12  22  44  44  44
447       405  405   LL  AA  22  13  12  11  22  22  44  44  44
448       406  406   HH  AA  22  11  11  11  31  13  44  44  44
449       407  407   WW  AA  22  11  11  11  11  11  44  44  44
450       408  408   YY  AA  22  31  11  11  11  21  44  44  44
451       409  409   TT  AA  22  11  11  11  11  44  44  44  44
452       410  410   GG  AA  22  11  12  11  44  44  44  44  44
453       411  411   EE  AA  13  11  11  11  11  22  11  44  44
454       412  412   GG  LL  32  23  22  11  44  44  44  44  44
455       413  413   MM  BB  33  33  33  11  11  11  23  44  44
456       414  414   DD  BB  31  33  33  11  21  11  44  44  44
457       415  415   EE  AA  22  12  11  11  21  33  11  44  44
458       416  ----  M-  A-  2-  1-  1-  1-  3-  3-  3-  4-  4-
459       417  416   EM  AP  22  11  13  11  21  13  12  44  44
460       ---- 417   -E  -L  -2  -2  -2  -1  -1  -2  -1  -4  -4
461       418  418   FF  AA  22  13  11  11  11  21  44  44  44
462       419  419   TT  AA  22  11  11  11  11  44  44  44  44
463       420  420   EE  AA  22  11  11  11  21  11  11  44  44
464       421  421   AA  AA  22  31  11  11  44  44  44  44  44
465       422  422   EE  AA  22  11  11  11  22  11  21  44  44
466       423  423   SS  AA  22  11  11  11  31  44  44  44  44
467       424  424   NN  AA  22  11  11  11  22  12  44  44  44
468       425  425   MM  AA  22  11  11  11  12  11  31  44  44
469       426  426   NN  AA  22  11  11  11  12  12  44  44  44
470       427  427   DD  AA  22  11  11  11  11  21  44  44  44
471       428  428   LL  AA  22  11  11  11  22  22  44  44  44
472       429  429   VV  AA  22  11  11  11  11  44  44  44  44
473       430  430   SS  AA  22  31  21  11  21  44  44  44  44
474       431  431   EE  AA  22  31  11  11  11  11  11  44  44
475       432  432   YY  AA  22  11  11  11  12  22  44  44  44
476       433  433   QQ  AA  22  11  11  11  22  31  11  44  44
477       434  434   QQ  AA  22  11  11  11  21  11  21  44  44
478       435  435   YY  AP  21  31  23  11  11  22  44  44  44
479       436  436   QQ  BL  34  32  22  11  13  33  21  44  44
480       ---- 437   -D  -U  -4  -3  -4  -4  -1  -1  -4  -4  -4
481       437  ----  D-  P-  4-  1-  3-  1-  4-  2-  4-  4-  4-
482       438  ----  A-  U-  4-  3-  4-  4-  4-  4-  4-  4-  4-

Sequence identity comparison (ID_TABLE):

   Diagonal       ... number of residues;
   Upper triangle ... number of identical residues;
   Lower triangle ... % sequence identity, id/min(length).

         3n2gD @41tubB @3
3n2gD @4      427     311
1tubB @3       73     427


Weighted pair-group average clustering based on a distance matrix:


