
                         MODELLER 9.17, 2016/07/02, r10881

     PROTEIN STRUCTURE MODELLING BY SATISFACTION OF SPATIAL RESTRAINTS


                     Copyright(c) 1989-2016 Andrej Sali
                            All Rights Reserved

                             Written by A. Sali
                               with help from
              B. Webb, M.S. Madhusudhan, M-Y. Shen, G.Q. Dong,
          M.A. Marti-Renom, N. Eswar, F. Alber, M. Topf, B. Oliva,
             A. Fiser, R. Sanchez, B. Yerkovich, A. Badretdinov,
                     F. Melo, J.P. Overington, E. Feyfant
                 University of California, San Francisco, USA
                    Rockefeller University, New York, USA
                      Harvard University, Cambridge, USA
                   Imperial Cancer Research Fund, London, UK
              Birkbeck College, University of London, London, UK


Kind, OS, HostName, Kernel, Processor: 4, Windows Vista build 9200, DESKTOP-1UJTGNF, SMP, x86 Family 6 Model 142 Stepping 9

Date and time of compilation         : 2016/07/01 22:10:06
MODELLER executable type             : i386-w32
Job starting time (YY/MM/DD HH:MM:SS): 2017/03/21 00:58:22


check_ali___> Checking the sequence-structure alignment. 

Implied intrachain target CA(i)-CA(i+1) distances longer than  8.0 angstroms:

ALN_POS  TMPL  RID1  RID2  NAM1  NAM2     DIST
----------------------------------------------
    273     1  273   284      L     S   11.625
END OF TABLE
read_to_681_> topology.submodel read from topology file:        3
mdtrsr__446W> A potential that relies on one protein is used, yet you have at
              least one known structure available. MDT, not library, potential is used.
0 atoms in HETATM/BLK residues constrained
to protein atoms within 2.30 angstroms
and protein CA atoms within 10.00 angstroms
0 atoms in residues without defined topology
constrained to be rigid bodies
condens_443_> Restraints marked for deletion were removed.
              Total number of restraints before, now:    46654    43466
iupac_m_397W> Atoms were not swapped because of the uncertainty of how to handle the H atom.
iupac_m_484W> Dihedral still outside +-90:       90.3809
iupac_m_397W> Atoms were not swapped because of the uncertainty of how to handle the H atom.
iupac_m_484W> Dihedral still outside +-90:       90.1227
>> Model assessment by DOPE potential
iatmcls_286W> MODEL atom not classified:  GLN:OXT  GLN


>> ENERGY; Differences between the model's features and restraints:
Number of all residues in MODEL                   :      449
Number of all, selected real atoms                :     3505    3505
Number of all, selected pseudo atoms              :        0       0
Number of all static, selected restraints         :    43466   43466
COVALENT_CYS                                      :        F
NONBONDED_SEL_ATOMS                               :        1
Number of non-bonded pairs (excluding 1-2,1-3,1-4):   737918
Dynamic pairs routine                             : 1, NATM x NATM double loop
Atomic shift for contacts update (UPDATE_DYNAMIC) :    0.390
LENNARD_JONES_SWITCH                              :    6.500   7.500
COULOMB_JONES_SWITCH                              :    6.500   7.500
RESIDUE_SPAN_RANGE                                :        1    9999
NLOGN_USE                                         :       15
CONTACT_SHELL                                     :   15.000
DYNAMIC_PAIRS,_SPHERE,_COULOMB,_LENNARD,_MODELLER :        T       F       F       F       T
SPHERE_STDV                                       :    0.050
RADII_FACTOR                                      :    0.820
Current energy                                    :      -52703.7188




<< end of ENERGY.
DOPE score               : -52703.718750
>> Model assessment by GA341 potential

Surface library          : C:\Program Files (x86)\Modeller9.17/modlib/surf5.de
Pair library             : C:\Program Files (x86)\Modeller9.17/modlib/pair9.de
Chain identifier         : _
% sequence identity      :    92.162003
Sequence length          :          449
Compactness              :     0.125882
Native energy (pair)     :  -347.030917
Native energy (surface)  :   -28.020759
Native energy (combined) :   -11.123673
Z score (pair)           :    -9.507466
Z score (surface)        :    -9.668693
Z score (combined)       :   -13.242859
GA341 score              :     1.000000



>> ENERGY; Differences between the model's features and restraints:
Number of all residues in MODEL                   :      449
Number of all, selected real atoms                :     3505    3505
Number of all, selected pseudo atoms              :        0       0
Number of all static, selected restraints         :    43466   43466
COVALENT_CYS                                      :        F
NONBONDED_SEL_ATOMS                               :        1
Number of non-bonded pairs (excluding 1-2,1-3,1-4):     7270
Dynamic pairs routine                             : 2, NATM x NATM cell sorting
Atomic shift for contacts update (UPDATE_DYNAMIC) :    0.390
LENNARD_JONES_SWITCH                              :    6.500   7.500
COULOMB_JONES_SWITCH                              :    6.500   7.500
RESIDUE_SPAN_RANGE                                :        0   99999
NLOGN_USE                                         :       15
CONTACT_SHELL                                     :    4.000
DYNAMIC_PAIRS,_SPHERE,_COULOMB,_LENNARD,_MODELLER :        T       T       F       F       F
SPHERE_STDV                                       :    0.050
RADII_FACTOR                                      :    0.820
Current energy                                    :        2642.6841





Summary of the restraint violations: 

   NUM     ... number of restraints.
   NUMVI   ... number of restraints with RVIOL > VIOL_REPORT_CUT[i].
   RVIOL   ... relative difference from the best value.
   NUMVP   ... number of restraints with -Ln(pdf) > VIOL_REPORT_CUT2[i].
   RMS_1   ... RMS(feature, minimally_violated_basis_restraint, NUMB).
   RMS_2   ... RMS(feature, best_value, NUMB).
   MOL.PDF ... scaled contribution to -Ln(Molecular pdf).

 #                     RESTRAINT_GROUP      NUM   NUMVI  NUMVP   RMS_1   RMS_2         MOL.PDF     S_i
------------------------------------------------------------------------------------------------------
 1 Bond length potential              :    3579       0      1   0.006   0.006      34.928       1.000
 2 Bond angle potential               :    4846       1     12   1.949   1.949      364.20       1.000
 3 Stereochemical cosine torsion poten:    2225       0     60  47.896  47.896      793.19       1.000
 4 Stereochemical improper torsion pot:    1491       0      0   1.196   1.196      52.262       1.000
 5 Soft-sphere overlap restraints     :    7270       0      0   0.001   0.001      1.8421       1.000
 6 Lennard-Jones 6-12 potential       :       0       0      0   0.000   0.000      0.0000       1.000
 7 Coulomb point-point electrostatic p:       0       0      0   0.000   0.000      0.0000       1.000
 8 H-bonding potential                :       0       0      0   0.000   0.000      0.0000       1.000
 9 Distance restraints 1 (CA-CA)      :    9746       6     14   0.191   0.191      249.12       1.000
10 Distance restraints 2 (N-O)        :    9455       8     27   0.239   0.239      411.80       1.000
11 Mainchain Phi dihedral restraints  :       0       0      0   0.000   0.000      0.0000       1.000
12 Mainchain Psi dihedral restraints  :       0       0      0   0.000   0.000      0.0000       1.000
13 Mainchain Omega dihedral restraints:     448       1      0   9.247   9.247      75.820       1.000
14 Sidechain Chi_1 dihedral restraints:     376       0      2  53.880  53.880      26.019       1.000
15 Sidechain Chi_2 dihedral restraints:     282       0      1  55.292  55.292      68.852       1.000
16 Sidechain Chi_3 dihedral restraints:     133       0      0  68.850  68.850      85.147       1.000
17 Sidechain Chi_4 dihedral restraints:      38       0      0 101.956 101.956      26.739       1.000
18 Disulfide distance restraints      :       0       0      0   0.000   0.000      0.0000       1.000
19 Disulfide angle restraints         :       0       0      0   0.000   0.000      0.0000       1.000
20 Disulfide dihedral angle restraints:       0       0      0   0.000   0.000      0.0000       1.000
21 Lower bound distance restraints    :       0       0      0   0.000   0.000      0.0000       1.000
22 Upper bound distance restraints    :       0       0      0   0.000   0.000      0.0000       1.000
23 Distance restraints 3 (SDCH-MNCH)  :    6384       0      0   0.325   0.325      120.55       1.000
24 Sidechain Chi_5 dihedral restraints:       0       0      0   0.000   0.000      0.0000       1.000
25 Phi/Psi pair of dihedral restraints:     447      38     47  23.292  52.466      114.35       1.000
26 Distance restraints 4 (SDCH-SDCH)  :    4016       0      1   0.619   0.619      217.86       1.000
27 Distance restraints 5 (X-Y)        :       0       0      0   0.000   0.000      0.0000       1.000
28 NMR distance restraints 6 (X-Y)    :       0       0      0   0.000   0.000      0.0000       1.000
29 NMR distance restraints 7 (X-Y)    :       0       0      0   0.000   0.000      0.0000       1.000
30 Minimal distance restraints        :       0       0      0   0.000   0.000      0.0000       1.000
31 Non-bonded restraints              :       0       0      0   0.000   0.000      0.0000       1.000
32 Atomic accessibility restraints    :       0       0      0   0.000   0.000      0.0000       1.000
33 Atomic density restraints          :       0       0      0   0.000   0.000      0.0000       1.000
34 Absolute position restraints       :       0       0      0   0.000   0.000      0.0000       1.000
35 Dihedral angle difference restraint:       0       0      0   0.000   0.000      0.0000       1.000
36 GBSA implicit solvent potential    :       0       0      0   0.000   0.000      0.0000       1.000
37 EM density fitting potential       :       0       0      0   0.000   0.000      0.0000       1.000
38 SAXS restraints                    :       0       0      0   0.000   0.000      0.0000       1.000
39 Symmetry restraints                :       0       0      0   0.000   0.000      0.0000       1.000



# Heavy relative violation of each residue is written to: W2T758.V99990001
# The profile is NOT normalized by the number of restraints.
# The profiles are smoothed over a window of residues:    1
# The sum of all numbers in the file:   41351.3906



List of the violated restraints:
   A restraint is violated when the relative difference
   from the best value (RVIOL) is larger than CUTOFF.

   ICSR   ... index of a restraint in the current set.
   RESNO  ... residue numbers of the first two atoms.
   ATM    ... IUPAC atom names of the first two atoms.
   FEAT   ... the value of the feature in the model.
   restr  ... the mean of the basis restraint with the smallest
              difference from the model (local minimum).
   viol   ... difference from the local minimum.
   rviol  ... relative difference from the local minimum.
   RESTR  ... the best value (global minimum).
   VIOL   ... difference from the best value.
   RVIOL  ... relative difference from the best value.


-------------------------------------------------------------------------------------------------

Feature  2                           : Bond angle potential                    
List of the RVIOL violations larger than   :       4.5000

    #   ICSR  RESNO1/2 ATM1/2   INDATM1/2    FEAT   restr    viol   rviol   RESTR    VIOL   RVIOL
    1   6507 273L 274S C   N    2105 2107  143.63  120.00   23.63    5.37  120.00   23.63    5.37

-------------------------------------------------------------------------------------------------

Feature  9                           : Distance restraints 1 (CA-CA)           
List of the RVIOL violations larger than   :       4.5000

    #   ICSR  RESNO1/2 ATM1/2   INDATM1/2    FEAT   restr    viol   rviol   RESTR    VIOL   RVIOL
    1  21431 274S 320R CA  CA   2108 2458   14.18   11.57    2.62    4.61   11.57    2.62    4.61
    2  21432 274S 321M CA  CA   2108 2469   13.72   10.24    3.48    7.19   10.24    3.48    7.19
    3  21433 274S 322S CA  CA   2108 2477   16.53   12.42    4.11    7.80   12.42    4.11    7.80
    4  21434 274S 325E CA  CA   2108 2502   17.11   13.04    4.06    7.82   13.04    4.06    7.82
    5  21435 274S 326V CA  CA   2108 2511   15.95   13.04    2.91    6.08   13.04    2.91    6.08

-------------------------------------------------------------------------------------------------

Feature 10                           : Distance restraints 2 (N-O)             
List of the RVIOL violations larger than   :       4.5000

    #   ICSR  RESNO1/2 ATM1/2   INDATM1/2    FEAT   restr    viol   rviol   RESTR    VIOL   RVIOL
    1  29070 231V 359R N   O    1772 2782   11.79    9.16    2.63    4.75    9.16    2.63    4.75
    2  29094 232T 359R N   O    1779 2782   13.27   10.74    2.53    4.63   10.74    2.53    4.63
    3  30078 274S 319G N   O    2107 2456   14.29   10.99    3.30    5.82   10.99    3.30    5.82
    4  30079 274S 320R N   O    2107 2467   14.08    9.28    4.81    8.09    9.28    4.81    8.09
    5  30082 274S 362K N   O    2107 2803   10.62    7.68    2.94    5.41    7.68    2.94    5.41
    6  30961 320R 274S N   O    2457 2112   12.07    9.30    2.77    4.66    9.30    2.77    4.66
    7  30977 321M 274S N   O    2468 2112   12.53    8.75    3.78    7.24    8.75    3.78    7.24
    8  30995 322S 274S N   O    2476 2112   13.53    8.98    4.55    8.40    8.98    4.55    8.40

-------------------------------------------------------------------------------------------------

Feature 25                           : Phi/Psi pair of dihedral restraints     
List of the RVIOL violations larger than   :       6.5000

    #   ICSR  RESNO1/2 ATM1/2   INDATM1/2    FEAT   restr    viol   rviol   RESTR    VIOL   RVIOL
    1  12195  54A  55N C   N     431  433  -61.78  -63.20   13.86    1.66  -71.20  162.59   10.68
    1         55N  55N N   CA    433  434  -54.88  -41.10                  142.80
    2  12196  55N  56G C   N     439  441  -57.35  -62.40   27.72    4.40   82.20  141.34   10.21
    2         56G  56G N   CA    441  442  -13.95  -41.20                    8.50
    3  12202  61P  62R C   N     482  484  -77.50  -63.00   61.70    7.47  -63.00   61.70    7.47
    3         62R  62R N   CA    484  485   18.87  -41.10                  -41.10
    4  12210  69E  70P C   N     545  547  -74.80  -64.50   38.67    2.41  -58.70  145.92   13.38
    4         70P  70P N   CA    547  548 -175.53  147.20                  -30.50
    5  12211  70P  71G C   N     552  554  105.34   82.20   75.93    2.56  -62.40  169.26   29.23
    5         71G  71G N   CA    554  555  -63.81    8.50                  -41.20
    6  12358 217L 218T C   N    1670 1672  -64.16  -63.20   10.21    1.37  -78.10  158.54    7.24
    6        218T 218T N   CA   1672 1673  -52.27  -42.10                  149.80
    7  12359 218T 219N C   N    1677 1679 -125.17 -119.90   39.58    1.91   55.90 -171.82   23.01
    7        219N 219N N   CA   1679 1680   97.78  137.00                   39.50
    8  12384 243P 244G C   N    1866 1868  -77.95  -62.40   45.41    7.61  -62.40   45.41    7.61
    8        244G 244G N   CA   1868 1869  -83.86  -41.20                  -41.20
    9  12415 274S 275A C   N    2111 2113 -176.86 -134.00   46.83    1.06  -62.50 -168.79   37.34
    9        275A 275A N   CA   2113 2114  165.86  147.00                  -40.90
   10  12416 275A 276K C   N    2116 2118 -124.75 -118.00   35.99    1.64  -62.90  157.40   24.14
   10        276K 276K N   CA   2118 2119  174.46  139.10                  -40.80
   11  12417 276K 277G C   N    2125 2127  -77.90  -80.20   11.58    0.35   82.20 -137.68    7.10
   11        277G 277G N   CA   2127 2128  162.75  174.10                    8.50
   12  12418 277G 278A C   N    2129 2131  171.64 -134.00   64.47    1.55  -62.50 -173.63   37.01
   12        278A 278A N   CA   2131 2132 -178.35  147.00                  -40.90
   13  12419 278A 279Q C   N    2134 2136  -62.40  -73.00   13.42    1.05  -63.80  170.77   25.04
   13        279Q 279Q N   CA   2136 2137  148.93  140.70                  -40.30
   14  12420 279Q 280A C   N    2143 2145  -66.59  -68.20   41.57    3.30  -62.50  144.72   23.52
   14        280A 280A N   CA   2145 2146  103.76  145.30                  -40.90
   15  12421 280A 281Y C   N    2148 2150 -137.81 -124.30   15.21    0.86  -63.50 -170.60   33.74
   15        281Y 281Y N   CA   2150 2151  142.38  135.40                  -43.40
   16  12422 281Y 282R C   N    2160 2162 -109.02 -125.20   24.83    0.78  -63.00  169.24   20.19
   16        282R 282R N   CA   2162 2163  121.77  140.60                  -41.10
   17  12423 282R 283A C   N    2171 2173 -151.43 -134.00   17.89    0.46  -62.50 -169.85   35.92
   17        283A 283A N   CA   2173 2174  151.03  147.00                  -40.90
   18  12424 283A 284L C   N    2176 2178 -122.80 -108.50   14.59    0.66  -63.50 -173.74   23.23
   18        284L 284L N   CA   2178 2179  135.37  132.50                  -41.20
   19  12438 297K 298N C   N    2286 2288  -95.59  -63.20   79.40    8.61  -63.20   79.40    8.61
   19        298N 298N N   CA   2288 2289   31.39  -41.10                  -41.10
   20  12477 336K 337N C   N    2595 2597 -119.60 -119.90   76.22    3.46  -63.20  116.45   12.52
   20        337N 337N N   CA   2597 2598   60.78  137.00                  -41.10
   21  12499 358P 359R C   N    2770 2772  -54.57  -63.00   34.55    4.17  -72.10  144.57   11.49
   21        359R 359R N   CA   2772 2773  -74.60  -41.10                  141.90
   22  12500 359R 360G C   N    2781 2783  -72.10  -62.40   11.91    1.76   82.20  160.12   12.00
   22        360G 360G N   CA   2783 2784  -34.28  -41.20                    8.50
   23  12571 430A 431D C   N    3357 3359  -70.57  -70.90   72.75    3.60  -63.30   97.23   12.45
   23        431D 431D N   CA   3359 3360 -136.95  150.30                  -40.00
   24  12572 431D 432D C   N    3365 3367  -57.09  -70.90   29.94    1.00  -63.30  163.85   20.61
   24        432D 432D N   CA   3367 3368  123.74  150.30                  -40.00
   25  12573 432D 433E C   N    3373 3375  -73.25  -69.30    4.86    0.28  -63.60  174.63   23.82
   25        433E 433E N   CA   3375 3376  145.33  142.50                  -40.30
   26  12574 433E 434G C   N    3382 3384   77.59   78.70   12.56    0.40   82.20  172.95    8.16
   26        434G 434G N   CA   3384 3385 -178.61 -166.10                    8.50
   27  12575 434G 435E C   N    3386 3388 -131.85 -117.80   21.38    0.72  -63.60 -179.79   27.87
   27        435E 435E N   CA   3388 3389  152.92  136.80                  -40.30
   28  12576 435E 436L C   N    3395 3397  -68.44  -70.70   27.97    2.03  -63.50  155.00   21.24
   28        436L 436L N   CA   3397 3398  113.72  141.60                  -41.20
   29  12577 436L 437E C   N    3403 3405 -143.66 -117.80   41.00    1.40  -63.60  170.99   27.25
   29        437E 437E N   CA   3405 3406  168.61  136.80                  -40.30
   30  12579 438G 439G C   N    3416 3418  103.34   78.70   40.80    0.72   82.20  154.32    8.54
   30        439G 439G N   CA   3418 3419  161.37 -166.10                    8.50
   31  12581 440V 441E C   N    3427 3429  -76.27  -69.30    7.71    0.47  -63.60  174.36   23.95
   31        441E 441E N   CA   3429 3430  145.79  142.50                  -40.30
   32  12582 441E 442N C   N    3436 3438 -179.90 -119.90   71.58    2.12  -63.20 -175.54   29.31
   32        442N 442N N   CA   3438 3439  176.05  137.00                  -41.10
   33  12583 442N 443D C   N    3444 3446  -63.79  -70.90   15.83    0.53  -63.30  176.16   21.71
   33        443D 443D N   CA   3446 3447  136.16  150.30                  -40.00
   34  12584 443D 444T C   N    3452 3454  -99.23 -124.80   29.79    1.12  -63.20  174.09   20.15
   34        444T 444T N   CA   3454 3455  128.21  143.50                  -42.10
   35  12585 444T 445Y C   N    3459 3461 -126.02 -124.30    9.01    0.55  -63.50 -178.91   25.90
   35        445Y 445Y N   CA   3461 3462  126.56  135.40                  -43.40
   36  12586 445Y 446A C   N    3471 3473 -153.98 -134.00   25.18    0.65  -62.50 -178.47   34.63
   36        446A 446A N   CA   3473 3474  162.31  147.00                  -40.90
   37  12587 446A 447E C   N    3476 3478  -79.68  -69.30   13.82    0.77  -63.60  168.84   23.41
   37        447E 447E N   CA   3478 3479  151.63  142.50                  -40.30
   38  12588 447E 448E C   N    3485 3487  -74.83  -69.30   14.55    0.91  -63.60  164.12   22.50
   38        448E 448E N   CA   3487 3488  155.96  142.50                  -40.30


report______> Distribution of short non-bonded contacts:


DISTANCE1:  0.00 2.10 2.20 2.30 2.40 2.50 2.60 2.70 2.80 2.90 3.00 3.10 3.20 3.30 3.40
DISTANCE2:  2.10 2.20 2.30 2.40 2.50 2.60 2.70 2.80 2.90 3.00 3.10 3.20 3.30 3.40 3.50
FREQUENCY:     0    0    0    0    0   10   45  123  182  267  349  366  467  529  600


<< end of ENERGY.
iupac_m_397W> Atoms were not swapped because of the uncertainty of how to handle the H atom.
iupac_m_484W> Dihedral still outside +-90:       90.0539
iupac_m_397W> Atoms were not swapped because of the uncertainty of how to handle the H atom.
iupac_m_397W> Atoms were not swapped because of the uncertainty of how to handle the H atom.
>> Model assessment by DOPE potential
iatmcls_286W> MODEL atom not classified:  GLN:OXT  GLN


>> ENERGY; Differences between the model's features and restraints:
Number of all residues in MODEL                   :      449
Number of all, selected real atoms                :     3505    3505
Number of all, selected pseudo atoms              :        0       0
Number of all static, selected restraints         :    43466   43466
COVALENT_CYS                                      :        F
NONBONDED_SEL_ATOMS                               :        1
Number of non-bonded pairs (excluding 1-2,1-3,1-4):   739741
Dynamic pairs routine                             : 1, NATM x NATM double loop
Atomic shift for contacts update (UPDATE_DYNAMIC) :    0.390
LENNARD_JONES_SWITCH                              :    6.500   7.500
COULOMB_JONES_SWITCH                              :    6.500   7.500
RESIDUE_SPAN_RANGE                                :        1    9999
NLOGN_USE                                         :       15
CONTACT_SHELL                                     :   15.000
DYNAMIC_PAIRS,_SPHERE,_COULOMB,_LENNARD,_MODELLER :        T       F       F       F       T
SPHERE_STDV                                       :    0.050
RADII_FACTOR                                      :    0.820
Current energy                                    :      -52903.5625




<< end of ENERGY.
DOPE score               : -52903.562500
>> Model assessment by GA341 potential

Surface library          : C:\Program Files (x86)\Modeller9.17/modlib/surf5.de
Pair library             : C:\Program Files (x86)\Modeller9.17/modlib/pair9.de
Chain identifier         : _
% sequence identity      :    92.162003
Sequence length          :          449
Compactness              :     0.164839
Native energy (pair)     :  -343.145488
Native energy (surface)  :   -29.022601
Native energy (combined) :   -10.486975
Z score (pair)           :    -8.805152
Z score (surface)        :    -9.636766
Z score (combined)       :   -11.882178
GA341 score              :     1.000000



>> ENERGY; Differences between the model's features and restraints:
Number of all residues in MODEL                   :      449
Number of all, selected real atoms                :     3505    3505
Number of all, selected pseudo atoms              :        0       0
Number of all static, selected restraints         :    43466   43466
COVALENT_CYS                                      :        F
NONBONDED_SEL_ATOMS                               :        1
Number of non-bonded pairs (excluding 1-2,1-3,1-4):     7341
Dynamic pairs routine                             : 2, NATM x NATM cell sorting
Atomic shift for contacts update (UPDATE_DYNAMIC) :    0.390
LENNARD_JONES_SWITCH                              :    6.500   7.500
COULOMB_JONES_SWITCH                              :    6.500   7.500
RESIDUE_SPAN_RANGE                                :        0   99999
NLOGN_USE                                         :       15
CONTACT_SHELL                                     :    4.000
DYNAMIC_PAIRS,_SPHERE,_COULOMB,_LENNARD,_MODELLER :        T       T       F       F       F
SPHERE_STDV                                       :    0.050
RADII_FACTOR                                      :    0.820
Current energy                                    :        2614.1392





Summary of the restraint violations: 

   NUM     ... number of restraints.
   NUMVI   ... number of restraints with RVIOL > VIOL_REPORT_CUT[i].
   RVIOL   ... relative difference from the best value.
   NUMVP   ... number of restraints with -Ln(pdf) > VIOL_REPORT_CUT2[i].
   RMS_1   ... RMS(feature, minimally_violated_basis_restraint, NUMB).
   RMS_2   ... RMS(feature, best_value, NUMB).
   MOL.PDF ... scaled contribution to -Ln(Molecular pdf).

 #                     RESTRAINT_GROUP      NUM   NUMVI  NUMVP   RMS_1   RMS_2         MOL.PDF     S_i
------------------------------------------------------------------------------------------------------
 1 Bond length potential              :    3579       0      1   0.006   0.006      35.746       1.000
 2 Bond angle potential               :    4846       1      9   1.963   1.963      364.40       1.000
 3 Stereochemical cosine torsion poten:    2225       0     63  47.923  47.923      792.38       1.000
 4 Stereochemical improper torsion pot:    1491       0      0   1.221   1.221      53.562       1.000
 5 Soft-sphere overlap restraints     :    7341       0      0   0.001   0.001      1.7097       1.000
 6 Lennard-Jones 6-12 potential       :       0       0      0   0.000   0.000      0.0000       1.000
 7 Coulomb point-point electrostatic p:       0       0      0   0.000   0.000      0.0000       1.000
 8 H-bonding potential                :       0       0      0   0.000   0.000      0.0000       1.000
 9 Distance restraints 1 (CA-CA)      :    9746       5     14   0.188   0.188      240.62       1.000
10 Distance restraints 2 (N-O)        :    9455       5     13   0.223   0.223      338.72       1.000
11 Mainchain Phi dihedral restraints  :       0       0      0   0.000   0.000      0.0000       1.000
12 Mainchain Psi dihedral restraints  :       0       0      0   0.000   0.000      0.0000       1.000
13 Mainchain Omega dihedral restraints:     448       1      0   9.226   9.226      73.404       1.000
14 Sidechain Chi_1 dihedral restraints:     376       0      4  53.642  53.642      35.796       1.000
15 Sidechain Chi_2 dihedral restraints:     282       0      2  59.306  59.306      83.449       1.000
16 Sidechain Chi_3 dihedral restraints:     133       0      1  74.947  74.947      91.361       1.000
17 Sidechain Chi_4 dihedral restraints:      38       0      0  96.322  96.322      28.239       1.000
18 Disulfide distance restraints      :       0       0      0   0.000   0.000      0.0000       1.000
19 Disulfide angle restraints         :       0       0      0   0.000   0.000      0.0000       1.000
20 Disulfide dihedral angle restraints:       0       0      0   0.000   0.000      0.0000       1.000
21 Lower bound distance restraints    :       0       0      0   0.000   0.000      0.0000       1.000
22 Upper bound distance restraints    :       0       0      0   0.000   0.000      0.0000       1.000
23 Distance restraints 3 (SDCH-MNCH)  :    6384       0      1   0.351   0.351      142.94       1.000
24 Sidechain Chi_5 dihedral restraints:       0       0      0   0.000   0.000      0.0000       1.000
25 Phi/Psi pair of dihedral restraints:     447      30     38  22.797  46.681      79.994       1.000
26 Distance restraints 4 (SDCH-SDCH)  :    4016       0      0   0.670   0.670      251.81       1.000
27 Distance restraints 5 (X-Y)        :       0       0      0   0.000   0.000      0.0000       1.000
28 NMR distance restraints 6 (X-Y)    :       0       0      0   0.000   0.000      0.0000       1.000
29 NMR distance restraints 7 (X-Y)    :       0       0      0   0.000   0.000      0.0000       1.000
30 Minimal distance restraints        :       0       0      0   0.000   0.000      0.0000       1.000
31 Non-bonded restraints              :       0       0      0   0.000   0.000      0.0000       1.000
32 Atomic accessibility restraints    :       0       0      0   0.000   0.000      0.0000       1.000
33 Atomic density restraints          :       0       0      0   0.000   0.000      0.0000       1.000
34 Absolute position restraints       :       0       0      0   0.000   0.000      0.0000       1.000
35 Dihedral angle difference restraint:       0       0      0   0.000   0.000      0.0000       1.000
36 GBSA implicit solvent potential    :       0       0      0   0.000   0.000      0.0000       1.000
37 EM density fitting potential       :       0       0      0   0.000   0.000      0.0000       1.000
38 SAXS restraints                    :       0       0      0   0.000   0.000      0.0000       1.000
39 Symmetry restraints                :       0       0      0   0.000   0.000      0.0000       1.000



# Heavy relative violation of each residue is written to: W2T758.V99990002
# The profile is NOT normalized by the number of restraints.
# The profiles are smoothed over a window of residues:    1
# The sum of all numbers in the file:   40508.2734



List of the violated restraints:
   A restraint is violated when the relative difference
   from the best value (RVIOL) is larger than CUTOFF.

   ICSR   ... index of a restraint in the current set.
   RESNO  ... residue numbers of the first two atoms.
   ATM    ... IUPAC atom names of the first two atoms.
   FEAT   ... the value of the feature in the model.
   restr  ... the mean of the basis restraint with the smallest
              difference from the model (local minimum).
   viol   ... difference from the local minimum.
   rviol  ... relative difference from the local minimum.
   RESTR  ... the best value (global minimum).
   VIOL   ... difference from the best value.
   RVIOL  ... relative difference from the best value.


-------------------------------------------------------------------------------------------------

Feature  2                           : Bond angle potential                    
List of the RVIOL violations larger than   :       4.5000

    #   ICSR  RESNO1/2 ATM1/2   INDATM1/2    FEAT   restr    viol   rviol   RESTR    VIOL   RVIOL
    1   6507 273L 274S C   N    2105 2107  143.96  120.00   23.96    5.45  120.00   23.96    5.45

-------------------------------------------------------------------------------------------------

Feature  9                           : Distance restraints 1 (CA-CA)           
List of the RVIOL violations larger than   :       4.5000

    #   ICSR  RESNO1/2 ATM1/2   INDATM1/2    FEAT   restr    viol   rviol   RESTR    VIOL   RVIOL
    1  21431 274S 320R CA  CA   2108 2458   14.25   11.57    2.69    4.74   11.57    2.69    4.74
    2  21432 274S 321M CA  CA   2108 2469   13.77   10.24    3.53    7.30   10.24    3.53    7.30
    3  21433 274S 322S CA  CA   2108 2477   16.57   12.42    4.15    7.88   12.42    4.15    7.88
    4  21434 274S 325E CA  CA   2108 2502   17.25   13.04    4.20    8.09   13.04    4.20    8.09
    5  21435 274S 326V CA  CA   2108 2511   16.07   13.04    3.03    6.34   13.04    3.03    6.34

-------------------------------------------------------------------------------------------------

Feature 10                           : Distance restraints 2 (N-O)             
List of the RVIOL violations larger than   :       4.5000

    #   ICSR  RESNO1/2 ATM1/2   INDATM1/2    FEAT   restr    viol   rviol   RESTR    VIOL   RVIOL
    1  30078 274S 319G N   O    2107 2456   14.40   10.99    3.41    6.01   10.99    3.41    6.01
    2  30079 274S 320R N   O    2107 2467   14.05    9.28    4.77    8.03    9.28    4.77    8.03
    3  30082 274S 362K N   O    2107 2803   10.81    7.68    3.13    5.77    7.68    3.13    5.77
    4  30977 321M 274S N   O    2468 2112   12.37    8.75    3.63    6.95    8.75    3.63    6.95
    5  30995 322S 274S N   O    2476 2112   13.44    8.98    4.46    8.24    8.98    4.46    8.24

-------------------------------------------------------------------------------------------------

Feature 25                           : Phi/Psi pair of dihedral restraints     
List of the RVIOL violations larger than   :       6.5000

    #   ICSR  RESNO1/2 ATM1/2   INDATM1/2    FEAT   restr    viol   rviol   RESTR    VIOL   RVIOL
    1  12202  61P  62R C   N     482  484  -77.07  -63.00   61.87    7.51  -63.00   61.87    7.51
    1         62R  62R N   CA    484  485   19.15  -41.10                  -41.10
    2  12335 194E 195N C   N    1480 1482 -127.78  -63.20   99.78   10.91  -63.20   99.78   10.91
    2        195N 195N N   CA   1482 1483   34.96  -41.10                  -41.10
    3  12384 243P 244G C   N    1866 1868  -76.26  -62.40   44.55    7.39  -62.40   44.55    7.39
    3        244G 244G N   CA   1868 1869  -83.54  -41.20                  -41.20
    4  12414 273L 274S C   N    2105 2107 -155.64  -64.10  105.87   10.53 -136.60  134.35    7.17
    4        274S 274S N   CA   2107 2108   18.20  -35.00                  151.20
    5  12415 274S 275A C   N    2111 2113 -137.07 -134.00   15.63    0.81  -62.50  173.61   32.45
    5        275A 275A N   CA   2113 2114  162.32  147.00                  -40.90
    6  12416 275A 276K C   N    2116 2118 -160.13 -118.00   58.39    2.05  -62.90  170.19   27.84
    6        276K 276K N   CA   2118 2119  179.52  139.10                  -40.80
    7  12420 279Q 280A C   N    2143 2145  -89.74  -68.20   26.64    2.62  -62.50  172.69   27.09
    7        280A 280A N   CA   2145 2146  129.63  145.30                  -40.90
    8  12421 280A 281Y C   N    2148 2150  -93.94  -98.40   50.52    5.38  -63.50  125.23   18.41
    8        281Y 281Y N   CA   2150 2151   78.08  128.40                  -43.40
    9  12422 281Y 282R C   N    2160 2162 -117.49 -125.20   14.27    0.79  -63.00  175.00   27.40
    9        282R 282R N   CA   2162 2163  152.61  140.60                  -41.10
   10  12423 282R 283A C   N    2171 2173  -69.83  -68.20   20.02    1.56  -62.50  154.02   25.61
   10        283A 283A N   CA   2173 2174  165.25  145.30                  -40.90
   11  12424 283A 284L C   N    2176 2178  -66.69  -70.70   11.44    1.02  -63.50  166.52   23.30
   11        284L 284L N   CA   2178 2179  152.31  141.60                  -41.20
   12  12477 336K 337N C   N    2595 2597 -114.62 -119.90   82.87    3.64  -63.20  108.37   11.66
   12        337N 337N N   CA   2597 2598   54.30  137.00                  -41.10
   13  12486 345I 346P C   N    2676 2678  -55.50  -58.70   28.97    2.14  -64.50  153.77   11.96
   13        346P 346P N   CA   2678 2679  -59.29  -30.50                  147.20
   14  12487 346P 347N C   N    2683 2685 -112.75 -119.90   60.47    2.58   55.90  172.76   17.33
   14        347N 347N N   CA   2685 2686   76.95  137.00                   39.50
   15  12571 430A 431D C   N    3357 3359  -86.24  -96.50   13.18    0.54  -63.30  164.09   18.97
   15        431D 431D N   CA   3359 3360  122.48  114.20                  -40.00
   16  12572 431D 432D C   N    3365 3367  -59.07  -70.90   24.52    0.82  -63.30  168.87   21.10
   16        432D 432D N   CA   3367 3368  128.81  150.30                  -40.00
   17  12573 432D 433E C   N    3373 3375  -74.36  -69.30   15.64    1.01  -63.60  162.76   22.30
   17        433E 433E N   CA   3375 3376  157.29  142.50                  -40.30
   18  12574 433E 434G C   N    3382 3384   77.85   78.70   17.84    0.47   82.20  156.84    7.83
   18        434G 434G N   CA   3384 3385 -148.28 -166.10                    8.50
   19  12575 434G 435E C   N    3386 3388  -64.28  -69.30    9.31    0.54  -63.60  174.97   23.29
   19        435E 435E N   CA   3388 3389  134.66  142.50                  -40.30
   20  12576 435E 436L C   N    3395 3397 -116.99 -108.50    9.02    0.40  -63.50 -175.31   23.18
   20        436L 436L N   CA   3397 3398  135.57  132.50                  -41.20
   21  12577 436L 437E C   N    3403 3405 -103.10 -117.80   17.45    0.51  -63.60  172.30   21.05
   21        437E 437E N   CA   3405 3406  127.41  136.80                  -40.30
   22  12579 438G 439G C   N    3416 3418   87.84   78.70   18.41    0.28   82.20  169.51    8.51
   22        439G 439G N   CA   3418 3419  177.92 -166.10                    8.50
   23  12581 440V 441E C   N    3427 3429 -137.71 -117.80   21.23    0.97  -63.60 -174.79   21.64
   23        441E 441E N   CA   3429 3430  129.43  136.80                  -40.30
   24  12582 441E 442N C   N    3436 3438  -86.65  -71.20   15.69    1.06  -63.20  174.97   23.20
   24        442N 442N N   CA   3438 3439  145.52  142.80                  -41.10
   25  12583 442N 443D C   N    3444 3446  -78.90  -96.50   39.41    1.66  -63.30  119.96   13.93
   25        443D 443D N   CA   3446 3447   78.94  114.20                  -40.00
   26  12584 443D 444T C   N    3452 3454  -95.25  -78.10   31.52    1.04  -63.20  145.23   20.76
   26        444T 444T N   CA   3454 3455  176.25  149.80                  -42.10
   27  12585 444T 445Y C   N    3459 3461 -106.42  -98.40   27.48    2.78  -63.50  151.72   22.06
   27        445Y 445Y N   CA   3461 3462  102.12  128.40                  -43.40
   28  12586 445Y 446A C   N    3471 3473 -156.95 -134.00   23.08    0.86  -62.50 -161.56   37.57
   28        446A 446A N   CA   3473 3474  144.59  147.00                  -40.90
   29  12587 446A 447E C   N    3476 3478  -81.05  -69.30   11.75    0.90  -63.60  178.21   24.73
   29        447E 447E N   CA   3478 3479  142.34  142.50                  -40.30
   30  12588 447E 448E C   N    3485 3487 -104.70 -117.80   23.61    0.86  -63.60  162.74   19.74
   30        448E 448E N   CA   3487 3488  117.16  136.80                  -40.30


report______> Distribution of short non-bonded contacts:


DISTANCE1:  0.00 2.10 2.20 2.30 2.40 2.50 2.60 2.70 2.80 2.90 3.00 3.10 3.20 3.30 3.40
DISTANCE2:  2.10 2.20 2.30 2.40 2.50 2.60 2.70 2.80 2.90 3.00 3.10 3.20 3.30 3.40 3.50
FREQUENCY:     0    0    0    0    0   12   42  100  215  275  345  387  480  541  597


<< end of ENERGY.
iupac_m_397W> Atoms were not swapped because of the uncertainty of how to handle the H atom.
iupac_m_397W> Atoms were not swapped because of the uncertainty of how to handle the H atom.
iupac_m_484W> Dihedral still outside +-90:       90.1824
>> Model assessment by DOPE potential
iatmcls_286W> MODEL atom not classified:  GLN:OXT  GLN


>> ENERGY; Differences between the model's features and restraints:
Number of all residues in MODEL                   :      449
Number of all, selected real atoms                :     3505    3505
Number of all, selected pseudo atoms              :        0       0
Number of all static, selected restraints         :    43466   43466
COVALENT_CYS                                      :        F
NONBONDED_SEL_ATOMS                               :        1
Number of non-bonded pairs (excluding 1-2,1-3,1-4):   738163
Dynamic pairs routine                             : 1, NATM x NATM double loop
Atomic shift for contacts update (UPDATE_DYNAMIC) :    0.390
LENNARD_JONES_SWITCH                              :    6.500   7.500
COULOMB_JONES_SWITCH                              :    6.500   7.500
RESIDUE_SPAN_RANGE                                :        1    9999
NLOGN_USE                                         :       15
CONTACT_SHELL                                     :   15.000
DYNAMIC_PAIRS,_SPHERE,_COULOMB,_LENNARD,_MODELLER :        T       F       F       F       T
SPHERE_STDV                                       :    0.050
RADII_FACTOR                                      :    0.820
Current energy                                    :      -52848.8359




<< end of ENERGY.
DOPE score               : -52848.835938
>> Model assessment by GA341 potential

Surface library          : C:\Program Files (x86)\Modeller9.17/modlib/surf5.de
Pair library             : C:\Program Files (x86)\Modeller9.17/modlib/pair9.de
Chain identifier         : _
% sequence identity      :    92.162003
Sequence length          :          449
Compactness              :     0.130609
Native energy (pair)     :  -338.728262
Native energy (surface)  :   -26.840198
Native energy (combined) :    -9.829691
Z score (pair)           :    -8.492852
Z score (surface)        :    -9.120008
Z score (combined)       :   -11.309815
GA341 score              :     1.000000



>> ENERGY; Differences between the model's features and restraints:
Number of all residues in MODEL                   :      449
Number of all, selected real atoms                :     3505    3505
Number of all, selected pseudo atoms              :        0       0
Number of all static, selected restraints         :    43466   43466
COVALENT_CYS                                      :        F
NONBONDED_SEL_ATOMS                               :        1
Number of non-bonded pairs (excluding 1-2,1-3,1-4):     7310
Dynamic pairs routine                             : 2, NATM x NATM cell sorting
Atomic shift for contacts update (UPDATE_DYNAMIC) :    0.390
LENNARD_JONES_SWITCH                              :    6.500   7.500
COULOMB_JONES_SWITCH                              :    6.500   7.500
RESIDUE_SPAN_RANGE                                :        0   99999
NLOGN_USE                                         :       15
CONTACT_SHELL                                     :    4.000
DYNAMIC_PAIRS,_SPHERE,_COULOMB,_LENNARD,_MODELLER :        T       T       F       F       F
SPHERE_STDV                                       :    0.050
RADII_FACTOR                                      :    0.820
Current energy                                    :        2478.5061





Summary of the restraint violations: 

   NUM     ... number of restraints.
   NUMVI   ... number of restraints with RVIOL > VIOL_REPORT_CUT[i].
   RVIOL   ... relative difference from the best value.
   NUMVP   ... number of restraints with -Ln(pdf) > VIOL_REPORT_CUT2[i].
   RMS_1   ... RMS(feature, minimally_violated_basis_restraint, NUMB).
   RMS_2   ... RMS(feature, best_value, NUMB).
   MOL.PDF ... scaled contribution to -Ln(Molecular pdf).

 #                     RESTRAINT_GROUP      NUM   NUMVI  NUMVP   RMS_1   RMS_2         MOL.PDF     S_i
------------------------------------------------------------------------------------------------------
 1 Bond length potential              :    3579       0      1   0.006   0.006      33.837       1.000
 2 Bond angle potential               :    4846       0     11   1.895   1.895      346.13       1.000
 3 Stereochemical cosine torsion poten:    2225       0     62  48.032  48.032      790.90       1.000
 4 Stereochemical improper torsion pot:    1491       0      0   1.214   1.214      52.943       1.000
 5 Soft-sphere overlap restraints     :    7310       0      0   0.002   0.002      2.1513       1.000
 6 Lennard-Jones 6-12 potential       :       0       0      0   0.000   0.000      0.0000       1.000
 7 Coulomb point-point electrostatic p:       0       0      0   0.000   0.000      0.0000       1.000
 8 H-bonding potential                :       0       0      0   0.000   0.000      0.0000       1.000
 9 Distance restraints 1 (CA-CA)      :    9746       5     11   0.176   0.176      229.61       1.000
10 Distance restraints 2 (N-O)        :    9455       5     15   0.216   0.216      318.87       1.000
11 Mainchain Phi dihedral restraints  :       0       0      0   0.000   0.000      0.0000       1.000
12 Mainchain Psi dihedral restraints  :       0       0      0   0.000   0.000      0.0000       1.000
13 Mainchain Omega dihedral restraints:     448       0      1   3.725   3.725      72.301       1.000
14 Sidechain Chi_1 dihedral restraints:     376       0      2  54.241  54.241      32.095       1.000
15 Sidechain Chi_2 dihedral restraints:     282       0      1  53.806  53.806      65.991       1.000
16 Sidechain Chi_3 dihedral restraints:     133       0      0  68.255  68.255      84.071       1.000
17 Sidechain Chi_4 dihedral restraints:      38       0      0  79.151  79.151      26.537       1.000
18 Disulfide distance restraints      :       0       0      0   0.000   0.000      0.0000       1.000
19 Disulfide angle restraints         :       0       0      0   0.000   0.000      0.0000       1.000
20 Disulfide dihedral angle restraints:       0       0      0   0.000   0.000      0.0000       1.000
21 Lower bound distance restraints    :       0       0      0   0.000   0.000      0.0000       1.000
22 Upper bound distance restraints    :       0       0      0   0.000   0.000      0.0000       1.000
23 Distance restraints 3 (SDCH-MNCH)  :    6384       0      0   0.318   0.318      119.10       1.000
24 Sidechain Chi_5 dihedral restraints:       0       0      0   0.000   0.000      0.0000       1.000
25 Phi/Psi pair of dihedral restraints:     447      29     43  22.313  46.450      71.394       1.000
26 Distance restraints 4 (SDCH-SDCH)  :    4016       0      1   0.641   0.641      232.57       1.000
27 Distance restraints 5 (X-Y)        :       0       0      0   0.000   0.000      0.0000       1.000
28 NMR distance restraints 6 (X-Y)    :       0       0      0   0.000   0.000      0.0000       1.000
29 NMR distance restraints 7 (X-Y)    :       0       0      0   0.000   0.000      0.0000       1.000
30 Minimal distance restraints        :       0       0      0   0.000   0.000      0.0000       1.000
31 Non-bonded restraints              :       0       0      0   0.000   0.000      0.0000       1.000
32 Atomic accessibility restraints    :       0       0      0   0.000   0.000      0.0000       1.000
33 Atomic density restraints          :       0       0      0   0.000   0.000      0.0000       1.000
34 Absolute position restraints       :       0       0      0   0.000   0.000      0.0000       1.000
35 Dihedral angle difference restraint:       0       0      0   0.000   0.000      0.0000       1.000
36 GBSA implicit solvent potential    :       0       0      0   0.000   0.000      0.0000       1.000
37 EM density fitting potential       :       0       0      0   0.000   0.000      0.0000       1.000
38 SAXS restraints                    :       0       0      0   0.000   0.000      0.0000       1.000
39 Symmetry restraints                :       0       0      0   0.000   0.000      0.0000       1.000



# Heavy relative violation of each residue is written to: W2T758.V99990003
# The profile is NOT normalized by the number of restraints.
# The profiles are smoothed over a window of residues:    1
# The sum of all numbers in the file:   38858.3164



List of the violated restraints:
   A restraint is violated when the relative difference
   from the best value (RVIOL) is larger than CUTOFF.

   ICSR   ... index of a restraint in the current set.
   RESNO  ... residue numbers of the first two atoms.
   ATM    ... IUPAC atom names of the first two atoms.
   FEAT   ... the value of the feature in the model.
   restr  ... the mean of the basis restraint with the smallest
              difference from the model (local minimum).
   viol   ... difference from the local minimum.
   rviol  ... relative difference from the local minimum.
   RESTR  ... the best value (global minimum).
   VIOL   ... difference from the best value.
   RVIOL  ... relative difference from the best value.


-------------------------------------------------------------------------------------------------

Feature  9                           : Distance restraints 1 (CA-CA)           
List of the RVIOL violations larger than   :       4.5000

    #   ICSR  RESNO1/2 ATM1/2   INDATM1/2    FEAT   restr    viol   rviol   RESTR    VIOL   RVIOL
    1  21431 274S 320R CA  CA   2108 2458   14.68   11.57    3.12    5.50   11.57    3.12    5.50
    2  21432 274S 321M CA  CA   2108 2469   14.08   10.24    3.84    7.93   10.24    3.84    7.93
    3  21433 274S 322S CA  CA   2108 2477   16.79   12.42    4.38    8.30   12.42    4.38    8.30
    4  21434 274S 325E CA  CA   2108 2502   17.34   13.04    4.29    8.26   13.04    4.29    8.26
    5  21435 274S 326V CA  CA   2108 2511   16.32   13.04    3.28    6.85   13.04    3.28    6.85

-------------------------------------------------------------------------------------------------

Feature 10                           : Distance restraints 2 (N-O)             
List of the RVIOL violations larger than   :       4.5000

    #   ICSR  RESNO1/2 ATM1/2   INDATM1/2    FEAT   restr    viol   rviol   RESTR    VIOL   RVIOL
    1  30078 274S 319G N   O    2107 2456   14.29   10.99    3.29    5.80   10.99    3.29    5.80
    2  30079 274S 320R N   O    2107 2467   13.91    9.28    4.63    7.80    9.28    4.63    7.80
    3  30082 274S 362K N   O    2107 2803   10.97    7.68    3.29    6.07    7.68    3.29    6.07
    4  30977 321M 274S N   O    2468 2112   12.24    8.75    3.49    6.69    8.75    3.49    6.69
    5  30995 322S 274S N   O    2476 2112   13.49    8.98    4.51    8.33    8.98    4.51    8.33

-------------------------------------------------------------------------------------------------

Feature 25                           : Phi/Psi pair of dihedral restraints     
List of the RVIOL violations larger than   :       6.5000

    #   ICSR  RESNO1/2 ATM1/2   INDATM1/2    FEAT   restr    viol   rviol   RESTR    VIOL   RVIOL
    1  12202  61P  62R C   N     482  484  -77.10  -63.00   59.88    7.25  -63.00   59.88    7.25
    1         62R  62R N   CA    484  485   17.10  -41.10                  -41.10
    2  12384 243P 244G C   N    1866 1868  -77.04  -62.40   44.36    7.40  -62.40   44.36    7.40
    2        244G 244G N   CA   1868 1869  -83.08  -41.20                  -41.20
    3  12415 274S 275A C   N    2111 2113 -152.39 -134.00   33.96    1.30  -62.50  169.38   32.54
    3        275A 275A N   CA   2113 2114  175.55  147.00                  -40.90
    4  12416 275A 276K C   N    2116 2118  -66.60  -70.20   21.32    1.63  -62.90  157.83   20.70
    4        276K 276K N   CA   2118 2119  161.42  140.40                  -40.80
    5  12418 277G 278A C   N    2129 2131 -117.98 -134.00   16.29    0.66  -62.50  177.98   32.13
    5        278A 278A N   CA   2131 2132  149.99  147.00                  -40.90
    6  12419 278A 279Q C   N    2134 2136  -80.75  -73.00   12.20    0.94  -63.80  172.41   24.49
    6        279Q 279Q N   CA   2136 2137  131.28  140.70                  -40.30
    7  12420 279Q 280A C   N    2143 2145  170.81 -134.00   62.27    1.42  -62.50 -168.75   37.88
    7        280A 280A N   CA   2145 2146  175.83  147.00                  -40.90
    8  12421 280A 281Y C   N    2148 2150  -63.02  -98.40   35.43    1.41  -63.50  169.80   26.97
    8        281Y 281Y N   CA   2150 2151  126.40  128.40                  -43.40
    9  12422 281Y 282R C   N    2160 2162  -87.95  -72.10   48.78    4.06  -63.00  139.11   17.25
    9        282R 282R N   CA   2162 2163   95.76  141.90                  -41.10
   10  12423 282R 283A C   N    2171 2173 -146.54 -134.00   15.02    0.81  -62.50 -161.68   29.76
   10        283A 283A N   CA   2173 2174  138.73  147.00                  -40.90
   11  12424 283A 284L C   N    2176 2178 -115.61 -108.50   24.57    1.39  -63.50  158.97   19.78
   11        284L 284L N   CA   2178 2179  108.98  132.50                  -41.20
   12  12438 297K 298N C   N    2286 2288  -95.38  -63.20   81.03    8.81  -63.20   81.03    8.81
   12        298N 298N N   CA   2288 2289   33.27  -41.10                  -41.10
   13  12477 336K 337N C   N    2595 2597 -117.12 -119.90   79.85    3.56  -63.20  112.12   12.06
   13        337N 337N N   CA   2597 2598   57.20  137.00                  -41.10
   14  12571 430A 431D C   N    3357 3359 -129.12  -70.90   63.24    3.72  -63.30  159.25   23.91
   14        431D 431D N   CA   3359 3360  174.99  150.30                  -40.00
   15  12572 431D 432D C   N    3365 3367  -64.40  -70.90    7.54    0.63  -63.30  165.87   20.54
   15        432D 432D N   CA   3367 3368  154.13  150.30                  -40.00
   16  12573 432D 433E C   N    3373 3375 -127.75 -117.80   43.77    1.99  -63.60  154.25   24.16
   16        433E 433E N   CA   3375 3376  179.43  136.80                  -40.30
   17  12575 434G 435E C   N    3386 3388 -107.26 -117.80   20.59    0.78  -63.60  165.28   19.97
   17        435E 435E N   CA   3388 3389  119.11  136.80                  -40.30
   18  12576 435E 436L C   N    3395 3397 -138.62 -108.50   34.19    1.51  -63.50 -174.04   30.47
   18        436L 436L N   CA   3397 3398  148.68  132.50                  -41.20
   19  12577 436L 437E C   N    3403 3405  -81.97  -69.30   14.15    0.85  -63.60  171.88   23.94
   19        437E 437E N   CA   3405 3406  148.80  142.50                  -40.30
   20  12578 437E 438G C   N    3412 3414  164.65 -167.20   30.87    0.46   82.20 -163.13   13.35
   20        438G 438G N   CA   3414 3415 -172.72  174.60                    8.50
   21  12579 438G 439G C   N    3416 3418   59.85   78.70   38.92    0.58   82.20  142.32    8.01
   21        439G 439G N   CA   3418 3419 -132.05 -166.10                    8.50
   22  12581 440V 441E C   N    3427 3429  -73.16  -69.30    3.94    0.27  -63.60  176.65   24.08
   22        441E 441E N   CA   3429 3430  143.31  142.50                  -40.30
   23  12582 441E 442N C   N    3436 3438  -76.08  -71.20   14.17    0.79  -63.20  163.31   21.14
   23        442N 442N N   CA   3438 3439  156.10  142.80                  -41.10
   24  12583 442N 443D C   N    3444 3446  -83.15  -96.50   20.24    0.83  -63.30  170.58   19.93
   24        443D 443D N   CA   3446 3447  129.42  114.20                  -40.00
   25  12584 443D 444T C   N    3452 3454 -117.00 -124.80   13.67    0.79  -63.20  171.82   25.61
   25        444T 444T N   CA   3454 3455  154.72  143.50                  -42.10
   26  12585 444T 445Y C   N    3459 3461  -66.58  -98.40   32.07    1.25  -63.50  175.78   27.73
   26        445Y 445Y N   CA   3461 3462  132.35  128.40                  -43.40
   27  12586 445Y 446A C   N    3471 3473  -63.51  -68.20    5.00    0.47  -62.50  172.06   28.25
   27        446A 446A N   CA   3473 3474  147.04  145.30                  -40.90
   28  12587 446A 447E C   N    3476 3478  -66.73  -69.30    4.76    0.43  -63.60  173.22   23.27
   28        447E 447E N   CA   3478 3479  146.51  142.50                  -40.30
   29  12588 447E 448E C   N    3485 3487  -87.20  -69.30   33.51    3.04  -63.60  156.27   19.63
   29        448E 448E N   CA   3487 3488  114.18  142.50                  -40.30


report______> Distribution of short non-bonded contacts:


DISTANCE1:  0.00 2.10 2.20 2.30 2.40 2.50 2.60 2.70 2.80 2.90 3.00 3.10 3.20 3.30 3.40
DISTANCE2:  2.10 2.20 2.30 2.40 2.50 2.60 2.70 2.80 2.90 3.00 3.10 3.20 3.30 3.40 3.50
FREQUENCY:     0    0    0    0    0   10   49  115  190  278  343  396  455  532  590


<< end of ENERGY.
iupac_m_397W> Atoms were not swapped because of the uncertainty of how to handle the H atom.
iupac_m_397W> Atoms were not swapped because of the uncertainty of how to handle the H atom.
iupac_m_397W> Atoms were not swapped because of the uncertainty of how to handle the H atom.
>> Model assessment by DOPE potential
iatmcls_286W> MODEL atom not classified:  GLN:OXT  GLN


>> ENERGY; Differences between the model's features and restraints:
Number of all residues in MODEL                   :      449
Number of all, selected real atoms                :     3505    3505
Number of all, selected pseudo atoms              :        0       0
Number of all static, selected restraints         :    43466   43466
COVALENT_CYS                                      :        F
NONBONDED_SEL_ATOMS                               :        1
Number of non-bonded pairs (excluding 1-2,1-3,1-4):   743294
Dynamic pairs routine                             : 1, NATM x NATM double loop
Atomic shift for contacts update (UPDATE_DYNAMIC) :    0.390
LENNARD_JONES_SWITCH                              :    6.500   7.500
COULOMB_JONES_SWITCH                              :    6.500   7.500
RESIDUE_SPAN_RANGE                                :        1    9999
NLOGN_USE                                         :       15
CONTACT_SHELL                                     :   15.000
DYNAMIC_PAIRS,_SPHERE,_COULOMB,_LENNARD,_MODELLER :        T       F       F       F       T
SPHERE_STDV                                       :    0.050
RADII_FACTOR                                      :    0.820
Current energy                                    :      -52964.2031




<< end of ENERGY.
DOPE score               : -52964.203125
>> Model assessment by GA341 potential

Surface library          : C:\Program Files (x86)\Modeller9.17/modlib/surf5.de
Pair library             : C:\Program Files (x86)\Modeller9.17/modlib/pair9.de
Chain identifier         : _
% sequence identity      :    92.162003
Sequence length          :          449
Compactness              :     0.228431
Native energy (pair)     :  -341.846792
Native energy (surface)  :   -29.567528
Native energy (combined) :   -10.554102
Z score (pair)           :    -8.606907
Z score (surface)        :    -9.786142
Z score (combined)       :   -11.750894
GA341 score              :     1.000000



>> ENERGY; Differences between the model's features and restraints:
Number of all residues in MODEL                   :      449
Number of all, selected real atoms                :     3505    3505
Number of all, selected pseudo atoms              :        0       0
Number of all static, selected restraints         :    43466   43466
COVALENT_CYS                                      :        F
NONBONDED_SEL_ATOMS                               :        1
Number of non-bonded pairs (excluding 1-2,1-3,1-4):     7335
Dynamic pairs routine                             : 2, NATM x NATM cell sorting
Atomic shift for contacts update (UPDATE_DYNAMIC) :    0.390
LENNARD_JONES_SWITCH                              :    6.500   7.500
COULOMB_JONES_SWITCH                              :    6.500   7.500
RESIDUE_SPAN_RANGE                                :        0   99999
NLOGN_USE                                         :       15
CONTACT_SHELL                                     :    4.000
DYNAMIC_PAIRS,_SPHERE,_COULOMB,_LENNARD,_MODELLER :        T       T       F       F       F
SPHERE_STDV                                       :    0.050
RADII_FACTOR                                      :    0.820
Current energy                                    :        2537.2385





Summary of the restraint violations: 

   NUM     ... number of restraints.
   NUMVI   ... number of restraints with RVIOL > VIOL_REPORT_CUT[i].
   RVIOL   ... relative difference from the best value.
   NUMVP   ... number of restraints with -Ln(pdf) > VIOL_REPORT_CUT2[i].
   RMS_1   ... RMS(feature, minimally_violated_basis_restraint, NUMB).
   RMS_2   ... RMS(feature, best_value, NUMB).
   MOL.PDF ... scaled contribution to -Ln(Molecular pdf).

 #                     RESTRAINT_GROUP      NUM   NUMVI  NUMVP   RMS_1   RMS_2         MOL.PDF     S_i
------------------------------------------------------------------------------------------------------
 1 Bond length potential              :    3579       0      1   0.006   0.006      34.393       1.000
 2 Bond angle potential               :    4846       1     12   1.904   1.904      346.55       1.000
 3 Stereochemical cosine torsion poten:    2225       0     66  48.183  48.183      799.02       1.000
 4 Stereochemical improper torsion pot:    1491       0      0   1.187   1.187      50.959       1.000
 5 Soft-sphere overlap restraints     :    7335       0      0   0.001   0.001      1.7052       1.000
 6 Lennard-Jones 6-12 potential       :       0       0      0   0.000   0.000      0.0000       1.000
 7 Coulomb point-point electrostatic p:       0       0      0   0.000   0.000      0.0000       1.000
 8 H-bonding potential                :       0       0      0   0.000   0.000      0.0000       1.000
 9 Distance restraints 1 (CA-CA)      :    9746       7     14   0.190   0.190      239.44       1.000
10 Distance restraints 2 (N-O)        :    9455       7     21   0.232   0.232      380.04       1.000
11 Mainchain Phi dihedral restraints  :       0       0      0   0.000   0.000      0.0000       1.000
12 Mainchain Psi dihedral restraints  :       0       0      0   0.000   0.000      0.0000       1.000
13 Mainchain Omega dihedral restraints:     448       1      0   9.205   9.205      70.896       1.000
14 Sidechain Chi_1 dihedral restraints:     376       0      1  47.715  47.715      8.2035       1.000
15 Sidechain Chi_2 dihedral restraints:     282       0      0  54.262  54.262      61.048       1.000
16 Sidechain Chi_3 dihedral restraints:     133       0      0  77.070  77.070      87.587       1.000
17 Sidechain Chi_4 dihedral restraints:      38       0      0  92.639  92.639      23.523       1.000
18 Disulfide distance restraints      :       0       0      0   0.000   0.000      0.0000       1.000
19 Disulfide angle restraints         :       0       0      0   0.000   0.000      0.0000       1.000
20 Disulfide dihedral angle restraints:       0       0      0   0.000   0.000      0.0000       1.000
21 Lower bound distance restraints    :       0       0      0   0.000   0.000      0.0000       1.000
22 Upper bound distance restraints    :       0       0      0   0.000   0.000      0.0000       1.000
23 Distance restraints 3 (SDCH-MNCH)  :    6384       0      0   0.300   0.300      108.22       1.000
24 Sidechain Chi_5 dihedral restraints:       0       0      0   0.000   0.000      0.0000       1.000
25 Phi/Psi pair of dihedral restraints:     447      35     47  24.612  49.534      118.69       1.000
26 Distance restraints 4 (SDCH-SDCH)  :    4016       0      0   0.607   0.607      206.97       1.000
27 Distance restraints 5 (X-Y)        :       0       0      0   0.000   0.000      0.0000       1.000
28 NMR distance restraints 6 (X-Y)    :       0       0      0   0.000   0.000      0.0000       1.000
29 NMR distance restraints 7 (X-Y)    :       0       0      0   0.000   0.000      0.0000       1.000
30 Minimal distance restraints        :       0       0      0   0.000   0.000      0.0000       1.000
31 Non-bonded restraints              :       0       0      0   0.000   0.000      0.0000       1.000
32 Atomic accessibility restraints    :       0       0      0   0.000   0.000      0.0000       1.000
33 Atomic density restraints          :       0       0      0   0.000   0.000      0.0000       1.000
34 Absolute position restraints       :       0       0      0   0.000   0.000      0.0000       1.000
35 Dihedral angle difference restraint:       0       0      0   0.000   0.000      0.0000       1.000
36 GBSA implicit solvent potential    :       0       0      0   0.000   0.000      0.0000       1.000
37 EM density fitting potential       :       0       0      0   0.000   0.000      0.0000       1.000
38 SAXS restraints                    :       0       0      0   0.000   0.000      0.0000       1.000
39 Symmetry restraints                :       0       0      0   0.000   0.000      0.0000       1.000



# Heavy relative violation of each residue is written to: W2T758.V99990004
# The profile is NOT normalized by the number of restraints.
# The profiles are smoothed over a window of residues:    1
# The sum of all numbers in the file:   39054.0234



List of the violated restraints:
   A restraint is violated when the relative difference
   from the best value (RVIOL) is larger than CUTOFF.

   ICSR   ... index of a restraint in the current set.
   RESNO  ... residue numbers of the first two atoms.
   ATM    ... IUPAC atom names of the first two atoms.
   FEAT   ... the value of the feature in the model.
   restr  ... the mean of the basis restraint with the smallest
              difference from the model (local minimum).
   viol   ... difference from the local minimum.
   rviol  ... relative difference from the local minimum.
   RESTR  ... the best value (global minimum).
   VIOL   ... difference from the best value.
   RVIOL  ... relative difference from the best value.


-------------------------------------------------------------------------------------------------

Feature  2                           : Bond angle potential                    
List of the RVIOL violations larger than   :       4.5000

    #   ICSR  RESNO1/2 ATM1/2   INDATM1/2    FEAT   restr    viol   rviol   RESTR    VIOL   RVIOL
    1   6507 273L 274S C   N    2105 2107  143.41  120.00   23.41    5.32  120.00   23.41    5.32

-------------------------------------------------------------------------------------------------

Feature  9                           : Distance restraints 1 (CA-CA)           
List of the RVIOL violations larger than   :       4.5000

    #   ICSR  RESNO1/2 ATM1/2   INDATM1/2    FEAT   restr    viol   rviol   RESTR    VIOL   RVIOL
    1  21431 274S 320R CA  CA   2108 2458   14.23   11.57    2.67    4.71   11.57    2.67    4.71
    2  21432 274S 321M CA  CA   2108 2469   13.86   10.24    3.62    7.48   10.24    3.62    7.48
    3  21433 274S 322S CA  CA   2108 2477   16.71   12.42    4.29    8.14   12.42    4.29    8.14
    4  21434 274S 325E CA  CA   2108 2502   17.29   13.04    4.24    8.17   13.04    4.24    8.17
    5  21435 274S 326V CA  CA   2108 2511   16.10   13.04    3.06    6.40   13.04    3.06    6.40

-------------------------------------------------------------------------------------------------

Feature 10                           : Distance restraints 2 (N-O)             
List of the RVIOL violations larger than   :       4.5000

    #   ICSR  RESNO1/2 ATM1/2   INDATM1/2    FEAT   restr    viol   rviol   RESTR    VIOL   RVIOL
    1  29070 231V 359R N   O    1772 2782   11.81    9.16    2.66    4.80    9.16    2.66    4.80
    2  29094 232T 359R N   O    1779 2782   13.27   10.74    2.53    4.64   10.74    2.53    4.64
    3  30078 274S 319G N   O    2107 2456   14.40   10.99    3.41    6.01   10.99    3.41    6.01
    4  30079 274S 320R N   O    2107 2467   14.13    9.28    4.86    8.18    9.28    4.86    8.18
    5  30082 274S 362K N   O    2107 2803   10.77    7.68    3.09    5.70    7.68    3.09    5.70
    6  30977 321M 274S N   O    2468 2112   12.42    8.75    3.67    7.03    8.75    3.67    7.03
    7  30995 322S 274S N   O    2476 2112   13.52    8.98    4.54    8.38    8.98    4.54    8.38

-------------------------------------------------------------------------------------------------

Feature 25                           : Phi/Psi pair of dihedral restraints     
List of the RVIOL violations larger than   :       6.5000

    #   ICSR  RESNO1/2 ATM1/2   INDATM1/2    FEAT   restr    viol   rviol   RESTR    VIOL   RVIOL
    1  12202  61P  62R C   N     482  484  -78.78  -63.00   66.50    8.04  -63.00   66.50    8.04
    1         62R  62R N   CA    484  485   23.51  -41.10                  -41.10
    2  12210  69E  70P C   N     545  547  -74.74  -64.50   39.39    2.47  -58.70  145.16   13.32
    2         70P  70P N   CA    547  548 -174.77  147.20                  -30.50
    3  12211  70P  71G C   N     552  554  104.47   82.20   73.90    2.50  -62.40  168.16   29.13
    3         71G  71G N   CA    554  555  -61.96    8.50                  -41.20
    4  12335 194E 195N C   N    1480 1482 -120.76  -63.20   85.65    9.44  -63.20   85.65    9.44
    4        195N 195N N   CA   1482 1483   22.33  -41.10                  -41.10
    5  12384 243P 244G C   N    1866 1868  -76.59  -62.40   45.54    7.55  -62.40   45.54    7.55
    5        244G 244G N   CA   1868 1869  -84.48  -41.20                  -41.20
    6  12414 273L 274S C   N    2105 2107 -159.86  -64.10   99.99   11.47 -136.60  159.13    8.50
    6        274S 274S N   CA   2107 2108   -6.22  -35.00                  151.20
    7  12415 274S 275A C   N    2111 2113  177.90 -134.00   50.63    1.20  -62.50 -163.16   38.53
    7        275A 275A N   CA   2113 2114  162.77  147.00                  -40.90
    8  12416 275A 276K C   N    2116 2118 -154.39 -118.00   36.64    1.31  -62.90 -161.86   31.20
    8        276K 276K N   CA   2118 2119  143.44  139.10                  -40.80
    9  12417 276K 277G C   N    2125 2127  179.53 -167.20   98.41    3.98   82.20  119.06    9.30
    9        277G 277G N   CA   2127 2128   77.09  174.60                    8.50
   10  12419 278A 279Q C   N    2134 2136 -150.64 -121.10   43.86    2.26  -63.80  171.24   21.99
   10        279Q 279Q N   CA   2136 2137  107.28  139.70                  -40.30
   11  12420 279Q 280A C   N    2143 2145 -179.03 -134.00   46.90    1.14  -62.50 -162.87   38.43
   11        280A 280A N   CA   2145 2146  160.11  147.00                  -40.90
   12  12421 280A 281Y C   N    2148 2150 -103.73  -98.40   56.59    5.97  -63.50  122.27   17.56
   12        281Y 281Y N   CA   2150 2151   72.06  128.40                  -43.40
   13  12422 281Y 282R C   N    2160 2162 -132.48 -125.20    7.37    0.27  -63.00 -169.74   30.48
   13        282R 282R N   CA   2162 2163  141.78  140.60                  -41.10
   14  12423 282R 283A C   N    2171 2173 -116.75 -134.00   17.25    0.56  -62.50 -179.34   32.49
   14        283A 283A N   CA   2173 2174  146.78  147.00                  -40.90
   15  12424 283A 284L C   N    2176 2178  -68.01  -70.70   12.85    1.08  -63.50  164.70   23.13
   15        284L 284L N   CA   2178 2179  154.16  141.60                  -41.20
   16  12438 297K 298N C   N    2286 2288  -99.03  -63.20   87.63    9.50  -63.20   87.63    9.50
   16        298N 298N N   CA   2288 2289   38.87  -41.10                  -41.10
   17  12477 336K 337N C   N    2595 2597 -118.11 -119.90   78.04    3.51  -63.20  114.15   12.28
   17        337N 337N N   CA   2597 2598   58.98  137.00                  -41.10
   18  12499 358P 359R C   N    2770 2772  -55.72  -63.00   34.15    4.17  -72.10  144.57   11.47
   18        359R 359R N   CA   2772 2773  -74.46  -41.10                  141.90
   19  12500 359R 360G C   N    2781 2783  -71.51  -62.40   10.71    1.62   82.20  159.90   12.01
   19        360G 360G N   CA   2783 2784  -35.55  -41.20                    8.50
   20  12572 431D 432D C   N    3365 3367 -117.78  -96.50   25.14    1.04  -63.30  176.21   19.15
   20        432D 432D N   CA   3367 3368  127.58  114.20                  -40.00
   21  12573 432D 433E C   N    3373 3375  -80.74  -69.30   13.48    0.78  -63.60  170.93   23.75
   21        433E 433E N   CA   3375 3376  149.63  142.50                  -40.30
   22  12574 433E 434G C   N    3382 3384   72.59   78.70    8.70    0.46   82.20  179.47    8.23
   22        434G 434G N   CA   3384 3385 -172.29 -166.10                    8.50
   23  12575 434G 435E C   N    3386 3388  -74.37  -69.30    6.10    0.35  -63.60  174.14   23.81
   23        435E 435E N   CA   3388 3389  145.89  142.50                  -40.30
   24  12576 435E 436L C   N    3395 3397  -69.85  -70.70   24.46    1.82  -63.50  158.49   21.65
   24        436L 436L N   CA   3397 3398  117.16  141.60                  -41.20
   25  12577 436L 437E C   N    3403 3405 -148.76 -117.80   31.04    1.19  -63.60 -165.47   22.59
   25        437E 437E N   CA   3405 3406  134.60  136.80                  -40.30
   26  12578 437E 438G C   N    3412 3414   58.25   78.70   36.39    0.60   82.20  146.48    8.29
   26        438G 438G N   CA   3414 3415 -136.00 -166.10                    8.50
   27  12579 438G 439G C   N    3416 3418 -119.37  -80.20   69.25    4.56   82.20 -167.99   15.00
   27        439G 439G N   CA   3418 3419  116.99  174.10                    8.50
   28  12581 440V 441E C   N    3427 3429 -150.96 -117.80   35.88    1.06  -63.60 -169.57   30.26
   28        441E 441E N   CA   3429 3430  150.50  136.80                  -40.30
   29  12582 441E 442N C   N    3436 3438  -95.06 -119.90   46.99    1.51  -63.20  141.84   16.18
   29        442N 442N N   CA   3438 3439   97.11  137.00                  -41.10
   30  12583 442N 443D C   N    3444 3446  161.63  -96.50  121.12    5.03  -63.30 -165.27   32.27
   30        443D 443D N   CA   3446 3447  179.72  114.20                  -40.00
   31  12584 443D 444T C   N    3452 3454  -97.22 -124.80   46.17    1.43  -63.20  152.41   17.51
   31        444T 444T N   CA   3454 3455  106.46  143.50                  -42.10
   32  12585 444T 445Y C   N    3459 3461 -143.11 -124.30   33.58    1.34  -63.50  172.80   31.29
   32        445Y 445Y N   CA   3461 3462  163.22  135.40                  -43.40
   33  12586 445Y 446A C   N    3471 3473  -65.81  -68.20    4.95    0.47  -62.50  169.49   27.94
   33        446A 446A N   CA   3473 3474  149.64  145.30                  -40.90
   34  12587 446A 447E C   N    3476 3478  -92.72  -69.30   26.88    1.58  -63.60  166.58   23.85
   34        447E 447E N   CA   3478 3479  155.68  142.50                  -40.30
   35  12588 447E 448E C   N    3485 3487 -118.17 -117.80   46.65    2.34  -63.60  146.78   22.65
   35        448E 448E N   CA   3487 3488 -176.55  136.80                  -40.30


report______> Distribution of short non-bonded contacts:


DISTANCE1:  0.00 2.10 2.20 2.30 2.40 2.50 2.60 2.70 2.80 2.90 3.00 3.10 3.20 3.30 3.40
DISTANCE2:  2.10 2.20 2.30 2.40 2.50 2.60 2.70 2.80 2.90 3.00 3.10 3.20 3.30 3.40 3.50
FREQUENCY:     0    0    0    0    0   11   50  108  191  310  329  362  496  538  570


<< end of ENERGY.
iupac_m_397W> Atoms were not swapped because of the uncertainty of how to handle the H atom.
>> Model assessment by DOPE potential
iatmcls_286W> MODEL atom not classified:  GLN:OXT  GLN


>> ENERGY; Differences between the model's features and restraints:
Number of all residues in MODEL                   :      449
Number of all, selected real atoms                :     3505    3505
Number of all, selected pseudo atoms              :        0       0
Number of all static, selected restraints         :    43466   43466
COVALENT_CYS                                      :        F
NONBONDED_SEL_ATOMS                               :        1
Number of non-bonded pairs (excluding 1-2,1-3,1-4):   739167
Dynamic pairs routine                             : 1, NATM x NATM double loop
Atomic shift for contacts update (UPDATE_DYNAMIC) :    0.390
LENNARD_JONES_SWITCH                              :    6.500   7.500
COULOMB_JONES_SWITCH                              :    6.500   7.500
RESIDUE_SPAN_RANGE                                :        1    9999
NLOGN_USE                                         :       15
CONTACT_SHELL                                     :   15.000
DYNAMIC_PAIRS,_SPHERE,_COULOMB,_LENNARD,_MODELLER :        T       F       F       F       T
SPHERE_STDV                                       :    0.050
RADII_FACTOR                                      :    0.820
Current energy                                    :      -53055.3086




<< end of ENERGY.
DOPE score               : -53055.308594
>> Model assessment by GA341 potential

Surface library          : C:\Program Files (x86)\Modeller9.17/modlib/surf5.de
Pair library             : C:\Program Files (x86)\Modeller9.17/modlib/pair9.de
Chain identifier         : _
% sequence identity      :    92.162003
Sequence length          :          449
Compactness              :     0.093045
Native energy (pair)     :  -359.056528
Native energy (surface)  :   -26.033513
Native energy (combined) :   -10.164748
Z score (pair)           :    -8.783631
Z score (surface)        :    -9.056362
Z score (combined)       :   -11.517243
GA341 score              :     1.000000



>> ENERGY; Differences between the model's features and restraints:
Number of all residues in MODEL                   :      449
Number of all, selected real atoms                :     3505    3505
Number of all, selected pseudo atoms              :        0       0
Number of all static, selected restraints         :    43466   43466
COVALENT_CYS                                      :        F
NONBONDED_SEL_ATOMS                               :        1
Number of non-bonded pairs (excluding 1-2,1-3,1-4):     7337
Dynamic pairs routine                             : 2, NATM x NATM cell sorting
Atomic shift for contacts update (UPDATE_DYNAMIC) :    0.390
LENNARD_JONES_SWITCH                              :    6.500   7.500
COULOMB_JONES_SWITCH                              :    6.500   7.500
RESIDUE_SPAN_RANGE                                :        0   99999
NLOGN_USE                                         :       15
CONTACT_SHELL                                     :    4.000
DYNAMIC_PAIRS,_SPHERE,_COULOMB,_LENNARD,_MODELLER :        T       T       F       F       F
SPHERE_STDV                                       :    0.050
RADII_FACTOR                                      :    0.820
Current energy                                    :        2550.1709





Summary of the restraint violations: 

   NUM     ... number of restraints.
   NUMVI   ... number of restraints with RVIOL > VIOL_REPORT_CUT[i].
   RVIOL   ... relative difference from the best value.
   NUMVP   ... number of restraints with -Ln(pdf) > VIOL_REPORT_CUT2[i].
   RMS_1   ... RMS(feature, minimally_violated_basis_restraint, NUMB).
   RMS_2   ... RMS(feature, best_value, NUMB).
   MOL.PDF ... scaled contribution to -Ln(Molecular pdf).

 #                     RESTRAINT_GROUP      NUM   NUMVI  NUMVP   RMS_1   RMS_2         MOL.PDF     S_i
------------------------------------------------------------------------------------------------------
 1 Bond length potential              :    3579       0      1   0.006   0.006      32.053       1.000
 2 Bond angle potential               :    4846       1      9   1.890   1.890      341.34       1.000
 3 Stereochemical cosine torsion poten:    2225       0     62  47.449  47.449      777.10       1.000
 4 Stereochemical improper torsion pot:    1491       0      0   1.167   1.167      50.131       1.000
 5 Soft-sphere overlap restraints     :    7337       0      0   0.001   0.001      1.4600       1.000
 6 Lennard-Jones 6-12 potential       :       0       0      0   0.000   0.000      0.0000       1.000
 7 Coulomb point-point electrostatic p:       0       0      0   0.000   0.000      0.0000       1.000
 8 H-bonding potential                :       0       0      0   0.000   0.000      0.0000       1.000
 9 Distance restraints 1 (CA-CA)      :    9746       7     14   0.191   0.191      248.26       1.000
10 Distance restraints 2 (N-O)        :    9455       7     26   0.239   0.239      401.87       1.000
11 Mainchain Phi dihedral restraints  :       0       0      0   0.000   0.000      0.0000       1.000
12 Mainchain Psi dihedral restraints  :       0       0      0   0.000   0.000      0.0000       1.000
13 Mainchain Omega dihedral restraints:     448       1      0   9.281   9.281      73.505       1.000
14 Sidechain Chi_1 dihedral restraints:     376       0      2  51.124  51.124      13.227       1.000
15 Sidechain Chi_2 dihedral restraints:     282       0      1  51.352  51.352      69.430       1.000
16 Sidechain Chi_3 dihedral restraints:     133       0      0  69.339  69.339      85.448       1.000
17 Sidechain Chi_4 dihedral restraints:      38       0      0 107.989 107.989      27.432       1.000
18 Disulfide distance restraints      :       0       0      0   0.000   0.000      0.0000       1.000
19 Disulfide angle restraints         :       0       0      0   0.000   0.000      0.0000       1.000
20 Disulfide dihedral angle restraints:       0       0      0   0.000   0.000      0.0000       1.000
21 Lower bound distance restraints    :       0       0      0   0.000   0.000      0.0000       1.000
22 Upper bound distance restraints    :       0       0      0   0.000   0.000      0.0000       1.000
23 Distance restraints 3 (SDCH-MNCH)  :    6384       0      0   0.311   0.311      115.70       1.000
24 Sidechain Chi_5 dihedral restraints:       0       0      0   0.000   0.000      0.0000       1.000
25 Phi/Psi pair of dihedral restraints:     447      34     41  22.780  48.065      95.374       1.000
26 Distance restraints 4 (SDCH-SDCH)  :    4016       0      0   0.636   0.636      217.84       1.000
27 Distance restraints 5 (X-Y)        :       0       0      0   0.000   0.000      0.0000       1.000
28 NMR distance restraints 6 (X-Y)    :       0       0      0   0.000   0.000      0.0000       1.000
29 NMR distance restraints 7 (X-Y)    :       0       0      0   0.000   0.000      0.0000       1.000
30 Minimal distance restraints        :       0       0      0   0.000   0.000      0.0000       1.000
31 Non-bonded restraints              :       0       0      0   0.000   0.000      0.0000       1.000
32 Atomic accessibility restraints    :       0       0      0   0.000   0.000      0.0000       1.000
33 Atomic density restraints          :       0       0      0   0.000   0.000      0.0000       1.000
34 Absolute position restraints       :       0       0      0   0.000   0.000      0.0000       1.000
35 Dihedral angle difference restraint:       0       0      0   0.000   0.000      0.0000       1.000
36 GBSA implicit solvent potential    :       0       0      0   0.000   0.000      0.0000       1.000
37 EM density fitting potential       :       0       0      0   0.000   0.000      0.0000       1.000
38 SAXS restraints                    :       0       0      0   0.000   0.000      0.0000       1.000
39 Symmetry restraints                :       0       0      0   0.000   0.000      0.0000       1.000



# Heavy relative violation of each residue is written to: W2T758.V99990005
# The profile is NOT normalized by the number of restraints.
# The profiles are smoothed over a window of residues:    1
# The sum of all numbers in the file:   39173.4922



List of the violated restraints:
   A restraint is violated when the relative difference
   from the best value (RVIOL) is larger than CUTOFF.

   ICSR   ... index of a restraint in the current set.
   RESNO  ... residue numbers of the first two atoms.
   ATM    ... IUPAC atom names of the first two atoms.
   FEAT   ... the value of the feature in the model.
   restr  ... the mean of the basis restraint with the smallest
              difference from the model (local minimum).
   viol   ... difference from the local minimum.
   rviol  ... relative difference from the local minimum.
   RESTR  ... the best value (global minimum).
   VIOL   ... difference from the best value.
   RVIOL  ... relative difference from the best value.


-------------------------------------------------------------------------------------------------

Feature  2                           : Bond angle potential                    
List of the RVIOL violations larger than   :       4.5000

    #   ICSR  RESNO1/2 ATM1/2   INDATM1/2    FEAT   restr    viol   rviol   RESTR    VIOL   RVIOL
    1   6507 273L 274S C   N    2105 2107  143.56  120.00   23.56    5.35  120.00   23.56    5.35

-------------------------------------------------------------------------------------------------

Feature  9                           : Distance restraints 1 (CA-CA)           
List of the RVIOL violations larger than   :       4.5000

    #   ICSR  RESNO1/2 ATM1/2   INDATM1/2    FEAT   restr    viol   rviol   RESTR    VIOL   RVIOL
    1  21431 274S 320R CA  CA   2108 2458   14.18   11.57    2.61    4.61   11.57    2.61    4.61
    2  21432 274S 321M CA  CA   2108 2469   13.81   10.24    3.57    7.37   10.24    3.57    7.37
    3  21433 274S 322S CA  CA   2108 2477   16.70   12.42    4.28    8.13   12.42    4.28    8.13
    4  21434 274S 325E CA  CA   2108 2502   17.33   13.04    4.29    8.25   13.04    4.29    8.25
    5  21435 274S 326V CA  CA   2108 2511   16.08   13.04    3.04    6.35   13.04    3.04    6.35

-------------------------------------------------------------------------------------------------

Feature 10                           : Distance restraints 2 (N-O)             
List of the RVIOL violations larger than   :       4.5000

    #   ICSR  RESNO1/2 ATM1/2   INDATM1/2    FEAT   restr    viol   rviol   RESTR    VIOL   RVIOL
    1  29070 231V 359R N   O    1772 2782   11.85    9.16    2.69    4.86    9.16    2.69    4.86
    2  29094 232T 359R N   O    1779 2782   13.32   10.74    2.58    4.72   10.74    2.58    4.72
    3  30078 274S 319G N   O    2107 2456   14.27   10.99    3.27    5.77   10.99    3.27    5.77
    4  30079 274S 320R N   O    2107 2467   13.95    9.28    4.67    7.87    9.28    4.67    7.87
    5  30082 274S 362K N   O    2107 2803   10.67    7.68    2.98    5.50    7.68    2.98    5.50
    6  30977 321M 274S N   O    2468 2112   12.35    8.75    3.60    6.91    8.75    3.60    6.91
    7  30995 322S 274S N   O    2476 2112   13.58    8.98    4.59    8.49    8.98    4.59    8.49

-------------------------------------------------------------------------------------------------

Feature 25                           : Phi/Psi pair of dihedral restraints     
List of the RVIOL violations larger than   :       6.5000

    #   ICSR  RESNO1/2 ATM1/2   INDATM1/2    FEAT   restr    viol   rviol   RESTR    VIOL   RVIOL
    1  12195  54A  55N C   N     431  433  -64.68  -63.20    5.80    0.81  -71.20  170.62   11.12
    1         55N  55N N   CA    433  434  -46.71  -41.10                  142.80
    2  12196  55N  56G C   N     439  441  -55.91  -62.40   27.06    4.38   82.20  140.09   10.15
    2         56G  56G N   CA    441  442  -14.93  -41.20                    8.50
    3  12202  61P  62R C   N     482  484  -77.47  -63.00   60.51    7.31  -63.00   60.51    7.31
    3         62R  62R N   CA    484  485   17.66  -41.10                  -41.10
    4  12210  69E  70P C   N     545  547  -75.92  -64.50   43.38    2.71  -58.70  141.51   13.11
    4         70P  70P N   CA    547  548 -170.95  147.20                  -30.50
    5  12211  70P  71G C   N     552  554  102.80   82.20   75.70    2.66  -62.40  166.81   28.77
    5         71G  71G N   CA    554  555  -64.35    8.50                  -41.20
    6  12335 194E 195N C   N    1480 1482 -121.22  -63.20   86.26    9.51  -63.20   86.26    9.51
    6        195N 195N N   CA   1482 1483   22.73  -41.10                  -41.10
    7  12384 243P 244G C   N    1866 1868  -77.47  -62.40   45.41    7.58  -62.40   45.41    7.58
    7        244G 244G N   CA   1868 1869  -84.03  -41.20                  -41.20
    8  12414 273L 274S C   N    2105 2107 -154.89  -64.10  107.59   10.40 -136.60  129.77    6.92
    8        274S 274S N   CA   2107 2108   22.73  -35.00                  151.20
    9  12415 274S 275A C   N    2111 2113 -147.56 -134.00   41.89    1.98  -62.50  157.42   30.31
    9        275A 275A N   CA   2113 2114 -173.36  147.00                  -40.90
   10  12416 275A 276K C   N    2116 2118  -55.98  -70.20   25.17    2.09  -62.90  158.19   20.17
   10        276K 276K N   CA   2118 2119  161.16  140.40                  -40.80
   11  12418 277G 278A C   N    2129 2131  -80.62  -68.20   33.33    2.26  -62.50  144.01   24.53
   11        278A 278A N   CA   2131 2132  176.23  145.30                  -40.90
   12  12420 279Q 280A C   N    2143 2145  -69.02  -68.20   16.95    1.40  -62.50  169.39   27.45
   12        280A 280A N   CA   2145 2146  128.37  145.30                  -40.90
   13  12422 281Y 282R C   N    2160 2162  -74.10  -72.10    9.94    0.72  -63.00  167.63   23.40
   13        282R 282R N   CA   2162 2163  151.64  141.90                  -41.10
   14  12423 282R 283A C   N    2171 2173  -61.74  -68.20    6.53    0.58  -62.50  172.89   28.30
   14        283A 283A N   CA   2173 2174  146.21  145.30                  -40.90
   15  12424 283A 284L C   N    2176 2178  -74.24  -70.70   11.75    1.03  -63.50  171.93   23.28
   15        284L 284L N   CA   2178 2179  130.40  141.60                  -41.20
   16  12438 297K 298N C   N    2286 2288  -95.61  -63.20   79.28    8.60  -63.20   79.28    8.60
   16        298N 298N N   CA   2288 2289   31.25  -41.10                  -41.10
   17  12477 336K 337N C   N    2595 2597 -118.22 -119.90   77.61    3.49  -63.20  114.59   12.33
   17        337N 337N N   CA   2597 2598   59.41  137.00                  -41.10
   18  12499 358P 359R C   N    2770 2772  -56.87  -63.00   31.02    3.81  -72.10  147.38   11.66
   18        359R 359R N   CA   2772 2773  -71.51  -41.10                  141.90
   19  12500 359R 360G C   N    2781 2783  -70.55  -62.40    9.92    1.47   82.20  158.98   11.94
   19        360G 360G N   CA   2783 2784  -35.56  -41.20                    8.50
   20  12571 430A 431D C   N    3357 3359  -93.54  -96.50   34.08    1.43  -63.30  123.99   13.75
   20        431D 431D N   CA   3359 3360   80.25  114.20                  -40.00
   21  12572 431D 432D C   N    3365 3367  -76.02  -70.90   22.78    0.89  -63.30  148.06   19.07
   21        432D 432D N   CA   3367 3368  172.49  150.30                  -40.00
   22  12573 432D 433E C   N    3373 3375  -72.45  -69.30   23.13    1.65  -63.60  154.54   21.09
   22        433E 433E N   CA   3375 3376  165.41  142.50                  -40.30
   23  12575 434G 435E C   N    3386 3388 -105.13 -117.80   12.73    0.50  -63.60 -176.89   22.39
   23        435E 435E N   CA   3388 3389  138.04  136.80                  -40.30
   24  12576 435E 436L C   N    3395 3397  -70.25  -70.70    3.58    0.25  -63.50  179.38   24.53
   24        436L 436L N   CA   3397 3398  138.05  141.60                  -41.20
   25  12577 436L 437E C   N    3403 3405  -79.82  -69.30   10.81    0.73  -63.60  175.45   24.30
   25        437E 437E N   CA   3405 3406  145.00  142.50                  -40.30
   26  12578 437E 438G C   N    3412 3414  -82.17  -80.20   30.81    1.31   82.20 -147.39    7.47
   26        438G 438G N   CA   3414 3415  143.35  174.10                    8.50
   27  12579 438G 439G C   N    3416 3418   68.72   78.70   12.80    0.70   82.20  177.90    7.95
   27        439G 439G N   CA   3418 3419 -174.11 -166.10                    8.50
   28  12581 440V 441E C   N    3427 3429  -86.35  -69.30   18.56    1.15  -63.60  171.39   24.13
   28        441E 441E N   CA   3429 3430  149.83  142.50                  -40.30
   29  12582 441E 442N C   N    3436 3438 -120.07 -119.90    2.10    0.09  -63.20 -171.41   26.82
   29        442N 442N N   CA   3438 3439  139.09  137.00                  -41.10
   30  12584 443D 444T C   N    3452 3454 -143.50 -124.80   34.74    1.08  -63.20  165.86   26.44
   30        444T 444T N   CA   3454 3455  172.78  143.50                  -42.10
   31  12585 444T 445Y C   N    3459 3461  -74.38  -98.40   24.72    1.05  -63.50  177.99   27.69
   31        445Y 445Y N   CA   3461 3462  134.26  128.40                  -43.40
   32  12586 445Y 446A C   N    3471 3473  -66.63  -68.20    5.37    0.38  -62.50  178.98   29.54
   32        446A 446A N   CA   3473 3474  140.17  145.30                  -40.90
   33  12587 446A 447E C   N    3476 3478 -155.59 -117.80   44.92    1.32  -63.60 -176.63   29.53
   33        447E 447E N   CA   3478 3479  161.08  136.80                  -40.30
   34  12588 447E 448E C   N    3485 3487  -73.95  -69.30    9.77    0.58  -63.60  168.92   23.10
   34        448E 448E N   CA   3487 3488  151.09  142.50                  -40.30


report______> Distribution of short non-bonded contacts:


DISTANCE1:  0.00 2.10 2.20 2.30 2.40 2.50 2.60 2.70 2.80 2.90 3.00 3.10 3.20 3.30 3.40
DISTANCE2:  2.10 2.20 2.30 2.40 2.50 2.60 2.70 2.80 2.90 3.00 3.10 3.20 3.30 3.40 3.50
FREQUENCY:     0    0    0    0    0   11   51  107  192  292  329  395  494  530  611


<< end of ENERGY.

>> Summary of successfully produced models:
Filename                          molpdf     DOPE score    GA341 score
----------------------------------------------------------------------
W2T758.B99990001.pdb          2642.68408   -52703.71875        1.00000
W2T758.B99990002.pdb          2614.13916   -52903.56250        1.00000
W2T758.B99990003.pdb          2478.50610   -52848.83594        1.00000
W2T758.B99990004.pdb          2537.23853   -52964.20312        1.00000
W2T758.B99990005.pdb          2550.17090   -53055.30859        1.00000

